[ 2017-03-21T17:51:00+08:00 ] 27.19.11.102 /education/
INFO: [ app_init ] --START--
INFO: Run Behavior\BuildLiteBehavior [ RunTime:0.000064s ]
INFO: [ app_init ] --END-- [ RunTime:0.004898s ]
INFO: [ app_begin ] --START--
INFO: Run Behavior\ReadHtmlCacheBehavior [ RunTime:0.003771s ]
INFO: [ app_begin ] --END-- [ RunTime:0.004009s ]
SQL: SHOW COLUMNS FROM `article1` [ RunTime:0.0548s ]
SQL: SELECT * FROM `article1` WHERE `type` = '教务通知' ORDER BY id desc LIMIT 7   [ RunTime:0.2166s ]
SQL: SELECT * FROM `article1` WHERE `type` = '专业特色' ORDER BY id desc LIMIT 10   [ RunTime:0.0207s ]
SQL: SELECT * FROM `article1` WHERE `type` = '质量工程' ORDER BY id desc LIMIT 5   [ RunTime:0.0199s ]
SQL: SELECT * FROM `article1` WHERE `type` = '教务要闻' ORDER BY id desc LIMIT 5   [ RunTime:0.0358s ]
INFO: [ view_parse ] --START--
INFO: [ template_filter ] --START--
INFO: Run Behavior\ContentReplaceBehavior [ RunTime:0.000270s ]
INFO: [ template_filter ] --END-- [ RunTime:0.000644s ]
INFO: Run Behavior\ParseTemplateBehavior [ RunTime:0.193685s ]
INFO: [ view_parse ] --END-- [ RunTime:0.194557s ]
INFO: [ view_filter ] --START--
INFO: Run Behavior\WriteHtmlCacheBehavior [ RunTime:0.013869s ]
INFO: [ view_filter ] --END-- [ RunTime:0.013999s ]
INFO: [ app_end ] --START--
INFO: Run Behavior\ShowPageTraceBehavior [ RunTime:0.031312s ]
INFO: [ app_end ] --END-- [ RunTime:0.031554s ]

[ 2017-03-21T17:58:08+08:00 ] 27.19.11.102 /education/
INFO: [ app_init ] --START--
INFO: Run Behavior\BuildLiteBehavior [ RunTime:0.000055s ]
INFO: [ app_init ] --END-- [ RunTime:0.005901s ]
INFO: [ app_begin ] --START--
INFO: Run Behavior\ReadHtmlCacheBehavior [ RunTime:0.017459s ]
INFO: [ app_begin ] --END-- [ RunTime:0.017575s ]
SQL: SHOW COLUMNS FROM `article1` [ RunTime:0.0094s ]
SQL: SELECT * FROM `article1` WHERE `type` = '教务通知' ORDER BY id desc LIMIT 7   [ RunTime:0.0039s ]
SQL: SELECT * FROM `article1` WHERE `type` = '专业特色' ORDER BY id desc LIMIT 10   [ RunTime:0.0019s ]
SQL: SELECT * FROM `article1` WHERE `type` = '质量工程' ORDER BY id desc LIMIT 5   [ RunTime:0.0022s ]
SQL: SELECT * FROM `article1` WHERE `type` = '教务要闻' ORDER BY id desc LIMIT 5   [ RunTime:0.0012s ]
INFO: [ view_parse ] --START--
INFO: [ template_filter ] --START--
INFO: Run Behavior\ContentReplaceBehavior [ RunTime:0.000319s ]
INFO: [ template_filter ] --END-- [ RunTime:0.000566s ]
INFO: Run Behavior\ParseTemplateBehavior [ RunTime:0.110553s ]
INFO: [ view_parse ] --END-- [ RunTime:0.111187s ]
INFO: [ view_filter ] --START--
INFO: Run Behavior\WriteHtmlCacheBehavior [ RunTime:0.007756s ]
INFO: [ view_filter ] --END-- [ RunTime:0.007857s ]
INFO: [ app_end ] --START--
INFO: Run Behavior\ShowPageTraceBehavior [ RunTime:0.070782s ]
INFO: [ app_end ] --END-- [ RunTime:0.071024s ]

[ 2017-03-21T18:02:05+08:00 ] 27.19.11.102 /education/
INFO: [ app_init ] --START--
INFO: Run Behavior\BuildLiteBehavior [ RunTime:0.000051s ]
INFO: [ app_init ] --END-- [ RunTime:0.013210s ]
INFO: [ app_begin ] --START--
INFO: Run Behavior\ReadHtmlCacheBehavior [ RunTime:0.006144s ]
INFO: [ app_begin ] --END-- [ RunTime:0.006372s ]
SQL: SHOW COLUMNS FROM `article1` [ RunTime:0.0469s ]
SQL: SELECT * FROM `article1` WHERE `type` = '教务通知' ORDER BY id desc LIMIT 7   [ RunTime:0.0330s ]
SQL: SELECT * FROM `article1` WHERE `type` = '专业特色' ORDER BY id desc LIMIT 10   [ RunTime:0.0023s ]
SQL: SELECT * FROM `article1` WHERE `type` = '质量工程' ORDER BY id desc LIMIT 5   [ RunTime:0.0014s ]
SQL: SELECT * FROM `article1` WHERE `type` = '教务要闻' ORDER BY id desc LIMIT 5   [ RunTime:0.0075s ]
INFO: [ view_parse ] --START--
INFO: [ template_filter ] --START--
INFO: Run Behavior\ContentReplaceBehavior [ RunTime:0.000888s ]
INFO: [ template_filter ] --END-- [ RunTime:0.001096s ]
INFO: Run Behavior\ParseTemplateBehavior [ RunTime:0.128409s ]
INFO: [ view_parse ] --END-- [ RunTime:0.129706s ]
INFO: [ view_filter ] --START--
INFO: Run Behavior\WriteHtmlCacheBehavior [ RunTime:0.019728s ]
INFO: [ view_filter ] --END-- [ RunTime:0.019918s ]
INFO: [ app_end ] --START--
INFO: Run Behavior\ShowPageTraceBehavior [ RunTime:0.017482s ]
INFO: [ app_end ] --END-- [ RunTime:0.017725s ]

[ 2017-03-21T18:04:18+08:00 ] 27.19.11.102 /education/
INFO: [ app_init ] --START--
INFO: Run Behavior\BuildLiteBehavior [ RunTime:0.000046s ]
INFO: [ app_init ] --END-- [ RunTime:0.005960s ]
INFO: [ app_begin ] --START--
INFO: Run Behavior\ReadHtmlCacheBehavior [ RunTime:0.007512s ]
INFO: [ app_begin ] --END-- [ RunTime:0.007761s ]
SQL: SHOW COLUMNS FROM `article1` [ RunTime:0.0185s ]
SQL: SELECT * FROM `article1` WHERE `type` = '教务通知' ORDER BY id desc LIMIT 7   [ RunTime:0.0206s ]
SQL: SELECT * FROM `article1` WHERE `type` = '专业特色' ORDER BY id desc LIMIT 10   [ RunTime:0.0043s ]
SQL: SELECT * FROM `article1` WHERE `type` = '质量工程' ORDER BY id desc LIMIT 5   [ RunTime:0.0007s ]
SQL: SELECT * FROM `article1` WHERE `type` = '教务要闻' ORDER BY id desc LIMIT 5   [ RunTime:0.0006s ]
INFO: [ view_parse ] --START--
INFO: [ template_filter ] --START--
INFO: Run Behavior\ContentReplaceBehavior [ RunTime:0.001394s ]
INFO: [ template_filter ] --END-- [ RunTime:0.002065s ]
INFO: Run Behavior\ParseTemplateBehavior [ RunTime:0.084077s ]
INFO: [ view_parse ] --END-- [ RunTime:0.084538s ]
INFO: [ view_filter ] --START--
INFO: Run Behavior\WriteHtmlCacheBehavior [ RunTime:0.003356s ]
INFO: [ view_filter ] --END-- [ RunTime:0.003530s ]
INFO: [ app_end ] --START--
INFO: Run Behavior\ShowPageTraceBehavior [ RunTime:0.006481s ]
INFO: [ app_end ] --END-- [ RunTime:0.006672s ]

[ 2017-03-21T18:15:32+08:00 ] 27.19.11.102 /education/
INFO: [ app_init ] --START--
INFO: Run Behavior\BuildLiteBehavior [ RunTime:0.000050s ]
INFO: [ app_init ] --END-- [ RunTime:0.009730s ]
INFO: [ app_begin ] --START--
INFO: Run Behavior\ReadHtmlCacheBehavior [ RunTime:0.003200s ]
INFO: [ app_begin ] --END-- [ RunTime:0.003505s ]
SQL: SHOW COLUMNS FROM `article1` [ RunTime:0.0147s ]
SQL: SELECT * FROM `article1` WHERE `type` = '教务通知' ORDER BY id desc LIMIT 7   [ RunTime:0.0249s ]
SQL: SELECT * FROM `article1` WHERE `type` = '专业特色' ORDER BY id desc LIMIT 10   [ RunTime:0.0228s ]
SQL: SELECT * FROM `article1` WHERE `type` = '质量工程' ORDER BY id desc LIMIT 5   [ RunTime:0.0084s ]
SQL: SELECT * FROM `article1` WHERE `type` = '教务要闻' ORDER BY id desc LIMIT 5   [ RunTime:0.0014s ]
INFO: [ view_parse ] --START--
INFO: [ template_filter ] --START--
INFO: Run Behavior\ContentReplaceBehavior [ RunTime:0.002615s ]
INFO: [ template_filter ] --END-- [ RunTime:0.005446s ]
INFO: Run Behavior\ParseTemplateBehavior [ RunTime:0.125322s ]
INFO: [ view_parse ] --END-- [ RunTime:0.125658s ]
INFO: [ view_filter ] --START--
INFO: Run Behavior\WriteHtmlCacheBehavior [ RunTime:0.016343s ]
INFO: [ view_filter ] --END-- [ RunTime:0.016546s ]
INFO: [ app_end ] --START--
INFO: Run Behavior\ShowPageTraceBehavior [ RunTime:0.002203s ]
INFO: [ app_end ] --END-- [ RunTime:0.003308s ]

[ 2017-03-21T18:16:39+08:00 ] 27.19.11.102 /education/
INFO: [ app_init ] --START--
INFO: Run Behavior\BuildLiteBehavior [ RunTime:0.000060s ]
INFO: [ app_init ] --END-- [ RunTime:0.012605s ]
INFO: [ app_begin ] --START--
INFO: Run Behavior\ReadHtmlCacheBehavior [ RunTime:0.007856s ]
INFO: [ app_begin ] --END-- [ RunTime:0.008323s ]
SQL: SHOW COLUMNS FROM `article1` [ RunTime:0.0710s ]
SQL: SELECT * FROM `article1` WHERE `type` = '教务通知' ORDER BY id desc LIMIT 7   [ RunTime:0.0224s ]
SQL: SELECT * FROM `article1` WHERE `type` = '专业特色' ORDER BY id desc LIMIT 10   [ RunTime:0.0258s ]
SQL: SELECT * FROM `article1` WHERE `type` = '质量工程' ORDER BY id desc LIMIT 5   [ RunTime:0.0114s ]
SQL: SELECT * FROM `article1` WHERE `type` = '教务要闻' ORDER BY id desc LIMIT 5   [ RunTime:0.0038s ]
INFO: [ view_parse ] --START--
INFO: [ template_filter ] --START--
INFO: Run Behavior\ContentReplaceBehavior [ RunTime:0.000547s ]
INFO: [ template_filter ] --END-- [ RunTime:0.000827s ]
INFO: Run Behavior\ParseTemplateBehavior [ RunTime:0.116792s ]
INFO: [ view_parse ] --END-- [ RunTime:0.117561s ]
INFO: [ view_filter ] --START--
INFO: Run Behavior\WriteHtmlCacheBehavior [ RunTime:0.004611s ]
INFO: [ view_filter ] --END-- [ RunTime:0.005010s ]
INFO: [ app_end ] --START--
INFO: Run Behavior\ShowPageTraceBehavior [ RunTime:0.035810s ]
INFO: [ app_end ] --END-- [ RunTime:0.036265s ]

[ 2017-03-21T18:16:49+08:00 ] 27.19.11.102 /education/
INFO: [ app_init ] --START--
INFO: Run Behavior\BuildLiteBehavior [ RunTime:0.000055s ]
INFO: [ app_init ] --END-- [ RunTime:0.019288s ]
INFO: [ app_begin ] --START--
INFO: Run Behavior\ReadHtmlCacheBehavior [ RunTime:0.017377s ]
INFO: [ app_begin ] --END-- [ RunTime:0.019563s ]
SQL: SHOW COLUMNS FROM `article1` [ RunTime:0.0064s ]
SQL: SELECT * FROM `article1` WHERE `type` = '教务通知' ORDER BY id desc LIMIT 7   [ RunTime:0.0342s ]
SQL: SELECT * FROM `article1` WHERE `type` = '专业特色' ORDER BY id desc LIMIT 10   [ RunTime:0.0189s ]
SQL: SELECT * FROM `article1` WHERE `type` = '质量工程' ORDER BY id desc LIMIT 5   [ RunTime:0.0168s ]
SQL: SELECT * FROM `article1` WHERE `type` = '教务要闻' ORDER BY id desc LIMIT 5   [ RunTime:0.0049s ]
INFO: [ view_parse ] --START--
INFO: [ template_filter ] --START--
INFO: Run Behavior\ContentReplaceBehavior [ RunTime:0.000408s ]
INFO: [ template_filter ] --END-- [ RunTime:0.000698s ]
INFO: Run Behavior\ParseTemplateBehavior [ RunTime:0.116205s ]
INFO: [ view_parse ] --END-- [ RunTime:0.116431s ]
INFO: [ view_filter ] --START--
INFO: Run Behavior\WriteHtmlCacheBehavior [ RunTime:0.010556s ]
INFO: [ view_filter ] --END-- [ RunTime:0.010750s ]
INFO: [ app_end ] --START--
INFO: Run Behavior\ShowPageTraceBehavior [ RunTime:0.014556s ]
INFO: [ app_end ] --END-- [ RunTime:0.015024s ]

[ 2017-03-21T18:17:59+08:00 ] 27.19.11.102 /education/
INFO: [ app_init ] --START--
INFO: Run Behavior\BuildLiteBehavior [ RunTime:0.000007s ]
INFO: [ app_init ] --END-- [ RunTime:0.028613s ]
INFO: [ app_begin ] --START--
INFO: Run Behavior\ReadHtmlCacheBehavior [ RunTime:0.014302s ]
INFO: [ app_begin ] --END-- [ RunTime:0.014760s ]
SQL: SHOW COLUMNS FROM `article1` [ RunTime:0.0062s ]
SQL: SELECT * FROM `article1` WHERE `type` = '教务通知' ORDER BY id desc LIMIT 7   [ RunTime:0.0283s ]
SQL: SELECT * FROM `article1` WHERE `type` = '专业特色' ORDER BY id desc LIMIT 10   [ RunTime:0.0292s ]
SQL: SELECT * FROM `article1` WHERE `type` = '质量工程' ORDER BY id desc LIMIT 5   [ RunTime:0.0263s ]
SQL: SELECT * FROM `article1` WHERE `type` = '教务要闻' ORDER BY id desc LIMIT 5   [ RunTime:0.0051s ]
INFO: [ view_parse ] --START--
INFO: [ template_filter ] --START--
INFO: Run Behavior\ContentReplaceBehavior [ RunTime:0.000481s ]
INFO: [ template_filter ] --END-- [ RunTime:0.000758s ]
INFO: Run Behavior\ParseTemplateBehavior [ RunTime:0.107929s ]
INFO: [ view_parse ] --END-- [ RunTime:0.108219s ]
INFO: [ view_filter ] --START--
INFO: Run Behavior\WriteHtmlCacheBehavior [ RunTime:0.010754s ]
INFO: [ view_filter ] --END-- [ RunTime:0.010927s ]
INFO: [ app_end ] --START--
INFO: Run Behavior\ShowPageTraceBehavior [ RunTime:0.009281s ]
INFO: [ app_end ] --END-- [ RunTime:0.025862s ]

[ 2017-03-21T18:18:34+08:00 ] 27.19.11.102 /education/
INFO: [ app_init ] --START--
INFO: Run Behavior\BuildLiteBehavior [ RunTime:0.000049s ]
INFO: [ app_init ] --END-- [ RunTime:0.006850s ]
INFO: [ app_begin ] --START--
INFO: Run Behavior\ReadHtmlCacheBehavior [ RunTime:0.014931s ]
INFO: [ app_begin ] --END-- [ RunTime:0.017605s ]
SQL: SHOW COLUMNS FROM `article1` [ RunTime:0.0118s ]
SQL: SELECT * FROM `article1` WHERE `type` = '教务通知' ORDER BY id desc LIMIT 7   [ RunTime:0.0255s ]
SQL: SELECT * FROM `article1` WHERE `type` = '专业特色' ORDER BY id desc LIMIT 10   [ RunTime:0.0375s ]
SQL: SELECT * FROM `article1` WHERE `type` = '质量工程' ORDER BY id desc LIMIT 5   [ RunTime:0.0311s ]
SQL: SELECT * FROM `article1` WHERE `type` = '教务要闻' ORDER BY id desc LIMIT 5   [ RunTime:0.0058s ]
INFO: [ view_parse ] --START--
INFO: [ template_filter ] --START--
INFO: Run Behavior\ContentReplaceBehavior [ RunTime:0.000346s ]
INFO: [ template_filter ] --END-- [ RunTime:0.000577s ]
INFO: Run Behavior\ParseTemplateBehavior [ RunTime:0.121427s ]
INFO: [ view_parse ] --END-- [ RunTime:0.121708s ]
INFO: [ view_filter ] --START--
INFO: Run Behavior\WriteHtmlCacheBehavior [ RunTime:0.016905s ]
INFO: [ view_filter ] --END-- [ RunTime:0.017083s ]
INFO: [ app_end ] --START--
INFO: Run Behavior\ShowPageTraceBehavior [ RunTime:0.008364s ]
INFO: [ app_end ] --END-- [ RunTime:0.008571s ]

[ 2017-03-21T18:19:18+08:00 ] 27.19.11.102 /education/
INFO: [ app_init ] --START--
INFO: Run Behavior\BuildLiteBehavior [ RunTime:0.000055s ]
INFO: [ app_init ] --END-- [ RunTime:0.023884s ]
INFO: [ app_begin ] --START--
INFO: Run Behavior\ReadHtmlCacheBehavior [ RunTime:0.012110s ]
INFO: [ app_begin ] --END-- [ RunTime:0.012249s ]
SQL: SHOW COLUMNS FROM `article1` [ RunTime:0.0188s ]
SQL: SELECT * FROM `article1` WHERE `type` = '教务通知' ORDER BY id desc LIMIT 7   [ RunTime:0.0353s ]
SQL: SELECT * FROM `article1` WHERE `type` = '专业特色' ORDER BY id desc LIMIT 10   [ RunTime:0.0373s ]
SQL: SELECT * FROM `article1` WHERE `type` = '质量工程' ORDER BY id desc LIMIT 5   [ RunTime:0.0492s ]
SQL: SELECT * FROM `article1` WHERE `type` = '教务要闻' ORDER BY id desc LIMIT 5   [ RunTime:0.0094s ]
INFO: [ view_parse ] --START--
INFO: [ template_filter ] --START--
INFO: Run Behavior\ContentReplaceBehavior [ RunTime:0.001462s ]
INFO: [ template_filter ] --END-- [ RunTime:0.001551s ]
INFO: Run Behavior\ParseTemplateBehavior [ RunTime:0.115255s ]
INFO: [ view_parse ] --END-- [ RunTime:0.115564s ]
INFO: [ view_filter ] --START--
INFO: Run Behavior\WriteHtmlCacheBehavior [ RunTime:0.011506s ]
INFO: [ view_filter ] --END-- [ RunTime:0.011643s ]
INFO: [ app_end ] --START--
INFO: Run Behavior\ShowPageTraceBehavior [ RunTime:0.008004s ]
INFO: [ app_end ] --END-- [ RunTime:0.008385s ]

[ 2017-03-21T18:21:39+08:00 ] 27.19.11.102 /education/
INFO: [ app_init ] --START--
INFO: Run Behavior\BuildLiteBehavior [ RunTime:0.000121s ]
INFO: [ app_init ] --END-- [ RunTime:0.030208s ]
INFO: [ app_begin ] --START--
INFO: Run Behavior\ReadHtmlCacheBehavior [ RunTime:0.038591s ]
INFO: [ app_begin ] --END-- [ RunTime:0.038947s ]
SQL: SHOW COLUMNS FROM `article1` [ RunTime:0.0093s ]
SQL: SELECT * FROM `article1` WHERE `type` = '教务通知' ORDER BY id desc LIMIT 7   [ RunTime:0.0384s ]
SQL: SELECT * FROM `article1` WHERE `type` = '专业特色' ORDER BY id desc LIMIT 10   [ RunTime:0.0356s ]
SQL: SELECT * FROM `article1` WHERE `type` = '质量工程' ORDER BY id desc LIMIT 5   [ RunTime:0.0566s ]
SQL: SELECT * FROM `article1` WHERE `type` = '教务要闻' ORDER BY id desc LIMIT 5   [ RunTime:0.0459s ]
INFO: [ view_parse ] --START--
INFO: [ template_filter ] --START--
INFO: Run Behavior\ContentReplaceBehavior [ RunTime:0.000410s ]
INFO: [ template_filter ] --END-- [ RunTime:0.001004s ]
INFO: Run Behavior\ParseTemplateBehavior [ RunTime:0.201034s ]
INFO: [ view_parse ] --END-- [ RunTime:0.201340s ]
INFO: [ view_filter ] --START--
INFO: Run Behavior\WriteHtmlCacheBehavior [ RunTime:0.004259s ]
INFO: [ view_filter ] --END-- [ RunTime:0.004639s ]
INFO: [ app_end ] --START--
INFO: Run Behavior\ShowPageTraceBehavior [ RunTime:0.009179s ]
INFO: [ app_end ] --END-- [ RunTime:0.009403s ]

[ 2017-03-21T18:22:15+08:00 ] 27.19.11.102 /education/
INFO: [ app_init ] --START--
INFO: Run Behavior\BuildLiteBehavior [ RunTime:0.000051s ]
INFO: [ app_init ] --END-- [ RunTime:0.012054s ]
INFO: [ app_begin ] --START--
INFO: Run Behavior\ReadHtmlCacheBehavior [ RunTime:0.026431s ]
INFO: [ app_begin ] --END-- [ RunTime:0.026665s ]
SQL: SHOW COLUMNS FROM `article1` [ RunTime:0.0090s ]
SQL: SELECT * FROM `article1` WHERE `type` = '教务通知' ORDER BY id desc LIMIT 7   [ RunTime:0.0638s ]
SQL: SELECT * FROM `article1` WHERE `type` = '专业特色' ORDER BY id desc LIMIT 10   [ RunTime:0.0357s ]
SQL: SELECT * FROM `article1` WHERE `type` = '质量工程' ORDER BY id desc LIMIT 5   [ RunTime:0.0470s ]
SQL: SELECT * FROM `article1` WHERE `type` = '教务要闻' ORDER BY id desc LIMIT 5   [ RunTime:0.0465s ]
INFO: [ view_parse ] --START--
INFO: [ template_filter ] --START--
INFO: Run Behavior\ContentReplaceBehavior [ RunTime:0.000282s ]
INFO: [ template_filter ] --END-- [ RunTime:0.000503s ]
INFO: Run Behavior\ParseTemplateBehavior [ RunTime:0.108733s ]
INFO: [ view_parse ] --END-- [ RunTime:0.108918s ]
INFO: [ view_filter ] --START--
INFO: Run Behavior\WriteHtmlCacheBehavior [ RunTime:0.011407s ]
INFO: [ view_filter ] --END-- [ RunTime:0.011579s ]
INFO: [ app_end ] --START--
INFO: Run Behavior\ShowPageTraceBehavior [ RunTime:0.006387s ]
INFO: [ app_end ] --END-- [ RunTime:0.006572s ]

[ 2017-03-21T18:22:18+08:00 ] 27.19.11.102 /education/index.php/Home/Web2/index
INFO: [ app_init ] --START--
INFO: Run Behavior\BuildLiteBehavior [ RunTime:0.000048s ]
INFO: [ app_init ] --END-- [ RunTime:0.005441s ]
INFO: [ app_begin ] --START--
INFO: Run Behavior\ReadHtmlCacheBehavior [ RunTime:0.013558s ]
INFO: [ app_begin ] --END-- [ RunTime:0.017099s ]
SQL: SHOW COLUMNS FROM `article2` [ RunTime:0.0164s ]
SQL: SELECT COUNT(*) AS tp_count FROM `article2` LIMIT 1   [ RunTime:0.0009s ]
SQL: SELECT * FROM `article2` ORDER BY id desc LIMIT 0,5   [ RunTime:0.0161s ]
INFO: [ view_parse ] --START--
INFO: [ template_filter ] --START--
INFO: Run Behavior\ContentReplaceBehavior [ RunTime:0.000177s ]
INFO: [ template_filter ] --END-- [ RunTime:0.000392s ]
INFO: Run Behavior\ParseTemplateBehavior [ RunTime:0.074602s ]
INFO: [ view_parse ] --END-- [ RunTime:0.074848s ]
INFO: [ view_filter ] --START--
INFO: Run Behavior\WriteHtmlCacheBehavior [ RunTime:0.007907s ]
INFO: [ view_filter ] --END-- [ RunTime:0.008074s ]
INFO: [ app_end ] --START--
INFO: Run Behavior\ShowPageTraceBehavior [ RunTime:0.007271s ]
INFO: [ app_end ] --END-- [ RunTime:0.007447s ]

[ 2017-03-21T18:22:22+08:00 ] 27.19.11.102 /education/index.php/Home/Web3/index
INFO: [ app_init ] --START--
INFO: Run Behavior\BuildLiteBehavior [ RunTime:0.001817s ]
INFO: [ app_init ] --END-- [ RunTime:0.016223s ]
INFO: [ app_begin ] --START--
INFO: Run Behavior\ReadHtmlCacheBehavior [ RunTime:0.021501s ]
INFO: [ app_begin ] --END-- [ RunTime:0.021756s ]
SQL: SHOW COLUMNS FROM `article3` [ RunTime:0.0183s ]
SQL: SELECT COUNT(*) AS tp_count FROM `article3` LIMIT 1   [ RunTime:0.0013s ]
SQL: SELECT * FROM `article3` ORDER BY id desc LIMIT 0,5   [ RunTime:0.0050s ]
INFO: [ view_parse ] --START--
INFO: [ template_filter ] --START--
INFO: Run Behavior\ContentReplaceBehavior [ RunTime:0.000179s ]
INFO: [ template_filter ] --END-- [ RunTime:0.000419s ]
INFO: Run Behavior\ParseTemplateBehavior [ RunTime:0.153315s ]
INFO: [ view_parse ] --END-- [ RunTime:0.153584s ]
INFO: [ view_filter ] --START--
INFO: Run Behavior\WriteHtmlCacheBehavior [ RunTime:0.009504s ]
INFO: [ view_filter ] --END-- [ RunTime:0.009805s ]
INFO: [ app_end ] --START--
INFO: Run Behavior\ShowPageTraceBehavior [ RunTime:0.014084s ]
INFO: [ app_end ] --END-- [ RunTime:0.014304s ]

[ 2017-03-21T18:22:30+08:00 ] 27.19.11.102 /education/index.php/Home/Web3/index/p/2.html
INFO: [ app_init ] --START--
INFO: Run Behavior\BuildLiteBehavior [ RunTime:0.000055s ]
INFO: [ app_init ] --END-- [ RunTime:0.022843s ]
INFO: [ app_begin ] --START--
INFO: Run Behavior\ReadHtmlCacheBehavior [ RunTime:0.023724s ]
INFO: [ app_begin ] --END-- [ RunTime:0.024177s ]
SQL: SHOW COLUMNS FROM `article3` [ RunTime:0.0144s ]
SQL: SELECT COUNT(*) AS tp_count FROM `article3` LIMIT 1   [ RunTime:0.0030s ]
SQL: SELECT * FROM `article3` ORDER BY id desc LIMIT 5,5   [ RunTime:0.0066s ]
INFO: [ view_parse ] --START--
INFO: [ template_filter ] --START--
INFO: Run Behavior\ContentReplaceBehavior [ RunTime:0.000189s ]
INFO: [ template_filter ] --END-- [ RunTime:0.000746s ]
INFO: Run Behavior\ParseTemplateBehavior [ RunTime:0.107769s ]
INFO: [ view_parse ] --END-- [ RunTime:0.108022s ]
INFO: [ view_filter ] --START--
INFO: Run Behavior\WriteHtmlCacheBehavior [ RunTime:0.023796s ]
INFO: [ view_filter ] --END-- [ RunTime:0.025117s ]
INFO: [ app_end ] --START--
INFO: Run Behavior\ShowPageTraceBehavior [ RunTime:0.019213s ]
INFO: [ app_end ] --END-- [ RunTime:0.020056s ]

[ 2017-03-21T18:22:36+08:00 ] 27.19.11.102 /education/index.php/Home/Web2/index
INFO: [ app_init ] --START--
INFO: Run Behavior\BuildLiteBehavior [ RunTime:0.000121s ]
INFO: [ app_init ] --END-- [ RunTime:0.013445s ]
INFO: [ app_begin ] --START--
INFO: Run Behavior\ReadHtmlCacheBehavior [ RunTime:0.014006s ]
INFO: [ app_begin ] --END-- [ RunTime:0.014262s ]
SQL: SHOW COLUMNS FROM `article2` [ RunTime:0.0071s ]
SQL: SELECT COUNT(*) AS tp_count FROM `article2` LIMIT 1   [ RunTime:0.0043s ]
SQL: SELECT * FROM `article2` ORDER BY id desc LIMIT 0,5   [ RunTime:0.0171s ]
INFO: [ view_parse ] --START--
INFO: [ template_filter ] --START--
INFO: Run Behavior\ContentReplaceBehavior [ RunTime:0.000320s ]
INFO: [ template_filter ] --END-- [ RunTime:0.000457s ]
INFO: Run Behavior\ParseTemplateBehavior [ RunTime:0.119860s ]
INFO: [ view_parse ] --END-- [ RunTime:0.120122s ]
INFO: [ view_filter ] --START--
INFO: Run Behavior\WriteHtmlCacheBehavior [ RunTime:0.016264s ]
INFO: [ view_filter ] --END-- [ RunTime:0.016826s ]
INFO: [ app_end ] --START--
INFO: Run Behavior\ShowPageTraceBehavior [ RunTime:0.013977s ]
INFO: [ app_end ] --END-- [ RunTime:0.014194s ]

[ 2017-03-21T18:22:39+08:00 ] 27.19.11.102 /education/index.php/Home/Web2/column/type/%E6%95%99%E6%94%B9%E4%B8%8E%E8%B4%A8%E9%87%8F%E5%8A%9E%E5%85%AC%E5%AE%A4
INFO: [ app_init ] --START--
INFO: Run Behavior\BuildLiteBehavior [ RunTime:0.000056s ]
INFO: [ app_init ] --END-- [ RunTime:0.014021s ]
INFO: [ app_begin ] --START--
INFO: Run Behavior\ReadHtmlCacheBehavior [ RunTime:0.006021s ]
INFO: [ app_begin ] --END-- [ RunTime:0.006258s ]
SQL: SHOW COLUMNS FROM `article2` [ RunTime:0.0112s ]
SQL: SELECT COUNT(*) AS tp_count FROM `article2` WHERE `type` = '教改与质量办公室' LIMIT 1   [ RunTime:0.0020s ]
SQL: SELECT * FROM `article2` WHERE `type` = '教改与质量办公室' ORDER BY id desc LIMIT 0,5   [ RunTime:0.0159s ]
INFO: [ view_parse ] --START--
INFO: [ template_filter ] --START--
INFO: Run Behavior\ContentReplaceBehavior [ RunTime:0.000214s ]
INFO: [ template_filter ] --END-- [ RunTime:0.000473s ]
INFO: Run Behavior\ParseTemplateBehavior [ RunTime:0.210915s ]
INFO: [ view_parse ] --END-- [ RunTime:0.211271s ]
INFO: [ view_filter ] --START--
INFO: Run Behavior\WriteHtmlCacheBehavior [ RunTime:0.012660s ]
INFO: [ view_filter ] --END-- [ RunTime:0.012811s ]
INFO: [ app_end ] --START--
INFO: Run Behavior\ShowPageTraceBehavior [ RunTime:0.028326s ]
INFO: [ app_end ] --END-- [ RunTime:0.030305s ]

[ 2017-03-21T18:22:41+08:00 ] 27.19.11.102 /education/index.php/Home/Web2/columnindex/id/5
INFO: [ app_init ] --START--
INFO: Run Behavior\BuildLiteBehavior [ RunTime:0.000057s ]
INFO: [ app_init ] --END-- [ RunTime:0.012359s ]
INFO: [ app_begin ] --START--
INFO: Run Behavior\ReadHtmlCacheBehavior [ RunTime:0.004580s ]
INFO: [ app_begin ] --END-- [ RunTime:0.004809s ]
SQL: SHOW COLUMNS FROM `article2` [ RunTime:0.0087s ]
SQL: SELECT * FROM `article2` WHERE `id` = 5 LIMIT 1   [ RunTime:0.0089s ]
INFO: [ view_parse ] --START--
INFO: [ template_filter ] --START--
INFO: Run Behavior\ContentReplaceBehavior [ RunTime:0.000309s ]
INFO: [ template_filter ] --END-- [ RunTime:0.000773s ]
NOTIC: [8] Undefined variable: blog E:\htdocs\education\Application\Runtime\Cache\Home\3838093a84acab5292d021371ad5047a.php 第 99 行.
INFO: Run Behavior\ParseTemplateBehavior [ RunTime:0.104182s ]
INFO: [ view_parse ] --END-- [ RunTime:0.104410s ]
INFO: [ view_filter ] --START--
INFO: Run Behavior\WriteHtmlCacheBehavior [ RunTime:0.005640s ]
INFO: [ view_filter ] --END-- [ RunTime:0.010997s ]
INFO: [ app_end ] --START--
INFO: Run Behavior\ShowPageTraceBehavior [ RunTime:0.008100s ]
INFO: [ app_end ] --END-- [ RunTime:0.008356s ]

[ 2017-03-21T18:22:44+08:00 ] 27.19.11.102 /education/index.php/Home/Web2/column/type/%E6%95%99%E6%94%B9%E4%B8%8E%E8%B4%A8%E9%87%8F%E5%8A%9E%E5%85%AC%E5%AE%A4
INFO: [ app_init ] --START--
INFO: Run Behavior\BuildLiteBehavior [ RunTime:0.000057s ]
INFO: [ app_init ] --END-- [ RunTime:0.014862s ]
INFO: [ app_begin ] --START--
INFO: Run Behavior\ReadHtmlCacheBehavior [ RunTime:0.010344s ]
INFO: [ app_begin ] --END-- [ RunTime:0.010765s ]
SQL: SHOW COLUMNS FROM `article2` [ RunTime:0.0116s ]
SQL: SELECT COUNT(*) AS tp_count FROM `article2` WHERE `type` = '教改与质量办公室' LIMIT 1   [ RunTime:0.0032s ]
SQL: SELECT * FROM `article2` WHERE `type` = '教改与质量办公室' ORDER BY id desc LIMIT 0,5   [ RunTime:0.0050s ]
INFO: [ view_parse ] --START--
INFO: [ template_filter ] --START--
INFO: Run Behavior\ContentReplaceBehavior [ RunTime:0.000482s ]
INFO: [ template_filter ] --END-- [ RunTime:0.000728s ]
INFO: Run Behavior\ParseTemplateBehavior [ RunTime:0.151492s ]
INFO: [ view_parse ] --END-- [ RunTime:0.151634s ]
INFO: [ view_filter ] --START--
INFO: Run Behavior\WriteHtmlCacheBehavior [ RunTime:0.012661s ]
INFO: [ view_filter ] --END-- [ RunTime:0.013032s ]
INFO: [ app_end ] --START--
INFO: Run Behavior\ShowPageTraceBehavior [ RunTime:0.014353s ]
INFO: [ app_end ] --END-- [ RunTime:0.014560s ]

[ 2017-03-21T18:22:55+08:00 ] 101.226.89.115 /education/index.php/Home/Web2/column/type/教改与质量办公室
INFO: [ app_init ] --START--
INFO: Run Behavior\BuildLiteBehavior [ RunTime:0.001118s ]
INFO: [ app_init ] --END-- [ RunTime:0.009073s ]
INFO: [ app_begin ] --START--
INFO: Run Behavior\ReadHtmlCacheBehavior [ RunTime:0.007350s ]
INFO: [ app_begin ] --END-- [ RunTime:0.007620s ]
SQL: SHOW COLUMNS FROM `article2` [ RunTime:0.0250s ]
SQL: SELECT COUNT(*) AS tp_count FROM `article2` WHERE `type` = '教改与质量办公室' LIMIT 1   [ RunTime:0.0024s ]
SQL: SELECT * FROM `article2` WHERE `type` = '教改与质量办公室' ORDER BY id desc LIMIT 0,5   [ RunTime:0.0036s ]
INFO: [ view_parse ] --START--
INFO: [ template_filter ] --START--
INFO: Run Behavior\ContentReplaceBehavior [ RunTime:0.000054s ]
INFO: [ template_filter ] --END-- [ RunTime:0.000161s ]
INFO: Run Behavior\ParseTemplateBehavior [ RunTime:0.118018s ]
INFO: [ view_parse ] --END-- [ RunTime:0.118238s ]
INFO: [ view_filter ] --START--
INFO: Run Behavior\WriteHtmlCacheBehavior [ RunTime:0.010578s ]
INFO: [ view_filter ] --END-- [ RunTime:0.010801s ]
INFO: [ app_end ] --START--
INFO: Run Behavior\ShowPageTraceBehavior [ RunTime:0.017836s ]
INFO: [ app_end ] --END-- [ RunTime:0.019022s ]

[ 2017-03-21T18:28:45+08:00 ] 27.19.11.102 /education/index.php/Home/Web2/column/type/%E6%95%99%E6%94%B9%E4%B8%8E%E8%B4%A8%E9%87%8F%E5%8A%9E%E5%85%AC%E5%AE%A4
INFO: [ app_init ] --START--
INFO: Run Behavior\BuildLiteBehavior [ RunTime:0.000002s ]
INFO: [ app_init ] --END-- [ RunTime:0.012393s ]
INFO: [ app_begin ] --START--
INFO: Run Behavior\ReadHtmlCacheBehavior [ RunTime:0.014457s ]
INFO: [ app_begin ] --END-- [ RunTime:0.014700s ]
SQL: SHOW COLUMNS FROM `article2` [ RunTime:0.0360s ]
SQL: SELECT COUNT(*) AS tp_count FROM `article2` WHERE `type` = '教改与质量办公室' LIMIT 1   [ RunTime:0.0015s ]
SQL: SELECT * FROM `article2` WHERE `type` = '教改与质量办公室' ORDER BY id desc LIMIT 0,5   [ RunTime:0.0075s ]
INFO: [ view_parse ] --START--
INFO: [ template_filter ] --START--
INFO: Run Behavior\ContentReplaceBehavior [ RunTime:0.000239s ]
INFO: [ template_filter ] --END-- [ RunTime:0.000585s ]
INFO: Run Behavior\ParseTemplateBehavior [ RunTime:0.084865s ]
INFO: [ view_parse ] --END-- [ RunTime:0.085402s ]
INFO: [ view_filter ] --START--
INFO: Run Behavior\WriteHtmlCacheBehavior [ RunTime:0.010795s ]
INFO: [ view_filter ] --END-- [ RunTime:0.010957s ]
INFO: [ app_end ] --START--
INFO: Run Behavior\ShowPageTraceBehavior [ RunTime:0.010860s ]
INFO: [ app_end ] --END-- [ RunTime:0.011052s ]

[ 2017-03-21T18:28:48+08:00 ] 27.19.11.102 /education/index.php/Home/Web2/index
INFO: [ app_init ] --START--
INFO: Run Behavior\BuildLiteBehavior [ RunTime:0.000062s ]
INFO: [ app_init ] --END-- [ RunTime:0.013264s ]
INFO: [ app_begin ] --START--
INFO: Run Behavior\ReadHtmlCacheBehavior [ RunTime:0.019526s ]
INFO: [ app_begin ] --END-- [ RunTime:0.020765s ]
SQL: SHOW COLUMNS FROM `article2` [ RunTime:0.0261s ]
SQL: SELECT COUNT(*) AS tp_count FROM `article2` LIMIT 1   [ RunTime:0.0044s ]
SQL: SELECT * FROM `article2` ORDER BY id desc LIMIT 0,5   [ RunTime:0.0096s ]
INFO: [ view_parse ] --START--
INFO: [ template_filter ] --START--
INFO: Run Behavior\ContentReplaceBehavior [ RunTime:0.000211s ]
INFO: [ template_filter ] --END-- [ RunTime:0.000532s ]
INFO: Run Behavior\ParseTemplateBehavior [ RunTime:0.088082s ]
INFO: [ view_parse ] --END-- [ RunTime:0.088521s ]
INFO: [ view_filter ] --START--
INFO: Run Behavior\WriteHtmlCacheBehavior [ RunTime:0.009746s ]
INFO: [ view_filter ] --END-- [ RunTime:0.009957s ]
INFO: [ app_end ] --START--
INFO: Run Behavior\ShowPageTraceBehavior [ RunTime:0.009007s ]
INFO: [ app_end ] --END-- [ RunTime:0.010127s ]

[ 2017-03-21T18:28:51+08:00 ] 27.19.11.102 /education/index.php/Home/Index/index
INFO: [ app_init ] --START--
INFO: Run Behavior\BuildLiteBehavior [ RunTime:0.000054s ]
INFO: [ app_init ] --END-- [ RunTime:0.011519s ]
INFO: [ app_begin ] --START--
INFO: Run Behavior\ReadHtmlCacheBehavior [ RunTime:0.011190s ]
INFO: [ app_begin ] --END-- [ RunTime:0.011455s ]
SQL: SHOW COLUMNS FROM `article1` [ RunTime:0.0068s ]
SQL: SELECT * FROM `article1` WHERE `type` = '教务通知' ORDER BY id desc LIMIT 7   [ RunTime:0.0582s ]
SQL: SELECT * FROM `article1` WHERE `type` = '专业特色' ORDER BY id desc LIMIT 10   [ RunTime:0.0769s ]
SQL: SELECT * FROM `article1` WHERE `type` = '质量工程' ORDER BY id desc LIMIT 5   [ RunTime:0.0397s ]
SQL: SELECT * FROM `article1` WHERE `type` = '教务要闻' ORDER BY id desc LIMIT 5   [ RunTime:0.0459s ]
INFO: [ view_parse ] --START--
INFO: [ template_filter ] --START--
INFO: Run Behavior\ContentReplaceBehavior [ RunTime:0.000287s ]
INFO: [ template_filter ] --END-- [ RunTime:0.000552s ]
INFO: Run Behavior\ParseTemplateBehavior [ RunTime:0.090435s ]
INFO: [ view_parse ] --END-- [ RunTime:0.090750s ]
INFO: [ view_filter ] --START--
INFO: Run Behavior\WriteHtmlCacheBehavior [ RunTime:0.008335s ]
INFO: [ view_filter ] --END-- [ RunTime:0.009607s ]
INFO: [ app_end ] --START--
INFO: Run Behavior\ShowPageTraceBehavior [ RunTime:0.009679s ]
INFO: [ app_end ] --END-- [ RunTime:0.009985s ]

[ 2017-03-21T18:28:52+08:00 ] 27.19.11.102 /education/index.php/Home/Web3/index
INFO: [ app_init ] --START--
INFO: Run Behavior\BuildLiteBehavior [ RunTime:0.000063s ]
INFO: [ app_init ] --END-- [ RunTime:0.030898s ]
INFO: [ app_begin ] --START--
INFO: Run Behavior\ReadHtmlCacheBehavior [ RunTime:0.008033s ]
INFO: [ app_begin ] --END-- [ RunTime:0.008317s ]
SQL: SHOW COLUMNS FROM `article3` [ RunTime:0.0070s ]
SQL: SELECT COUNT(*) AS tp_count FROM `article3` LIMIT 1   [ RunTime:0.0064s ]
SQL: SELECT * FROM `article3` ORDER BY id desc LIMIT 0,5   [ RunTime:0.0032s ]
INFO: [ view_parse ] --START--
INFO: [ template_filter ] --START--
INFO: Run Behavior\ContentReplaceBehavior [ RunTime:0.000259s ]
INFO: [ template_filter ] --END-- [ RunTime:0.000575s ]
INFO: Run Behavior\ParseTemplateBehavior [ RunTime:0.088286s ]
INFO: [ view_parse ] --END-- [ RunTime:0.088694s ]
INFO: [ view_filter ] --START--
INFO: Run Behavior\WriteHtmlCacheBehavior [ RunTime:0.001454s ]
INFO: [ view_filter ] --END-- [ RunTime:0.001743s ]
INFO: [ app_end ] --START--
INFO: Run Behavior\ShowPageTraceBehavior [ RunTime:0.007973s ]
INFO: [ app_end ] --END-- [ RunTime:0.009286s ]

[ 2017-03-21T18:28:55+08:00 ] 27.19.11.102 /education/index.php/Home/Web4/index
INFO: [ app_init ] --START--
INFO: Run Behavior\BuildLiteBehavior [ RunTime:0.000060s ]
INFO: [ app_init ] --END-- [ RunTime:0.007660s ]
INFO: [ app_begin ] --START--
INFO: Run Behavior\ReadHtmlCacheBehavior [ RunTime:0.023530s ]
INFO: [ app_begin ] --END-- [ RunTime:0.023850s ]
INFO: [ view_parse ] --START--
INFO: [ template_filter ] --START--
INFO: Run Behavior\ContentReplaceBehavior [ RunTime:0.000491s ]
INFO: [ template_filter ] --END-- [ RunTime:0.000899s ]
INFO: Run Behavior\ParseTemplateBehavior [ RunTime:0.109316s ]
INFO: [ view_parse ] --END-- [ RunTime:0.109833s ]
INFO: [ view_filter ] --START--
INFO: Run Behavior\WriteHtmlCacheBehavior [ RunTime:0.013270s ]
INFO: [ view_filter ] --END-- [ RunTime:0.013517s ]
INFO: [ app_end ] --START--
INFO: Run Behavior\ShowPageTraceBehavior [ RunTime:0.020698s ]
INFO: [ app_end ] --END-- [ RunTime:0.021003s ]

[ 2017-03-21T18:28:56+08:00 ] 27.19.11.102 /education/index.php/Home/Web5/index
INFO: [ app_init ] --START--
INFO: Run Behavior\BuildLiteBehavior [ RunTime:0.000055s ]
INFO: [ app_init ] --END-- [ RunTime:0.014626s ]
INFO: [ app_begin ] --START--
INFO: Run Behavior\ReadHtmlCacheBehavior [ RunTime:0.016034s ]
INFO: [ app_begin ] --END-- [ RunTime:0.016320s ]
SQL: SHOW COLUMNS FROM `article5` [ RunTime:0.0058s ]
SQL: SELECT COUNT(*) AS tp_count FROM `article5` LIMIT 1   [ RunTime:0.0019s ]
SQL: SELECT * FROM `article5` ORDER BY id desc LIMIT 0,7   [ RunTime:0.0104s ]
INFO: [ view_parse ] --START--
INFO: [ template_filter ] --START--
INFO: Run Behavior\ContentReplaceBehavior [ RunTime:0.000226s ]
INFO: [ template_filter ] --END-- [ RunTime:0.000448s ]
INFO: Run Behavior\ParseTemplateBehavior [ RunTime:0.083253s ]
INFO: [ view_parse ] --END-- [ RunTime:0.084187s ]
INFO: [ view_filter ] --START--
INFO: Run Behavior\WriteHtmlCacheBehavior [ RunTime:0.008534s ]
INFO: [ view_filter ] --END-- [ RunTime:0.009106s ]
INFO: [ app_end ] --START--
INFO: Run Behavior\ShowPageTraceBehavior [ RunTime:0.010571s ]
INFO: [ app_end ] --END-- [ RunTime:0.011096s ]

[ 2017-03-21T18:28:58+08:00 ] 27.19.11.102 /education/index.php/Home/Web6/index
INFO: [ app_init ] --START--
INFO: Run Behavior\BuildLiteBehavior [ RunTime:0.000060s ]
INFO: [ app_init ] --END-- [ RunTime:0.022484s ]
INFO: [ app_begin ] --START--
INFO: Run Behavior\ReadHtmlCacheBehavior [ RunTime:0.033462s ]
INFO: [ app_begin ] --END-- [ RunTime:0.033758s ]
SQL: SHOW COLUMNS FROM `article6` [ RunTime:0.0055s ]
SQL: SELECT COUNT(*) AS tp_count FROM `article6` LIMIT 1   [ RunTime:0.0008s ]
SQL: SELECT * FROM `article6` ORDER BY id desc LIMIT 0,7   [ RunTime:0.0596s ]
INFO: [ view_parse ] --START--
INFO: [ template_filter ] --START--
INFO: Run Behavior\ContentReplaceBehavior [ RunTime:0.000403s ]
INFO: [ template_filter ] --END-- [ RunTime:0.000661s ]
INFO: Run Behavior\ParseTemplateBehavior [ RunTime:0.119611s ]
INFO: [ view_parse ] --END-- [ RunTime:0.120572s ]
INFO: [ view_filter ] --START--
INFO: Run Behavior\WriteHtmlCacheBehavior [ RunTime:0.008931s ]
INFO: [ view_filter ] --END-- [ RunTime:0.009100s ]
INFO: [ app_end ] --START--
INFO: Run Behavior\ShowPageTraceBehavior [ RunTime:0.011236s ]
INFO: [ app_end ] --END-- [ RunTime:0.011458s ]

[ 2017-03-21T18:29:00+08:00 ] 27.19.11.102 /education/index.php/Home/Web7/index
INFO: [ app_init ] --START--
INFO: Run Behavior\BuildLiteBehavior [ RunTime:0.000051s ]
INFO: [ app_init ] --END-- [ RunTime:0.010512s ]
INFO: [ app_begin ] --START--
INFO: Run Behavior\ReadHtmlCacheBehavior [ RunTime:0.010493s ]
INFO: [ app_begin ] --END-- [ RunTime:0.010773s ]
SQL: SHOW COLUMNS FROM `article7` [ RunTime:0.0160s ]
SQL: SELECT COUNT(*) AS tp_count FROM `article7` LIMIT 1   [ RunTime:0.0006s ]
SQL: SELECT * FROM `article7` ORDER BY id desc LIMIT 0,5   [ RunTime:0.0021s ]
INFO: [ view_parse ] --START--
INFO: [ template_filter ] --START--
INFO: Run Behavior\ContentReplaceBehavior [ RunTime:0.000294s ]
INFO: [ template_filter ] --END-- [ RunTime:0.000549s ]
INFO: Run Behavior\ParseTemplateBehavior [ RunTime:0.108405s ]
INFO: [ view_parse ] --END-- [ RunTime:0.108715s ]
INFO: [ view_filter ] --START--
INFO: Run Behavior\WriteHtmlCacheBehavior [ RunTime:0.006856s ]
INFO: [ view_filter ] --END-- [ RunTime:0.006917s ]
INFO: [ app_end ] --START--
INFO: Run Behavior\ShowPageTraceBehavior [ RunTime:0.016416s ]
INFO: [ app_end ] --END-- [ RunTime:0.016605s ]

[ 2017-03-21T18:29:02+08:00 ] 27.19.11.102 /education/index.php/Home/Web7/column/type/%E6%95%99%E5%AD%A6%E7%AE%A1%E7%90%86%E4%B8%8E%E4%BF%A1%E6%81%AF%E5%8A%9E%E5%85%AC%E5%AE%A4.html
INFO: [ app_init ] --START--
INFO: Run Behavior\BuildLiteBehavior [ RunTime:0.000072s ]
INFO: [ app_init ] --END-- [ RunTime:0.005207s ]
INFO: [ app_begin ] --START--
INFO: Run Behavior\ReadHtmlCacheBehavior [ RunTime:0.010074s ]
INFO: [ app_begin ] --END-- [ RunTime:0.010379s ]
SQL: SHOW COLUMNS FROM `article7` [ RunTime:0.0074s ]
SQL: SELECT COUNT(*) AS tp_count FROM `article7` WHERE `type` = '教学管理与信息办公室' LIMIT 1   [ RunTime:0.0050s ]
SQL: SELECT * FROM `article7` WHERE `type` = '教学管理与信息办公室' ORDER BY id desc LIMIT 0,7   [ RunTime:0.0010s ]
INFO: [ view_parse ] --START--
INFO: [ template_filter ] --START--
INFO: Run Behavior\ContentReplaceBehavior [ RunTime:0.000212s ]
INFO: [ template_filter ] --END-- [ RunTime:0.000548s ]
INFO: Run Behavior\ParseTemplateBehavior [ RunTime:0.091054s ]
INFO: [ view_parse ] --END-- [ RunTime:0.091699s ]
INFO: [ view_filter ] --START--
INFO: Run Behavior\WriteHtmlCacheBehavior [ RunTime:0.012432s ]
INFO: [ view_filter ] --END-- [ RunTime:0.012646s ]
INFO: [ app_end ] --START--
INFO: Run Behavior\ShowPageTraceBehavior [ RunTime:0.006201s ]
INFO: [ app_end ] --END-- [ RunTime:0.006416s ]

[ 2017-03-21T18:29:04+08:00 ] 27.19.11.102 /education/index.php/Home/Web7/column/type/%E5%AD%A6%E7%B1%8D%E7%AE%A1%E7%90%86%E5%8A%9E%E5%85%AC%E5%AE%A4.html
INFO: [ app_init ] --START--
INFO: Run Behavior\BuildLiteBehavior [ RunTime:0.000051s ]
INFO: [ app_init ] --END-- [ RunTime:0.002911s ]
INFO: [ app_begin ] --START--
INFO: Run Behavior\ReadHtmlCacheBehavior [ RunTime:0.023824s ]
INFO: [ app_begin ] --END-- [ RunTime:0.024102s ]
SQL: SHOW COLUMNS FROM `article7` [ RunTime:0.0093s ]
SQL: SELECT COUNT(*) AS tp_count FROM `article7` WHERE `type` = '学籍管理办公室' LIMIT 1   [ RunTime:0.0082s ]
SQL: SELECT * FROM `article7` WHERE `type` = '学籍管理办公室' ORDER BY id desc LIMIT 0,7   [ RunTime:0.0013s ]
INFO: [ view_parse ] --START--
INFO: [ template_filter ] --START--
INFO: Run Behavior\ContentReplaceBehavior [ RunTime:0.000232s ]
INFO: [ template_filter ] --END-- [ RunTime:0.000554s ]
INFO: Run Behavior\ParseTemplateBehavior [ RunTime:0.097503s ]
INFO: [ view_parse ] --END-- [ RunTime:0.097988s ]
INFO: [ view_filter ] --START--
INFO: Run Behavior\WriteHtmlCacheBehavior [ RunTime:0.005835s ]
INFO: [ view_filter ] --END-- [ RunTime:0.005992s ]
INFO: [ app_end ] --START--
INFO: Run Behavior\ShowPageTraceBehavior [ RunTime:0.011720s ]
INFO: [ app_end ] --END-- [ RunTime:0.011914s ]

[ 2017-03-21T18:29:06+08:00 ] 27.19.11.102 /education/index.php/Home/Web7/column/type/%E6%95%99%E5%AD%A6%E6%94%B9%E9%9D%A9%E4%B8%8E%E8%B4%A8%E9%87%8F%E5%8A%9E%E5%85%AC%E5%AE%A4.html
INFO: [ app_init ] --START--
INFO: Run Behavior\BuildLiteBehavior [ RunTime:0.000056s ]
INFO: [ app_init ] --END-- [ RunTime:0.020825s ]
INFO: [ app_begin ] --START--
INFO: Run Behavior\ReadHtmlCacheBehavior [ RunTime:0.013346s ]
INFO: [ app_begin ] --END-- [ RunTime:0.013470s ]
SQL: SHOW COLUMNS FROM `article7` [ RunTime:0.0065s ]
SQL: SELECT COUNT(*) AS tp_count FROM `article7` WHERE `type` = '教学改革与质量办公室' LIMIT 1   [ RunTime:0.0016s ]
SQL: SELECT * FROM `article7` WHERE `type` = '教学改革与质量办公室' ORDER BY id desc LIMIT 0,7   [ RunTime:0.0110s ]
INFO: [ view_parse ] --START--
INFO: [ template_filter ] --START--
INFO: Run Behavior\ContentReplaceBehavior [ RunTime:0.000214s ]
INFO: [ template_filter ] --END-- [ RunTime:0.000515s ]
INFO: Run Behavior\ParseTemplateBehavior [ RunTime:0.124635s ]
INFO: [ view_parse ] --END-- [ RunTime:0.124969s ]
INFO: [ view_filter ] --START--
INFO: Run Behavior\WriteHtmlCacheBehavior [ RunTime:0.010334s ]
INFO: [ view_filter ] --END-- [ RunTime:0.010539s ]
INFO: [ app_end ] --START--
INFO: Run Behavior\ShowPageTraceBehavior [ RunTime:0.015548s ]
INFO: [ app_end ] --END-- [ RunTime:0.016526s ]

[ 2017-03-21T18:29:08+08:00 ] 27.19.11.102 /education/index.php/Home/Web7/column/type/%E5%AE%9E%E8%B7%B5%E6%95%99%E5%AD%A6%E5%8A%9E%E5%85%AC%E5%AE%A4.html
INFO: [ app_init ] --START--
INFO: Run Behavior\BuildLiteBehavior [ RunTime:0.000052s ]
INFO: [ app_init ] --END-- [ RunTime:0.002945s ]
INFO: [ app_begin ] --START--
INFO: Run Behavior\ReadHtmlCacheBehavior [ RunTime:0.015649s ]
INFO: [ app_begin ] --END-- [ RunTime:0.016192s ]
SQL: SHOW COLUMNS FROM `article7` [ RunTime:0.0083s ]
SQL: SELECT COUNT(*) AS tp_count FROM `article7` WHERE `type` = '实践教学办公室' LIMIT 1   [ RunTime:0.0030s ]
SQL: SELECT * FROM `article7` WHERE `type` = '实践教学办公室' ORDER BY id desc LIMIT 0,7   [ RunTime:0.0014s ]
INFO: [ view_parse ] --START--
INFO: [ template_filter ] --START--
INFO: Run Behavior\ContentReplaceBehavior [ RunTime:0.000205s ]
INFO: [ template_filter ] --END-- [ RunTime:0.000506s ]
INFO: Run Behavior\ParseTemplateBehavior [ RunTime:0.065320s ]
INFO: [ view_parse ] --END-- [ RunTime:0.065900s ]
INFO: [ view_filter ] --START--
INFO: Run Behavior\WriteHtmlCacheBehavior [ RunTime:0.010692s ]
INFO: [ view_filter ] --END-- [ RunTime:0.010876s ]
INFO: [ app_end ] --START--
INFO: Run Behavior\ShowPageTraceBehavior [ RunTime:0.003607s ]
INFO: [ app_end ] --END-- [ RunTime:0.003780s ]

[ 2017-03-21T18:29:29+08:00 ] 27.19.11.102 /education/index.php/Home/Web7/column/type/%E5%AE%9E%E8%B7%B5%E6%95%99%E5%AD%A6%E5%8A%9E%E5%85%AC%E5%AE%A4.html
INFO: [ app_init ] --START--
INFO: Run Behavior\BuildLiteBehavior [ RunTime:0.000453s ]
INFO: [ app_init ] --END-- [ RunTime:0.014851s ]
INFO: [ app_begin ] --START--
INFO: Run Behavior\ReadHtmlCacheBehavior [ RunTime:0.011495s ]
INFO: [ app_begin ] --END-- [ RunTime:0.012246s ]
SQL: SHOW COLUMNS FROM `article7` [ RunTime:5.3589s ]
SQL: SELECT COUNT(*) AS tp_count FROM `article7` WHERE `type` = '实践教学办公室' LIMIT 1   [ RunTime:0.0076s ]
SQL: SELECT * FROM `article7` WHERE `type` = '实践教学办公室' ORDER BY id desc LIMIT 0,7   [ RunTime:0.0031s ]
INFO: [ view_parse ] --START--
INFO: [ template_filter ] --START--
INFO: Run Behavior\ContentReplaceBehavior [ RunTime:0.000459s ]
INFO: [ template_filter ] --END-- [ RunTime:0.000996s ]
INFO: Run Behavior\ParseTemplateBehavior [ RunTime:0.129146s ]
INFO: [ view_parse ] --END-- [ RunTime:0.133555s ]
INFO: [ view_filter ] --START--
INFO: Run Behavior\WriteHtmlCacheBehavior [ RunTime:0.009074s ]
INFO: [ view_filter ] --END-- [ RunTime:0.009298s ]
INFO: [ app_end ] --START--
INFO: Run Behavior\ShowPageTraceBehavior [ RunTime:0.014546s ]
INFO: [ app_end ] --END-- [ RunTime:0.014760s ]

[ 2017-03-21T18:45:26+08:00 ] 27.19.11.102 /education/
INFO: [ app_init ] --START--
INFO: Run Behavior\BuildLiteBehavior [ RunTime:0.000081s ]
INFO: [ app_init ] --END-- [ RunTime:0.006418s ]
INFO: [ app_begin ] --START--
INFO: Run Behavior\ReadHtmlCacheBehavior [ RunTime:0.019498s ]
INFO: [ app_begin ] --END-- [ RunTime:0.019862s ]
SQL: SHOW COLUMNS FROM `article1` [ RunTime:0.0514s ]
SQL: SELECT * FROM `article1` WHERE `type` = '教务通知' ORDER BY id desc LIMIT 7   [ RunTime:0.4212s ]
SQL: SELECT * FROM `article1` WHERE `type` = '专业特色' ORDER BY id desc LIMIT 10   [ RunTime:0.0493s ]
SQL: SELECT * FROM `article1` WHERE `type` = '质量工程' ORDER BY id desc LIMIT 5   [ RunTime:0.0295s ]
SQL: SELECT * FROM `article1` WHERE `type` = '教务要闻' ORDER BY id desc LIMIT 5   [ RunTime:0.0460s ]
INFO: [ view_parse ] --START--
INFO: [ template_filter ] --START--
INFO: Run Behavior\ContentReplaceBehavior [ RunTime:0.000332s ]
INFO: [ template_filter ] --END-- [ RunTime:0.000555s ]
INFO: Run Behavior\ParseTemplateBehavior [ RunTime:0.119950s ]
INFO: [ view_parse ] --END-- [ RunTime:0.120222s ]
INFO: [ view_filter ] --START--
INFO: Run Behavior\WriteHtmlCacheBehavior [ RunTime:0.007122s ]
INFO: [ view_filter ] --END-- [ RunTime:0.007303s ]
INFO: [ app_end ] --START--
INFO: Run Behavior\ShowPageTraceBehavior [ RunTime:0.012162s ]
INFO: [ app_end ] --END-- [ RunTime:0.012360s ]

[ 2017-03-21T18:46:33+08:00 ] 27.19.11.102 /education/
INFO: [ app_init ] --START--
INFO: Run Behavior\BuildLiteBehavior [ RunTime:0.000074s ]
INFO: [ app_init ] --END-- [ RunTime:0.017263s ]
INFO: [ app_begin ] --START--
INFO: Run Behavior\ReadHtmlCacheBehavior [ RunTime:0.013479s ]
INFO: [ app_begin ] --END-- [ RunTime:0.013751s ]
SQL: SHOW COLUMNS FROM `article1` [ RunTime:0.0085s ]
SQL: SELECT * FROM `article1` WHERE `type` = '教务通知' ORDER BY id desc LIMIT 7   [ RunTime:0.0246s ]
SQL: SELECT * FROM `article1` WHERE `type` = '专业特色' ORDER BY id desc LIMIT 10   [ RunTime:0.0334s ]
SQL: SELECT * FROM `article1` WHERE `type` = '质量工程' ORDER BY id desc LIMIT 5   [ RunTime:0.0360s ]
SQL: SELECT * FROM `article1` WHERE `type` = '教务要闻' ORDER BY id desc LIMIT 5   [ RunTime:0.0636s ]
INFO: [ view_parse ] --START--
INFO: [ template_filter ] --START--
INFO: Run Behavior\ContentReplaceBehavior [ RunTime:0.000312s ]
INFO: [ template_filter ] --END-- [ RunTime:0.000526s ]
INFO: Run Behavior\ParseTemplateBehavior [ RunTime:0.135978s ]
INFO: [ view_parse ] --END-- [ RunTime:0.136903s ]
INFO: [ view_filter ] --START--
INFO: Run Behavior\WriteHtmlCacheBehavior [ RunTime:0.022656s ]
INFO: [ view_filter ] --END-- [ RunTime:0.022870s ]
INFO: [ app_end ] --START--
INFO: Run Behavior\ShowPageTraceBehavior [ RunTime:0.025708s ]
INFO: [ app_end ] --END-- [ RunTime:0.026037s ]

[ 2017-03-21T18:47:55+08:00 ] 27.19.11.102 /education/index.php/Home/Web2/index
INFO: [ app_init ] --START--
INFO: Run Behavior\BuildLiteBehavior [ RunTime:0.000052s ]
INFO: [ app_init ] --END-- [ RunTime:0.007114s ]
INFO: [ app_begin ] --START--
INFO: Run Behavior\ReadHtmlCacheBehavior [ RunTime:0.009361s ]
INFO: [ app_begin ] --END-- [ RunTime:0.009545s ]
SQL: SHOW COLUMNS FROM `article2` [ RunTime:0.0223s ]
SQL: SELECT COUNT(*) AS tp_count FROM `article2` LIMIT 1   [ RunTime:0.0013s ]
SQL: SELECT * FROM `article2` ORDER BY id desc LIMIT 0,5   [ RunTime:0.0295s ]
INFO: [ view_parse ] --START--
INFO: [ template_filter ] --START--
INFO: Run Behavior\ContentReplaceBehavior [ RunTime:0.000220s ]
INFO: [ template_filter ] --END-- [ RunTime:0.000478s ]
INFO: Run Behavior\ParseTemplateBehavior [ RunTime:0.109780s ]
INFO: [ view_parse ] --END-- [ RunTime:0.109999s ]
INFO: [ view_filter ] --START--
INFO: Run Behavior\WriteHtmlCacheBehavior [ RunTime:0.008561s ]
INFO: [ view_filter ] --END-- [ RunTime:0.008726s ]
INFO: [ app_end ] --START--
INFO: Run Behavior\ShowPageTraceBehavior [ RunTime:0.007865s ]
INFO: [ app_end ] --END-- [ RunTime:0.008033s ]

[ 2017-03-21T18:47:57+08:00 ] 27.19.11.102 /education/index.php/Home/Web3/index
INFO: [ app_init ] --START--
INFO: Run Behavior\BuildLiteBehavior [ RunTime:0.000066s ]
INFO: [ app_init ] --END-- [ RunTime:0.008228s ]
INFO: [ app_begin ] --START--
INFO: Run Behavior\ReadHtmlCacheBehavior [ RunTime:0.002997s ]
INFO: [ app_begin ] --END-- [ RunTime:0.003166s ]
SQL: SHOW COLUMNS FROM `article3` [ RunTime:0.0076s ]
SQL: SELECT COUNT(*) AS tp_count FROM `article3` LIMIT 1   [ RunTime:0.0043s ]
SQL: SELECT * FROM `article3` ORDER BY id desc LIMIT 0,5   [ RunTime:0.0022s ]
INFO: [ view_parse ] --START--
INFO: [ template_filter ] --START--
INFO: Run Behavior\ContentReplaceBehavior [ RunTime:0.000720s ]
INFO: [ template_filter ] --END-- [ RunTime:0.000975s ]
INFO: Run Behavior\ParseTemplateBehavior [ RunTime:0.147843s ]
INFO: [ view_parse ] --END-- [ RunTime:0.148758s ]
INFO: [ view_filter ] --START--
INFO: Run Behavior\WriteHtmlCacheBehavior [ RunTime:0.020763s ]
INFO: [ view_filter ] --END-- [ RunTime:0.020992s ]
INFO: [ app_end ] --START--
INFO: Run Behavior\ShowPageTraceBehavior [ RunTime:0.013122s ]
INFO: [ app_end ] --END-- [ RunTime:0.013304s ]

[ 2017-03-21T19:42:04+08:00 ] 223.104.20.15 /education/
INFO: [ app_init ] --START--
INFO: Run Behavior\BuildLiteBehavior [ RunTime:0.000087s ]
INFO: [ app_init ] --END-- [ RunTime:0.017421s ]
INFO: [ app_begin ] --START--
INFO: Run Behavior\ReadHtmlCacheBehavior [ RunTime:0.008401s ]
INFO: [ app_begin ] --END-- [ RunTime:0.008616s ]
SQL: SHOW COLUMNS FROM `article1` [ RunTime:0.0243s ]
SQL: SELECT * FROM `article1` WHERE `type` = '教务通知' ORDER BY id desc LIMIT 7   [ RunTime:0.2949s ]
SQL: SELECT * FROM `article1` WHERE `type` = '专业特色' ORDER BY id desc LIMIT 10   [ RunTime:0.0254s ]
SQL: SELECT * FROM `article1` WHERE `type` = '质量工程' ORDER BY id desc LIMIT 5   [ RunTime:0.0285s ]
SQL: SELECT * FROM `article1` WHERE `type` = '教务要闻' ORDER BY id desc LIMIT 5   [ RunTime:0.0373s ]
INFO: [ view_parse ] --START--
INFO: [ template_filter ] --START--
INFO: Run Behavior\ContentReplaceBehavior [ RunTime:0.000277s ]
INFO: [ template_filter ] --END-- [ RunTime:0.000472s ]
INFO: Run Behavior\ParseTemplateBehavior [ RunTime:0.093133s ]
INFO: [ view_parse ] --END-- [ RunTime:0.093611s ]
INFO: [ view_filter ] --START--
INFO: Run Behavior\WriteHtmlCacheBehavior [ RunTime:0.003737s ]
INFO: [ view_filter ] --END-- [ RunTime:0.003883s ]
INFO: [ app_end ] --START--
INFO: Run Behavior\ShowPageTraceBehavior [ RunTime:0.019831s ]
INFO: [ app_end ] --END-- [ RunTime:0.020039s ]

