[ 2017-03-22T07:46:07+08:00 ] 10.8.129.82 /education/
INFO: [ app_init ] --START--
INFO: Run Behavior\BuildLiteBehavior [ RunTime:0.000076s ]
INFO: [ app_init ] --END-- [ RunTime:0.009787s ]
INFO: [ app_begin ] --START--
INFO: Run Behavior\ReadHtmlCacheBehavior [ RunTime:0.020246s ]
INFO: [ app_begin ] --END-- [ RunTime:0.020519s ]
SQL: SHOW COLUMNS FROM `article1` [ RunTime:0.1344s ]
SQL: SELECT * FROM `article1` WHERE `type` = '教务通知' ORDER BY id desc LIMIT 7   [ RunTime:0.2760s ]
SQL: SELECT * FROM `article1` WHERE `type` = '专业特色' ORDER BY id desc LIMIT 10   [ RunTime:0.0366s ]
SQL: SELECT * FROM `article1` WHERE `type` = '质量工程' ORDER BY id desc LIMIT 5   [ RunTime:0.0431s ]
SQL: SELECT * FROM `article1` WHERE `type` = '教务要闻' ORDER BY id desc LIMIT 5   [ RunTime:0.0490s ]
INFO: [ view_parse ] --START--
INFO: [ template_filter ] --START--
INFO: Run Behavior\ContentReplaceBehavior [ RunTime:0.012087s ]
INFO: [ template_filter ] --END-- [ RunTime:0.012365s ]
INFO: Run Behavior\ParseTemplateBehavior [ RunTime:0.110743s ]
INFO: [ view_parse ] --END-- [ RunTime:0.111014s ]
INFO: [ view_filter ] --START--
INFO: Run Behavior\WriteHtmlCacheBehavior [ RunTime:0.004127s ]
INFO: [ view_filter ] --END-- [ RunTime:0.004281s ]
INFO: [ app_end ] --START--
INFO: Run Behavior\ShowPageTraceBehavior [ RunTime:0.008055s ]
INFO: [ app_end ] --END-- [ RunTime:0.008572s ]

[ 2017-03-22T07:46:16+08:00 ] 101.226.68.213 /education/
INFO: [ app_init ] --START--
INFO: Run Behavior\BuildLiteBehavior [ RunTime:0.000048s ]
INFO: [ app_init ] --END-- [ RunTime:0.007112s ]
INFO: [ app_begin ] --START--
INFO: Run Behavior\ReadHtmlCacheBehavior [ RunTime:0.010867s ]
INFO: [ app_begin ] --END-- [ RunTime:0.011114s ]
SQL: SHOW COLUMNS FROM `article1` [ RunTime:0.0642s ]
SQL: SELECT * FROM `article1` WHERE `type` = '教务通知' ORDER BY id desc LIMIT 7   [ RunTime:0.0325s ]
SQL: SELECT * FROM `article1` WHERE `type` = '专业特色' ORDER BY id desc LIMIT 10   [ RunTime:0.0165s ]
SQL: SELECT * FROM `article1` WHERE `type` = '质量工程' ORDER BY id desc LIMIT 5   [ RunTime:0.0265s ]
SQL: SELECT * FROM `article1` WHERE `type` = '教务要闻' ORDER BY id desc LIMIT 5   [ RunTime:0.0353s ]
INFO: [ view_parse ] --START--
INFO: [ template_filter ] --START--
INFO: Run Behavior\ContentReplaceBehavior [ RunTime:0.000344s ]
INFO: [ template_filter ] --END-- [ RunTime:0.000717s ]
INFO: Run Behavior\ParseTemplateBehavior [ RunTime:0.111940s ]
INFO: [ view_parse ] --END-- [ RunTime:0.112367s ]
INFO: [ view_filter ] --START--
INFO: Run Behavior\WriteHtmlCacheBehavior [ RunTime:0.005079s ]
INFO: [ view_filter ] --END-- [ RunTime:0.014239s ]
INFO: [ app_end ] --START--
INFO: Run Behavior\ShowPageTraceBehavior [ RunTime:0.014589s ]
INFO: [ app_end ] --END-- [ RunTime:0.015333s ]

[ 2017-03-22T07:46:22+08:00 ] 10.8.129.82 /education/index.php/Home/Index/departmentindex/id/15
INFO: [ app_init ] --START--
INFO: Run Behavior\BuildLiteBehavior [ RunTime:0.000047s ]
INFO: [ app_init ] --END-- [ RunTime:0.006436s ]
INFO: [ app_begin ] --START--
INFO: Run Behavior\ReadHtmlCacheBehavior [ RunTime:0.006751s ]
INFO: [ app_begin ] --END-- [ RunTime:0.018510s ]
SQL: SHOW COLUMNS FROM `article1` [ RunTime:0.0129s ]
SQL: SELECT * FROM `article1` WHERE `id` = 15 LIMIT 1   [ RunTime:0.0087s ]
INFO: [ view_parse ] --START--
INFO: [ template_filter ] --START--
INFO: Run Behavior\ContentReplaceBehavior [ RunTime:0.000214s ]
INFO: [ template_filter ] --END-- [ RunTime:0.000497s ]
NOTIC: [8] Undefined variable: blog E:\htdocs\education\Application\Runtime\Cache\Home\29bf726d5727ba02576561f7968cde76.php 第 104 行.
INFO: Run Behavior\ParseTemplateBehavior [ RunTime:0.157285s ]
INFO: [ view_parse ] --END-- [ RunTime:0.158356s ]
INFO: [ view_filter ] --START--
INFO: Run Behavior\WriteHtmlCacheBehavior [ RunTime:0.013364s ]
INFO: [ view_filter ] --END-- [ RunTime:0.013589s ]
INFO: [ app_end ] --START--
INFO: Run Behavior\ShowPageTraceBehavior [ RunTime:0.013173s ]
INFO: [ app_end ] --END-- [ RunTime:0.013419s ]

[ 2017-03-22T07:46:22+08:00 ] 183.57.53.177 /education/index.php/Home/Index/departmentindex/id/15
INFO: [ app_init ] --START--
INFO: Run Behavior\BuildLiteBehavior [ RunTime:0.000167s ]
INFO: [ app_init ] --END-- [ RunTime:0.009271s ]
INFO: [ app_begin ] --START--
INFO: Run Behavior\ReadHtmlCacheBehavior [ RunTime:0.006170s ]
INFO: [ app_begin ] --END-- [ RunTime:0.006391s ]
SQL: SHOW COLUMNS FROM `article1` [ RunTime:0.0178s ]
SQL: SELECT * FROM `article1` WHERE `id` = 15 LIMIT 1   [ RunTime:0.0063s ]
INFO: [ view_parse ] --START--
INFO: [ template_filter ] --START--
INFO: Run Behavior\ContentReplaceBehavior [ RunTime:0.000252s ]
INFO: [ template_filter ] --END-- [ RunTime:0.007734s ]
NOTIC: [8] Undefined variable: blog E:\htdocs\education\Application\Runtime\Cache\Home\29bf726d5727ba02576561f7968cde76.php 第 104 行.
INFO: Run Behavior\ParseTemplateBehavior [ RunTime:0.102836s ]
INFO: [ view_parse ] --END-- [ RunTime:0.103101s ]
INFO: [ view_filter ] --START--
INFO: Run Behavior\WriteHtmlCacheBehavior [ RunTime:0.012407s ]
INFO: [ view_filter ] --END-- [ RunTime:0.012724s ]
INFO: [ app_end ] --START--
INFO: Run Behavior\ShowPageTraceBehavior [ RunTime:0.018698s ]
INFO: [ app_end ] --END-- [ RunTime:0.019005s ]

[ 2017-03-22T07:46:26+08:00 ] 10.8.129.82 /education/
INFO: [ app_init ] --START--
INFO: Run Behavior\BuildLiteBehavior [ RunTime:0.000415s ]
INFO: [ app_init ] --END-- [ RunTime:0.009598s ]
INFO: [ app_begin ] --START--
INFO: Run Behavior\ReadHtmlCacheBehavior [ RunTime:0.008220s ]
INFO: [ app_begin ] --END-- [ RunTime:0.008438s ]
SQL: SHOW COLUMNS FROM `article1` [ RunTime:0.1132s ]
SQL: SELECT * FROM `article1` WHERE `type` = '教务通知' ORDER BY id desc LIMIT 7   [ RunTime:0.0764s ]
SQL: SELECT * FROM `article1` WHERE `type` = '专业特色' ORDER BY id desc LIMIT 10   [ RunTime:0.0429s ]
SQL: SELECT * FROM `article1` WHERE `type` = '质量工程' ORDER BY id desc LIMIT 5   [ RunTime:0.0720s ]
SQL: SELECT * FROM `article1` WHERE `type` = '教务要闻' ORDER BY id desc LIMIT 5   [ RunTime:0.0286s ]
INFO: [ view_parse ] --START--
INFO: [ template_filter ] --START--
INFO: Run Behavior\ContentReplaceBehavior [ RunTime:0.000330s ]
INFO: [ template_filter ] --END-- [ RunTime:0.021286s ]
INFO: Run Behavior\ParseTemplateBehavior [ RunTime:0.163049s ]
INFO: [ view_parse ] --END-- [ RunTime:0.163282s ]
INFO: [ view_filter ] --START--
INFO: Run Behavior\WriteHtmlCacheBehavior [ RunTime:0.009847s ]
INFO: [ view_filter ] --END-- [ RunTime:0.010962s ]
INFO: [ app_end ] --START--
INFO: Run Behavior\ShowPageTraceBehavior [ RunTime:0.008542s ]
INFO: [ app_end ] --END-- [ RunTime:0.009964s ]

[ 2017-03-22T07:46:30+08:00 ] 10.8.129.82 /education/index.php/Home/Web8/index
INFO: [ app_init ] --START--
INFO: Run Behavior\BuildLiteBehavior [ RunTime:0.000051s ]
INFO: [ app_init ] --END-- [ RunTime:0.007131s ]
INFO: [ app_begin ] --START--
INFO: Run Behavior\ReadHtmlCacheBehavior [ RunTime:0.005556s ]
INFO: [ app_begin ] --END-- [ RunTime:0.005793s ]
INFO: [ view_parse ] --START--
INFO: [ template_filter ] --START--
INFO: Run Behavior\ContentReplaceBehavior [ RunTime:0.000014s ]
INFO: [ template_filter ] --END-- [ RunTime:0.000494s ]
INFO: Run Behavior\ParseTemplateBehavior [ RunTime:0.151645s ]
INFO: [ view_parse ] --END-- [ RunTime:0.152023s ]
INFO: [ view_filter ] --START--
INFO: Run Behavior\WriteHtmlCacheBehavior [ RunTime:0.006290s ]
INFO: [ view_filter ] --END-- [ RunTime:0.006435s ]
INFO: [ app_end ] --START--
INFO: Run Behavior\ShowPageTraceBehavior [ RunTime:0.014780s ]
INFO: [ app_end ] --END-- [ RunTime:0.015070s ]

[ 2017-03-22T07:46:34+08:00 ] 10.8.129.82 /education/index.php/Home/Web2/index
INFO: [ app_init ] --START--
INFO: Run Behavior\BuildLiteBehavior [ RunTime:0.000057s ]
INFO: [ app_init ] --END-- [ RunTime:0.011474s ]
INFO: [ app_begin ] --START--
INFO: Run Behavior\ReadHtmlCacheBehavior [ RunTime:0.022271s ]
INFO: [ app_begin ] --END-- [ RunTime:0.022527s ]
SQL: SHOW COLUMNS FROM `article2` [ RunTime:0.0488s ]
SQL: SELECT COUNT(*) AS tp_count FROM `article2` LIMIT 1   [ RunTime:0.0382s ]
SQL: SELECT * FROM `article2` ORDER BY id desc LIMIT 0,5   [ RunTime:0.0426s ]
INFO: [ view_parse ] --START--
INFO: [ template_filter ] --START--
INFO: Run Behavior\ContentReplaceBehavior [ RunTime:0.000225s ]
INFO: [ template_filter ] --END-- [ RunTime:0.000697s ]
INFO: Run Behavior\ParseTemplateBehavior [ RunTime:0.263387s ]
INFO: [ view_parse ] --END-- [ RunTime:0.264298s ]
INFO: [ view_filter ] --START--
INFO: Run Behavior\WriteHtmlCacheBehavior [ RunTime:0.011749s ]
INFO: [ view_filter ] --END-- [ RunTime:0.011950s ]
INFO: [ app_end ] --START--
INFO: Run Behavior\ShowPageTraceBehavior [ RunTime:0.152809s ]
INFO: [ app_end ] --END-- [ RunTime:0.154260s ]

[ 2017-03-22T07:46:35+08:00 ] 183.57.53.196 /education/index.php/Home/Web2/index
INFO: [ app_init ] --START--
INFO: Run Behavior\BuildLiteBehavior [ RunTime:0.000059s ]
INFO: [ app_init ] --END-- [ RunTime:0.013316s ]
INFO: [ app_begin ] --START--
INFO: Run Behavior\ReadHtmlCacheBehavior [ RunTime:0.205399s ]
INFO: [ app_begin ] --END-- [ RunTime:0.205795s ]
SQL: SHOW COLUMNS FROM `article2` [ RunTime:0.0193s ]
SQL: SELECT COUNT(*) AS tp_count FROM `article2` LIMIT 1   [ RunTime:0.0740s ]
SQL: SELECT * FROM `article2` ORDER BY id desc LIMIT 0,5   [ RunTime:0.0291s ]
INFO: [ view_parse ] --START--
INFO: [ template_filter ] --START--
INFO: Run Behavior\ContentReplaceBehavior [ RunTime:0.000291s ]
INFO: [ template_filter ] --END-- [ RunTime:0.001568s ]
INFO: Run Behavior\ParseTemplateBehavior [ RunTime:0.260389s ]
INFO: [ view_parse ] --END-- [ RunTime:0.260613s ]
INFO: [ view_filter ] --START--
INFO: Run Behavior\WriteHtmlCacheBehavior [ RunTime:0.009455s ]
INFO: [ view_filter ] --END-- [ RunTime:0.010927s ]
INFO: [ app_end ] --START--
INFO: Run Behavior\ShowPageTraceBehavior [ RunTime:0.104482s ]
INFO: [ app_end ] --END-- [ RunTime:0.105776s ]

[ 2017-03-22T07:46:40+08:00 ] 101.226.33.228 /education/index.php/Home/Web8/index
INFO: [ app_init ] --START--
INFO: Run Behavior\BuildLiteBehavior [ RunTime:0.000038s ]
INFO: [ app_init ] --END-- [ RunTime:0.000897s ]
INFO: [ app_begin ] --START--
INFO: Run Behavior\ReadHtmlCacheBehavior [ RunTime:0.001651s ]
INFO: [ app_begin ] --END-- [ RunTime:0.001840s ]
INFO: [ view_parse ] --START--
INFO: [ template_filter ] --START--
INFO: Run Behavior\ContentReplaceBehavior [ RunTime:0.000243s ]
INFO: [ template_filter ] --END-- [ RunTime:0.000517s ]
INFO: Run Behavior\ParseTemplateBehavior [ RunTime:0.082332s ]
INFO: [ view_parse ] --END-- [ RunTime:0.082793s ]
INFO: [ view_filter ] --START--
INFO: Run Behavior\WriteHtmlCacheBehavior [ RunTime:0.004988s ]
INFO: [ view_filter ] --END-- [ RunTime:0.005335s ]
INFO: [ app_end ] --START--
INFO: Run Behavior\ShowPageTraceBehavior [ RunTime:0.010886s ]
INFO: [ app_end ] --END-- [ RunTime:0.010964s ]

[ 2017-03-22T07:46:43+08:00 ] 101.226.51.227 /education/index.php/Home/Web2/index
INFO: [ app_init ] --START--
INFO: Run Behavior\BuildLiteBehavior [ RunTime:0.000058s ]
INFO: [ app_init ] --END-- [ RunTime:0.010576s ]
INFO: [ app_begin ] --START--
INFO: Run Behavior\ReadHtmlCacheBehavior [ RunTime:0.019504s ]
INFO: [ app_begin ] --END-- [ RunTime:0.019881s ]
SQL: SHOW COLUMNS FROM `article2` [ RunTime:0.0188s ]
SQL: SELECT COUNT(*) AS tp_count FROM `article2` LIMIT 1   [ RunTime:0.0013s ]
SQL: SELECT * FROM `article2` ORDER BY id desc LIMIT 0,5   [ RunTime:0.0159s ]
INFO: [ view_parse ] --START--
INFO: [ template_filter ] --START--
INFO: Run Behavior\ContentReplaceBehavior [ RunTime:0.000195s ]
INFO: [ template_filter ] --END-- [ RunTime:0.000488s ]
INFO: Run Behavior\ParseTemplateBehavior [ RunTime:0.126745s ]
INFO: [ view_parse ] --END-- [ RunTime:0.127282s ]
INFO: [ view_filter ] --START--
INFO: Run Behavior\WriteHtmlCacheBehavior [ RunTime:0.008128s ]
INFO: [ view_filter ] --END-- [ RunTime:0.011698s ]
INFO: [ app_end ] --START--
INFO: Run Behavior\ShowPageTraceBehavior [ RunTime:0.006142s ]
INFO: [ app_end ] --END-- [ RunTime:0.006858s ]

[ 2017-03-22T15:59:23+08:00 ] 10.70.10.198 /education/
INFO: [ app_init ] --START--
INFO: Run Behavior\BuildLiteBehavior [ RunTime:0.000469s ]
INFO: [ app_init ] --END-- [ RunTime:0.017226s ]
INFO: [ app_begin ] --START--
INFO: Run Behavior\ReadHtmlCacheBehavior [ RunTime:0.008220s ]
INFO: [ app_begin ] --END-- [ RunTime:0.008478s ]
SQL: SHOW COLUMNS FROM `article1` [ RunTime:0.1375s ]
SQL: SELECT * FROM `article1` WHERE `type` = '教务通知' ORDER BY id desc LIMIT 7   [ RunTime:0.2983s ]
SQL: SELECT * FROM `article1` WHERE `type` = '专业特色' ORDER BY id desc LIMIT 10   [ RunTime:0.0281s ]
SQL: SELECT * FROM `article1` WHERE `type` = '质量工程' ORDER BY id desc LIMIT 5   [ RunTime:0.0319s ]
SQL: SELECT * FROM `article1` WHERE `type` = '教务要闻' ORDER BY id desc LIMIT 5   [ RunTime:0.0518s ]
INFO: [ view_parse ] --START--
INFO: [ template_filter ] --START--
INFO: Run Behavior\ContentReplaceBehavior [ RunTime:0.000350s ]
INFO: [ template_filter ] --END-- [ RunTime:0.000594s ]
INFO: Run Behavior\ParseTemplateBehavior [ RunTime:0.138585s ]
INFO: [ view_parse ] --END-- [ RunTime:0.138738s ]
INFO: [ view_filter ] --START--
INFO: Run Behavior\WriteHtmlCacheBehavior [ RunTime:0.020429s ]
INFO: [ view_filter ] --END-- [ RunTime:0.020535s ]
INFO: [ app_end ] --START--
INFO: Run Behavior\ShowPageTraceBehavior [ RunTime:0.008764s ]
INFO: [ app_end ] --END-- [ RunTime:0.008972s ]

[ 2017-03-22T15:59:32+08:00 ] 10.70.10.198 /education/index.php/Home/Web2/index
INFO: [ app_init ] --START--
INFO: Run Behavior\BuildLiteBehavior [ RunTime:0.000017s ]
INFO: [ app_init ] --END-- [ RunTime:0.002812s ]
INFO: [ app_begin ] --START--
INFO: Run Behavior\ReadHtmlCacheBehavior [ RunTime:0.004103s ]
INFO: [ app_begin ] --END-- [ RunTime:0.004425s ]
SQL: SHOW COLUMNS FROM `article2` [ RunTime:0.0324s ]
SQL: SELECT COUNT(*) AS tp_count FROM `article2` LIMIT 1   [ RunTime:0.0014s ]
SQL: SELECT * FROM `article2` ORDER BY id desc LIMIT 0,5   [ RunTime:0.0260s ]
INFO: [ view_parse ] --START--
INFO: [ template_filter ] --START--
INFO: Run Behavior\ContentReplaceBehavior [ RunTime:0.000236s ]
INFO: [ template_filter ] --END-- [ RunTime:0.000851s ]
INFO: Run Behavior\ParseTemplateBehavior [ RunTime:0.122134s ]
INFO: [ view_parse ] --END-- [ RunTime:0.122448s ]
INFO: [ view_filter ] --START--
INFO: Run Behavior\WriteHtmlCacheBehavior [ RunTime:0.011359s ]
INFO: [ view_filter ] --END-- [ RunTime:0.011564s ]
INFO: [ app_end ] --START--
INFO: Run Behavior\ShowPageTraceBehavior [ RunTime:0.012896s ]
INFO: [ app_end ] --END-- [ RunTime:0.013118s ]

[ 2017-03-22T15:59:35+08:00 ] 10.70.10.198 /education/index.php/Home/Web7/index
INFO: [ app_init ] --START--
INFO: Run Behavior\BuildLiteBehavior [ RunTime:0.000052s ]
INFO: [ app_init ] --END-- [ RunTime:0.009846s ]
INFO: [ app_begin ] --START--
INFO: Run Behavior\ReadHtmlCacheBehavior [ RunTime:0.004275s ]
INFO: [ app_begin ] --END-- [ RunTime:0.004591s ]
SQL: SHOW COLUMNS FROM `article7` [ RunTime:0.0517s ]
SQL: SELECT COUNT(*) AS tp_count FROM `article7` LIMIT 1   [ RunTime:0.0008s ]
SQL: SELECT * FROM `article7` ORDER BY id desc LIMIT 0,5   [ RunTime:0.0017s ]
INFO: [ view_parse ] --START--
INFO: [ template_filter ] --START--
INFO: Run Behavior\ContentReplaceBehavior [ RunTime:0.000272s ]
INFO: [ template_filter ] --END-- [ RunTime:0.000501s ]
INFO: Run Behavior\ParseTemplateBehavior [ RunTime:0.078695s ]
INFO: [ view_parse ] --END-- [ RunTime:0.078969s ]
INFO: [ view_filter ] --START--
INFO: Run Behavior\WriteHtmlCacheBehavior [ RunTime:0.007213s ]
INFO: [ view_filter ] --END-- [ RunTime:0.007440s ]
INFO: [ app_end ] --START--
INFO: Run Behavior\ShowPageTraceBehavior [ RunTime:0.005835s ]
INFO: [ app_end ] --END-- [ RunTime:0.005978s ]

[ 2017-03-22T15:59:38+08:00 ] 10.70.10.198 /education/index.php/Home/Web4/index
INFO: [ app_init ] --START--
INFO: Run Behavior\BuildLiteBehavior [ RunTime:0.000046s ]
INFO: [ app_init ] --END-- [ RunTime:0.003185s ]
INFO: [ app_begin ] --START--
INFO: Run Behavior\ReadHtmlCacheBehavior [ RunTime:0.004127s ]
INFO: [ app_begin ] --END-- [ RunTime:0.004222s ]
INFO: [ view_parse ] --START--
INFO: [ template_filter ] --START--
INFO: Run Behavior\ContentReplaceBehavior [ RunTime:0.000293s ]
INFO: [ template_filter ] --END-- [ RunTime:0.000576s ]
INFO: Run Behavior\ParseTemplateBehavior [ RunTime:0.081771s ]
INFO: [ view_parse ] --END-- [ RunTime:0.082123s ]
INFO: [ view_filter ] --START--
INFO: Run Behavior\WriteHtmlCacheBehavior [ RunTime:0.004429s ]
INFO: [ view_filter ] --END-- [ RunTime:0.004649s ]
INFO: [ app_end ] --START--
INFO: Run Behavior\ShowPageTraceBehavior [ RunTime:0.013629s ]
INFO: [ app_end ] --END-- [ RunTime:0.015251s ]

[ 2017-03-22T15:59:40+08:00 ] 10.70.10.198 /education/index.php/Home/Web3/index
INFO: [ app_init ] --START--
INFO: Run Behavior\BuildLiteBehavior [ RunTime:0.000053s ]
INFO: [ app_init ] --END-- [ RunTime:0.018322s ]
INFO: [ app_begin ] --START--
INFO: Run Behavior\ReadHtmlCacheBehavior [ RunTime:0.007597s ]
INFO: [ app_begin ] --END-- [ RunTime:0.007850s ]
SQL: SHOW COLUMNS FROM `article3` [ RunTime:0.0251s ]
SQL: SELECT COUNT(*) AS tp_count FROM `article3` LIMIT 1   [ RunTime:0.0012s ]
SQL: SELECT * FROM `article3` ORDER BY id desc LIMIT 0,5   [ RunTime:0.0066s ]
INFO: [ view_parse ] --START--
INFO: [ template_filter ] --START--
INFO: Run Behavior\ContentReplaceBehavior [ RunTime:0.000179s ]
INFO: [ template_filter ] --END-- [ RunTime:0.000742s ]
INFO: Run Behavior\ParseTemplateBehavior [ RunTime:0.109596s ]
INFO: [ view_parse ] --END-- [ RunTime:0.109930s ]
INFO: [ view_filter ] --START--
INFO: Run Behavior\WriteHtmlCacheBehavior [ RunTime:0.009748s ]
INFO: [ view_filter ] --END-- [ RunTime:0.010020s ]
INFO: [ app_end ] --START--
INFO: Run Behavior\ShowPageTraceBehavior [ RunTime:0.011300s ]
INFO: [ app_end ] --END-- [ RunTime:0.011601s ]

[ 2017-03-22T16:01:37+08:00 ] 10.70.10.198 /education/index.php/Home/Web3/index
INFO: [ app_init ] --START--
INFO: Run Behavior\BuildLiteBehavior [ RunTime:0.000057s ]
INFO: [ app_init ] --END-- [ RunTime:0.009980s ]
INFO: [ app_begin ] --START--
INFO: Run Behavior\ReadHtmlCacheBehavior [ RunTime:0.004219s ]
INFO: [ app_begin ] --END-- [ RunTime:0.004466s ]
SQL: SHOW COLUMNS FROM `article3` [ RunTime:0.0125s ]
SQL: SELECT COUNT(*) AS tp_count FROM `article3` LIMIT 1   [ RunTime:0.0028s ]
SQL: SELECT * FROM `article3` ORDER BY id desc LIMIT 0,5   [ RunTime:0.0035s ]
INFO: [ view_parse ] --START--
INFO: [ template_filter ] --START--
INFO: Run Behavior\ContentReplaceBehavior [ RunTime:0.000199s ]
INFO: [ template_filter ] --END-- [ RunTime:0.000476s ]
INFO: Run Behavior\ParseTemplateBehavior [ RunTime:0.103377s ]
INFO: [ view_parse ] --END-- [ RunTime:0.103689s ]
INFO: [ view_filter ] --START--
INFO: Run Behavior\WriteHtmlCacheBehavior [ RunTime:0.022523s ]
INFO: [ view_filter ] --END-- [ RunTime:0.023026s ]
INFO: [ app_end ] --START--
INFO: Run Behavior\ShowPageTraceBehavior [ RunTime:0.020312s ]
INFO: [ app_end ] --END-- [ RunTime:0.021253s ]

[ 2017-03-22T16:02:19+08:00 ] 10.70.10.198 /education/
INFO: [ app_init ] --START--
INFO: Run Behavior\BuildLiteBehavior [ RunTime:0.000067s ]
INFO: [ app_init ] --END-- [ RunTime:0.016645s ]
INFO: [ app_begin ] --START--
INFO: Run Behavior\ReadHtmlCacheBehavior [ RunTime:0.004027s ]
INFO: [ app_begin ] --END-- [ RunTime:0.004265s ]
SQL: SHOW COLUMNS FROM `article1` [ RunTime:0.0086s ]
SQL: SELECT * FROM `article1` WHERE `type` = '教务通知' ORDER BY id desc LIMIT 7   [ RunTime:0.0355s ]
SQL: SELECT * FROM `article1` WHERE `type` = '专业特色' ORDER BY id desc LIMIT 10   [ RunTime:0.0181s ]
SQL: SELECT * FROM `article1` WHERE `type` = '质量工程' ORDER BY id desc LIMIT 5   [ RunTime:0.0330s ]
SQL: SELECT * FROM `article1` WHERE `type` = '教务要闻' ORDER BY id desc LIMIT 5   [ RunTime:0.0330s ]
INFO: [ view_parse ] --START--
INFO: [ template_filter ] --START--
INFO: Run Behavior\ContentReplaceBehavior [ RunTime:0.001299s ]
INFO: [ template_filter ] --END-- [ RunTime:0.001752s ]
INFO: Run Behavior\ParseTemplateBehavior [ RunTime:0.124009s ]
INFO: [ view_parse ] --END-- [ RunTime:0.124304s ]
INFO: [ view_filter ] --START--
INFO: Run Behavior\WriteHtmlCacheBehavior [ RunTime:0.009748s ]
INFO: [ view_filter ] --END-- [ RunTime:0.009946s ]
INFO: [ app_end ] --START--
INFO: Run Behavior\ShowPageTraceBehavior [ RunTime:0.005551s ]
INFO: [ app_end ] --END-- [ RunTime:0.005799s ]

[ 2017-03-22T16:02:43+08:00 ] 10.70.10.198 /education/
INFO: [ app_init ] --START--
INFO: Run Behavior\BuildLiteBehavior [ RunTime:0.001049s ]
INFO: [ app_init ] --END-- [ RunTime:0.039641s ]
INFO: [ app_begin ] --START--
INFO: Run Behavior\ReadHtmlCacheBehavior [ RunTime:0.025841s ]
INFO: [ app_begin ] --END-- [ RunTime:0.026150s ]
SQL: SHOW COLUMNS FROM `article1` [ RunTime:0.0602s ]
SQL: SELECT * FROM `article1` WHERE `type` = '教务通知' ORDER BY id desc LIMIT 7   [ RunTime:0.2118s ]
SQL: SELECT * FROM `article1` WHERE `type` = '专业特色' ORDER BY id desc LIMIT 10   [ RunTime:0.0340s ]
SQL: SELECT * FROM `article1` WHERE `type` = '质量工程' ORDER BY id desc LIMIT 5   [ RunTime:0.0465s ]
SQL: SELECT * FROM `article1` WHERE `type` = '教务要闻' ORDER BY id desc LIMIT 5   [ RunTime:0.0743s ]
INFO: [ view_parse ] --START--
INFO: [ template_filter ] --START--
INFO: Run Behavior\ContentReplaceBehavior [ RunTime:0.000317s ]
INFO: [ template_filter ] --END-- [ RunTime:0.000551s ]
INFO: Run Behavior\ParseTemplateBehavior [ RunTime:0.325579s ]
INFO: [ view_parse ] --END-- [ RunTime:0.325824s ]
INFO: [ view_filter ] --START--
INFO: Run Behavior\WriteHtmlCacheBehavior [ RunTime:0.010212s ]
INFO: [ view_filter ] --END-- [ RunTime:0.010401s ]
INFO: [ app_end ] --START--
INFO: Run Behavior\ShowPageTraceBehavior [ RunTime:0.020435s ]
INFO: [ app_end ] --END-- [ RunTime:0.020728s ]

[ 2017-03-22T16:03:21+08:00 ] 10.70.10.198 /education/
INFO: [ app_init ] --START--
INFO: Run Behavior\BuildLiteBehavior [ RunTime:0.000064s ]
INFO: [ app_init ] --END-- [ RunTime:0.044945s ]
INFO: [ app_begin ] --START--
INFO: Run Behavior\ReadHtmlCacheBehavior [ RunTime:0.006382s ]
INFO: [ app_begin ] --END-- [ RunTime:0.006672s ]
SQL: SHOW COLUMNS FROM `article1` [ RunTime:0.0232s ]
SQL: SELECT * FROM `article1` WHERE `type` = '教务通知' ORDER BY id desc LIMIT 7   [ RunTime:0.0485s ]
SQL: SELECT * FROM `article1` WHERE `type` = '专业特色' ORDER BY id desc LIMIT 10   [ RunTime:0.0245s ]
SQL: SELECT * FROM `article1` WHERE `type` = '质量工程' ORDER BY id desc LIMIT 5   [ RunTime:0.0499s ]
SQL: SELECT * FROM `article1` WHERE `type` = '教务要闻' ORDER BY id desc LIMIT 5   [ RunTime:0.0803s ]
INFO: [ view_parse ] --START--
INFO: [ template_filter ] --START--
INFO: Run Behavior\ContentReplaceBehavior [ RunTime:0.000344s ]
INFO: [ template_filter ] --END-- [ RunTime:0.000590s ]
INFO: Run Behavior\ParseTemplateBehavior [ RunTime:0.139934s ]
INFO: [ view_parse ] --END-- [ RunTime:0.140593s ]
INFO: [ view_filter ] --START--
INFO: Run Behavior\WriteHtmlCacheBehavior [ RunTime:0.007906s ]
INFO: [ view_filter ] --END-- [ RunTime:0.008087s ]
INFO: [ app_end ] --START--
INFO: Run Behavior\ShowPageTraceBehavior [ RunTime:0.017499s ]
INFO: [ app_end ] --END-- [ RunTime:0.017685s ]

[ 2017-03-22T16:03:45+08:00 ] 10.70.10.198 /education/
INFO: [ app_init ] --START--
INFO: Run Behavior\BuildLiteBehavior [ RunTime:0.000050s ]
INFO: [ app_init ] --END-- [ RunTime:0.008493s ]
INFO: [ app_begin ] --START--
INFO: Run Behavior\ReadHtmlCacheBehavior [ RunTime:0.003930s ]
INFO: [ app_begin ] --END-- [ RunTime:0.004272s ]
SQL: SHOW COLUMNS FROM `article1` [ RunTime:0.0159s ]
SQL: SELECT * FROM `article1` WHERE `type` = '教务通知' ORDER BY id desc LIMIT 7   [ RunTime:0.0261s ]
SQL: SELECT * FROM `article1` WHERE `type` = '专业特色' ORDER BY id desc LIMIT 10   [ RunTime:0.0155s ]
SQL: SELECT * FROM `article1` WHERE `type` = '质量工程' ORDER BY id desc LIMIT 5   [ RunTime:0.0218s ]
SQL: SELECT * FROM `article1` WHERE `type` = '教务要闻' ORDER BY id desc LIMIT 5   [ RunTime:0.0289s ]
INFO: [ view_parse ] --START--
INFO: [ template_filter ] --START--
INFO: Run Behavior\ContentReplaceBehavior [ RunTime:0.000301s ]
INFO: [ template_filter ] --END-- [ RunTime:0.000543s ]
INFO: Run Behavior\ParseTemplateBehavior [ RunTime:0.143723s ]
INFO: [ view_parse ] --END-- [ RunTime:0.143978s ]
INFO: [ view_filter ] --START--
INFO: Run Behavior\WriteHtmlCacheBehavior [ RunTime:0.012596s ]
INFO: [ view_filter ] --END-- [ RunTime:0.012778s ]
INFO: [ app_end ] --START--
INFO: Run Behavior\ShowPageTraceBehavior [ RunTime:0.014056s ]
INFO: [ app_end ] --END-- [ RunTime:0.014352s ]

[ 2017-03-22T16:03:48+08:00 ] 10.70.10.198 /education/
INFO: [ app_init ] --START--
INFO: Run Behavior\BuildLiteBehavior [ RunTime:0.000058s ]
INFO: [ app_init ] --END-- [ RunTime:0.025744s ]
INFO: [ app_begin ] --START--
INFO: Run Behavior\ReadHtmlCacheBehavior [ RunTime:0.012958s ]
INFO: [ app_begin ] --END-- [ RunTime:0.013306s ]
SQL: SHOW COLUMNS FROM `article1` [ RunTime:0.0171s ]
SQL: SELECT * FROM `article1` WHERE `type` = '教务通知' ORDER BY id desc LIMIT 7   [ RunTime:0.0288s ]
SQL: SELECT * FROM `article1` WHERE `type` = '专业特色' ORDER BY id desc LIMIT 10   [ RunTime:0.0196s ]
SQL: SELECT * FROM `article1` WHERE `type` = '质量工程' ORDER BY id desc LIMIT 5   [ RunTime:0.0226s ]
SQL: SELECT * FROM `article1` WHERE `type` = '教务要闻' ORDER BY id desc LIMIT 5   [ RunTime:0.0534s ]
INFO: [ view_parse ] --START--
INFO: [ template_filter ] --START--
INFO: Run Behavior\ContentReplaceBehavior [ RunTime:0.000467s ]
INFO: [ template_filter ] --END-- [ RunTime:0.000915s ]
INFO: Run Behavior\ParseTemplateBehavior [ RunTime:0.067076s ]
INFO: [ view_parse ] --END-- [ RunTime:0.067354s ]
INFO: [ view_filter ] --START--
INFO: Run Behavior\WriteHtmlCacheBehavior [ RunTime:0.002944s ]
INFO: [ view_filter ] --END-- [ RunTime:0.005614s ]
INFO: [ app_end ] --START--
INFO: Run Behavior\ShowPageTraceBehavior [ RunTime:0.005972s ]
INFO: [ app_end ] --END-- [ RunTime:0.013277s ]

[ 2017-03-22T16:03:59+08:00 ] 10.70.10.198 /education/index.php/Home/Web2/index
INFO: [ app_init ] --START--
INFO: Run Behavior\BuildLiteBehavior [ RunTime:0.000052s ]
INFO: [ app_init ] --END-- [ RunTime:0.011173s ]
INFO: [ app_begin ] --START--
INFO: Run Behavior\ReadHtmlCacheBehavior [ RunTime:0.033930s ]
INFO: [ app_begin ] --END-- [ RunTime:0.034193s ]
SQL: SHOW COLUMNS FROM `article2` [ RunTime:0.0086s ]
SQL: SELECT COUNT(*) AS tp_count FROM `article2` LIMIT 1   [ RunTime:0.0012s ]
SQL: SELECT * FROM `article2` ORDER BY id desc LIMIT 0,5   [ RunTime:0.0111s ]
INFO: [ view_parse ] --START--
INFO: [ template_filter ] --START--
INFO: Run Behavior\ContentReplaceBehavior [ RunTime:0.000199s ]
INFO: [ template_filter ] --END-- [ RunTime:0.000572s ]
INFO: Run Behavior\ParseTemplateBehavior [ RunTime:0.086313s ]
INFO: [ view_parse ] --END-- [ RunTime:0.087731s ]
INFO: [ view_filter ] --START--
INFO: Run Behavior\WriteHtmlCacheBehavior [ RunTime:0.008966s ]
INFO: [ view_filter ] --END-- [ RunTime:0.010957s ]
INFO: [ app_end ] --START--
INFO: Run Behavior\ShowPageTraceBehavior [ RunTime:0.003796s ]
INFO: [ app_end ] --END-- [ RunTime:0.003994s ]

[ 2017-03-22T16:04:01+08:00 ] 10.70.10.198 /education/index.php/Home/Web3/index
INFO: [ app_init ] --START--
INFO: Run Behavior\BuildLiteBehavior [ RunTime:0.000056s ]
INFO: [ app_init ] --END-- [ RunTime:0.012570s ]
INFO: [ app_begin ] --START--
INFO: Run Behavior\ReadHtmlCacheBehavior [ RunTime:0.021096s ]
INFO: [ app_begin ] --END-- [ RunTime:0.021630s ]
SQL: SHOW COLUMNS FROM `article3` [ RunTime:0.0163s ]
SQL: SELECT COUNT(*) AS tp_count FROM `article3` LIMIT 1   [ RunTime:0.0026s ]
SQL: SELECT * FROM `article3` ORDER BY id desc LIMIT 0,5   [ RunTime:0.0016s ]
INFO: [ view_parse ] --START--
INFO: [ template_filter ] --START--
INFO: Run Behavior\ContentReplaceBehavior [ RunTime:0.000184s ]
INFO: [ template_filter ] --END-- [ RunTime:0.000490s ]
INFO: Run Behavior\ParseTemplateBehavior [ RunTime:0.112698s ]
INFO: [ view_parse ] --END-- [ RunTime:0.113001s ]
INFO: [ view_filter ] --START--
INFO: Run Behavior\WriteHtmlCacheBehavior [ RunTime:0.006597s ]
INFO: [ view_filter ] --END-- [ RunTime:0.007034s ]
INFO: [ app_end ] --START--
INFO: Run Behavior\ShowPageTraceBehavior [ RunTime:0.004229s ]
INFO: [ app_end ] --END-- [ RunTime:0.004446s ]

[ 2017-03-22T16:04:08+08:00 ] 101.226.125.105 /education/index.php/Home/Web2/index
INFO: [ app_init ] --START--
INFO: Run Behavior\BuildLiteBehavior [ RunTime:0.000057s ]
INFO: [ app_init ] --END-- [ RunTime:0.010657s ]
INFO: [ app_begin ] --START--
INFO: Run Behavior\ReadHtmlCacheBehavior [ RunTime:0.009159s ]
INFO: [ app_begin ] --END-- [ RunTime:0.009393s ]
SQL: SHOW COLUMNS FROM `article2` [ RunTime:0.0219s ]
SQL: SELECT COUNT(*) AS tp_count FROM `article2` LIMIT 1   [ RunTime:0.0007s ]
SQL: SELECT * FROM `article2` ORDER BY id desc LIMIT 0,5   [ RunTime:0.0143s ]
INFO: [ view_parse ] --START--
INFO: [ template_filter ] --START--
INFO: Run Behavior\ContentReplaceBehavior [ RunTime:0.000893s ]
INFO: [ template_filter ] --END-- [ RunTime:0.002694s ]
INFO: Run Behavior\ParseTemplateBehavior [ RunTime:0.088712s ]
INFO: [ view_parse ] --END-- [ RunTime:0.088985s ]
INFO: [ view_filter ] --START--
INFO: Run Behavior\WriteHtmlCacheBehavior [ RunTime:0.014411s ]
INFO: [ view_filter ] --END-- [ RunTime:0.014603s ]
INFO: [ app_end ] --START--
INFO: Run Behavior\ShowPageTraceBehavior [ RunTime:0.007499s ]
INFO: [ app_end ] --END-- [ RunTime:0.007664s ]

[ 2017-03-22T16:04:10+08:00 ] 101.226.66.191 /education/index.php/Home/Web3/index
INFO: [ app_init ] --START--
INFO: Run Behavior\BuildLiteBehavior [ RunTime:0.000100s ]
INFO: [ app_init ] --END-- [ RunTime:0.007691s ]
INFO: [ app_begin ] --START--
INFO: Run Behavior\ReadHtmlCacheBehavior [ RunTime:0.010246s ]
INFO: [ app_begin ] --END-- [ RunTime:0.010532s ]
SQL: SHOW COLUMNS FROM `article3` [ RunTime:0.0065s ]
SQL: SELECT COUNT(*) AS tp_count FROM `article3` LIMIT 1   [ RunTime:0.0037s ]
SQL: SELECT * FROM `article3` ORDER BY id desc LIMIT 0,5   [ RunTime:0.0018s ]
INFO: [ view_parse ] --START--
INFO: [ template_filter ] --START--
INFO: Run Behavior\ContentReplaceBehavior [ RunTime:0.000231s ]
INFO: [ template_filter ] --END-- [ RunTime:0.000501s ]
INFO: Run Behavior\ParseTemplateBehavior [ RunTime:0.072350s ]
INFO: [ view_parse ] --END-- [ RunTime:0.072875s ]
INFO: [ view_filter ] --START--
INFO: Run Behavior\WriteHtmlCacheBehavior [ RunTime:0.004760s ]
INFO: [ view_filter ] --END-- [ RunTime:0.004993s ]
INFO: [ app_end ] --START--
INFO: Run Behavior\ShowPageTraceBehavior [ RunTime:0.007210s ]
INFO: [ app_end ] --END-- [ RunTime:0.007292s ]

[ 2017-03-22T16:05:30+08:00 ] 10.70.10.198 /education/index.php/Home/Web3/index
INFO: [ app_init ] --START--
INFO: Run Behavior\BuildLiteBehavior [ RunTime:0.000060s ]
INFO: [ app_init ] --END-- [ RunTime:0.013387s ]
INFO: [ app_begin ] --START--
INFO: Run Behavior\ReadHtmlCacheBehavior [ RunTime:0.016234s ]
INFO: [ app_begin ] --END-- [ RunTime:0.016503s ]
SQL: SHOW COLUMNS FROM `article3` [ RunTime:0.0071s ]
SQL: SELECT COUNT(*) AS tp_count FROM `article3` LIMIT 1   [ RunTime:0.0014s ]
SQL: SELECT * FROM `article3` ORDER BY id desc LIMIT 0,5   [ RunTime:0.0334s ]
INFO: [ view_parse ] --START--
INFO: [ template_filter ] --START--
INFO: Run Behavior\ContentReplaceBehavior [ RunTime:0.000204s ]
INFO: [ template_filter ] --END-- [ RunTime:0.000508s ]
INFO: Run Behavior\ParseTemplateBehavior [ RunTime:0.070756s ]
INFO: [ view_parse ] --END-- [ RunTime:0.071082s ]
INFO: [ view_filter ] --START--
INFO: Run Behavior\WriteHtmlCacheBehavior [ RunTime:0.005492s ]
INFO: [ view_filter ] --END-- [ RunTime:0.005762s ]
INFO: [ app_end ] --START--
INFO: Run Behavior\ShowPageTraceBehavior [ RunTime:0.007095s ]
INFO: [ app_end ] --END-- [ RunTime:0.007277s ]

[ 2017-03-22T16:05:33+08:00 ] 10.70.10.198 /education/index.php/Home/Index/index
INFO: [ app_init ] --START--
INFO: Run Behavior\BuildLiteBehavior [ RunTime:0.000045s ]
INFO: [ app_init ] --END-- [ RunTime:0.004231s ]
INFO: [ app_begin ] --START--
INFO: Run Behavior\ReadHtmlCacheBehavior [ RunTime:0.006156s ]
INFO: [ app_begin ] --END-- [ RunTime:0.016253s ]
SQL: SHOW COLUMNS FROM `article1` [ RunTime:0.0151s ]
SQL: SELECT * FROM `article1` WHERE `type` = '教务通知' ORDER BY id desc LIMIT 7   [ RunTime:0.0740s ]
SQL: SELECT * FROM `article1` WHERE `type` = '专业特色' ORDER BY id desc LIMIT 10   [ RunTime:0.0278s ]
SQL: SELECT * FROM `article1` WHERE `type` = '质量工程' ORDER BY id desc LIMIT 5   [ RunTime:0.0298s ]
SQL: SELECT * FROM `article1` WHERE `type` = '教务要闻' ORDER BY id desc LIMIT 5   [ RunTime:0.0225s ]
INFO: [ view_parse ] --START--
INFO: [ template_filter ] --START--
INFO: Run Behavior\ContentReplaceBehavior [ RunTime:0.000348s ]
INFO: [ template_filter ] --END-- [ RunTime:0.000585s ]
INFO: Run Behavior\ParseTemplateBehavior [ RunTime:0.096027s ]
INFO: [ view_parse ] --END-- [ RunTime:0.096193s ]
INFO: [ view_filter ] --START--
INFO: Run Behavior\WriteHtmlCacheBehavior [ RunTime:0.010296s ]
INFO: [ view_filter ] --END-- [ RunTime:0.010459s ]
INFO: [ app_end ] --START--
INFO: Run Behavior\ShowPageTraceBehavior [ RunTime:0.017976s ]
INFO: [ app_end ] --END-- [ RunTime:0.018188s ]

[ 2017-03-22T16:05:43+08:00 ] 61.151.228.22 /education/index.php/Home/Index/index
INFO: [ app_init ] --START--
INFO: Run Behavior\BuildLiteBehavior [ RunTime:0.000047s ]
INFO: [ app_init ] --END-- [ RunTime:0.005076s ]
INFO: [ app_begin ] --START--
INFO: Run Behavior\ReadHtmlCacheBehavior [ RunTime:0.004647s ]
INFO: [ app_begin ] --END-- [ RunTime:0.004874s ]
SQL: SHOW COLUMNS FROM `article1` [ RunTime:0.0113s ]
SQL: SELECT * FROM `article1` WHERE `type` = '教务通知' ORDER BY id desc LIMIT 7   [ RunTime:0.0279s ]
SQL: SELECT * FROM `article1` WHERE `type` = '专业特色' ORDER BY id desc LIMIT 10   [ RunTime:0.0297s ]
SQL: SELECT * FROM `article1` WHERE `type` = '质量工程' ORDER BY id desc LIMIT 5   [ RunTime:0.0273s ]
SQL: SELECT * FROM `article1` WHERE `type` = '教务要闻' ORDER BY id desc LIMIT 5   [ RunTime:0.0290s ]
INFO: [ view_parse ] --START--
INFO: [ template_filter ] --START--
INFO: Run Behavior\ContentReplaceBehavior [ RunTime:0.000288s ]
INFO: [ template_filter ] --END-- [ RunTime:0.000509s ]
INFO: Run Behavior\ParseTemplateBehavior [ RunTime:0.102699s ]
INFO: [ view_parse ] --END-- [ RunTime:0.102917s ]
INFO: [ view_filter ] --START--
INFO: Run Behavior\WriteHtmlCacheBehavior [ RunTime:0.011720s ]
INFO: [ view_filter ] --END-- [ RunTime:0.011907s ]
INFO: [ app_end ] --START--
INFO: Run Behavior\ShowPageTraceBehavior [ RunTime:0.003051s ]
INFO: [ app_end ] --END-- [ RunTime:0.003211s ]

[ 2017-03-22T16:14:16+08:00 ] 10.70.10.198 /education/index.php/Home/Index/index
INFO: [ app_init ] --START--
INFO: Run Behavior\BuildLiteBehavior [ RunTime:0.000043s ]
INFO: [ app_init ] --END-- [ RunTime:0.011922s ]
INFO: [ app_begin ] --START--
INFO: Run Behavior\ReadHtmlCacheBehavior [ RunTime:0.010385s ]
INFO: [ app_begin ] --END-- [ RunTime:0.010644s ]
SQL: SHOW COLUMNS FROM `article1` [ RunTime:0.0409s ]
SQL: SELECT * FROM `article1` WHERE `type` = '教务通知' ORDER BY id desc LIMIT 7   [ RunTime:0.4932s ]
SQL: SELECT * FROM `article1` WHERE `type` = '专业特色' ORDER BY id desc LIMIT 10   [ RunTime:0.0315s ]
SQL: SELECT * FROM `article1` WHERE `type` = '质量工程' ORDER BY id desc LIMIT 5   [ RunTime:0.0554s ]
SQL: SELECT * FROM `article1` WHERE `type` = '教务要闻' ORDER BY id desc LIMIT 5   [ RunTime:0.2224s ]
INFO: [ view_parse ] --START--
INFO: [ template_filter ] --START--
INFO: Run Behavior\ContentReplaceBehavior [ RunTime:0.000399s ]
INFO: [ template_filter ] --END-- [ RunTime:0.000645s ]
INFO: Run Behavior\ParseTemplateBehavior [ RunTime:1.080507s ]
INFO: [ view_parse ] --END-- [ RunTime:1.081361s ]
INFO: [ view_filter ] --START--
INFO: Run Behavior\WriteHtmlCacheBehavior [ RunTime:0.027835s ]
INFO: [ view_filter ] --END-- [ RunTime:0.028504s ]

[ 2017-03-22T16:14:17+08:00 ] 10.70.10.198 /education/index.php/Home/Web2/index
INFO: [ app_init ] --START--
INFO: Run Behavior\BuildLiteBehavior [ RunTime:0.000040s ]
INFO: [ app_init ] --END-- [ RunTime:0.002139s ]
INFO: [ app_begin ] --START--
INFO: Run Behavior\ReadHtmlCacheBehavior [ RunTime:0.002146s ]
INFO: [ app_begin ] --END-- [ RunTime:0.002478s ]
SQL: SHOW COLUMNS FROM `article2` [ RunTime:0.0185s ]
SQL: SELECT COUNT(*) AS tp_count FROM `article2` LIMIT 1   [ RunTime:0.0014s ]
SQL: SELECT * FROM `article2` ORDER BY id desc LIMIT 0,5   [ RunTime:0.0429s ]
INFO: [ view_parse ] --START--
INFO: [ template_filter ] --START--
INFO: Run Behavior\ContentReplaceBehavior [ RunTime:0.000240s ]
INFO: [ template_filter ] --END-- [ RunTime:0.000628s ]
INFO: Run Behavior\ParseTemplateBehavior [ RunTime:0.094440s ]
INFO: [ view_parse ] --END-- [ RunTime:0.094720s ]
INFO: [ view_filter ] --START--
INFO: Run Behavior\WriteHtmlCacheBehavior [ RunTime:0.014645s ]
INFO: [ view_filter ] --END-- [ RunTime:0.014843s ]

[ 2017-03-22T16:14:17+08:00 ] 10.70.10.198 /education/index.php/Home/Web3/index
INFO: [ app_init ] --START--
INFO: Run Behavior\BuildLiteBehavior [ RunTime:0.000055s ]
INFO: [ app_init ] --END-- [ RunTime:0.013825s ]
INFO: [ app_begin ] --START--
INFO: Run Behavior\ReadHtmlCacheBehavior [ RunTime:0.037120s ]
INFO: [ app_begin ] --END-- [ RunTime:0.037686s ]
SQL: SHOW COLUMNS FROM `article3` [ RunTime:0.0953s ]
SQL: SELECT COUNT(*) AS tp_count FROM `article3` LIMIT 1   [ RunTime:0.0033s ]
SQL: SELECT * FROM `article3` ORDER BY id desc LIMIT 0,5   [ RunTime:0.0543s ]
INFO: [ view_parse ] --START--
INFO: [ template_filter ] --START--
INFO: Run Behavior\ContentReplaceBehavior [ RunTime:0.000178s ]
INFO: [ template_filter ] --END-- [ RunTime:0.000472s ]
INFO: Run Behavior\ParseTemplateBehavior [ RunTime:0.137603s ]
INFO: [ view_parse ] --END-- [ RunTime:0.137943s ]
INFO: [ view_filter ] --START--
INFO: Run Behavior\WriteHtmlCacheBehavior [ RunTime:0.010839s ]
INFO: [ view_filter ] --END-- [ RunTime:0.011391s ]
INFO: [ app_end ] --START--
INFO: Run Behavior\ShowPageTraceBehavior [ RunTime:0.014162s ]
INFO: [ app_end ] --END-- [ RunTime:0.015392s ]

[ 2017-03-22T16:14:21+08:00 ] 10.70.10.198 /education/index.php/Home/Web3/column/type/%E6%95%99%E5%AD%A6%E7%AE%A1%E7%90%86%E4%B8%8E%E4%BF%A1%E6%81%AF%E5%8A%9E%E5%85%AC%E5%AE%A4.html
INFO: [ app_init ] --START--
INFO: Run Behavior\BuildLiteBehavior [ RunTime:0.000055s ]
INFO: [ app_init ] --END-- [ RunTime:0.016150s ]
INFO: [ app_begin ] --START--
INFO: Run Behavior\ReadHtmlCacheBehavior [ RunTime:0.027775s ]
INFO: [ app_begin ] --END-- [ RunTime:0.028569s ]
SQL: SHOW COLUMNS FROM `article3` [ RunTime:0.0252s ]
SQL: SELECT COUNT(*) AS tp_count FROM `article3` WHERE `type` = '教学管理与信息办公室' LIMIT 1   [ RunTime:0.0010s ]
SQL: SELECT * FROM `article3` WHERE `type` = '教学管理与信息办公室' ORDER BY id desc LIMIT 0,5   [ RunTime:0.0085s ]
INFO: [ view_parse ] --START--
INFO: [ template_filter ] --START--
INFO: Run Behavior\ContentReplaceBehavior [ RunTime:0.000248s ]
INFO: [ template_filter ] --END-- [ RunTime:0.000533s ]
INFO: Run Behavior\ParseTemplateBehavior [ RunTime:0.344680s ]
INFO: [ view_parse ] --END-- [ RunTime:0.345073s ]
INFO: [ view_filter ] --START--
INFO: Run Behavior\WriteHtmlCacheBehavior [ RunTime:0.008825s ]
INFO: [ view_filter ] --END-- [ RunTime:0.008993s ]
INFO: [ app_end ] --START--
INFO: Run Behavior\ShowPageTraceBehavior [ RunTime:0.052154s ]
INFO: [ app_end ] --END-- [ RunTime:0.052348s ]

[ 2017-03-22T16:14:24+08:00 ] 10.70.10.198 /education/index.php/Home/Web3/columnindex/id/3
INFO: [ app_init ] --START--
INFO: Run Behavior\BuildLiteBehavior [ RunTime:0.000052s ]
INFO: [ app_init ] --END-- [ RunTime:0.007438s ]
INFO: [ app_begin ] --START--
INFO: Run Behavior\ReadHtmlCacheBehavior [ RunTime:0.015903s ]
INFO: [ app_begin ] --END-- [ RunTime:0.016184s ]
SQL: SHOW COLUMNS FROM `article3` [ RunTime:0.0715s ]
SQL: SELECT * FROM `article3` WHERE `id` = 3 LIMIT 1   [ RunTime:0.0013s ]
INFO: [ view_parse ] --START--
INFO: [ template_filter ] --START--
INFO: Run Behavior\ContentReplaceBehavior [ RunTime:0.000281s ]
INFO: [ template_filter ] --END-- [ RunTime:0.000554s ]
NOTIC: [8] Undefined variable: blog E:\htdocs\education\Application\Runtime\Cache\Home\61542d09fcfcd4c5766c1c03c712c4ae.php 第 98 行.
INFO: Run Behavior\ParseTemplateBehavior [ RunTime:0.140958s ]
INFO: [ view_parse ] --END-- [ RunTime:0.141223s ]
INFO: [ view_filter ] --START--
INFO: Run Behavior\WriteHtmlCacheBehavior [ RunTime:0.008154s ]
INFO: [ view_filter ] --END-- [ RunTime:0.008623s ]
INFO: [ app_end ] --START--
INFO: Run Behavior\ShowPageTraceBehavior [ RunTime:0.016408s ]
INFO: [ app_end ] --END-- [ RunTime:0.016917s ]

[ 2017-03-22T16:14:28+08:00 ] 10.70.10.198 /education/index.php/Home/Web3/column/type/%E6%95%99%E6%94%B9%E4%B8%8E%E8%B4%A8%E9%87%8F%E5%8A%9E%E5%85%AC%E5%AE%A4.html
INFO: [ app_init ] --START--
INFO: Run Behavior\BuildLiteBehavior [ RunTime:0.000052s ]
INFO: [ app_init ] --END-- [ RunTime:0.007583s ]
INFO: [ app_begin ] --START--
INFO: Run Behavior\ReadHtmlCacheBehavior [ RunTime:0.009907s ]
INFO: [ app_begin ] --END-- [ RunTime:0.010188s ]
SQL: SHOW COLUMNS FROM `article3` [ RunTime:0.0327s ]
SQL: SELECT COUNT(*) AS tp_count FROM `article3` WHERE `type` = '教改与质量办公室' LIMIT 1   [ RunTime:0.0016s ]
SQL: SELECT * FROM `article3` WHERE `type` = '教改与质量办公室' ORDER BY id desc LIMIT 0,5   [ RunTime:0.0030s ]
INFO: [ view_parse ] --START--
INFO: [ template_filter ] --START--
INFO: Run Behavior\ContentReplaceBehavior [ RunTime:0.000269s ]
INFO: [ template_filter ] --END-- [ RunTime:0.000573s ]
INFO: Run Behavior\ParseTemplateBehavior [ RunTime:0.130781s ]
INFO: [ view_parse ] --END-- [ RunTime:0.131105s ]
INFO: [ view_filter ] --START--
INFO: Run Behavior\WriteHtmlCacheBehavior [ RunTime:0.009361s ]
INFO: [ view_filter ] --END-- [ RunTime:0.009558s ]
INFO: [ app_end ] --START--
INFO: Run Behavior\ShowPageTraceBehavior [ RunTime:0.007999s ]
INFO: [ app_end ] --END-- [ RunTime:0.022420s ]

[ 2017-03-22T16:14:29+08:00 ] 10.70.10.198 /education/index.php/Home/Web3/columnindex/id/1
INFO: [ app_init ] --START--
INFO: Run Behavior\BuildLiteBehavior [ RunTime:0.000052s ]
INFO: [ app_init ] --END-- [ RunTime:0.006190s ]
INFO: [ app_begin ] --START--
INFO: Run Behavior\ReadHtmlCacheBehavior [ RunTime:0.008892s ]
INFO: [ app_begin ] --END-- [ RunTime:0.009866s ]
SQL: SHOW COLUMNS FROM `article3` [ RunTime:0.0084s ]
SQL: SELECT * FROM `article3` WHERE `id` = 1 LIMIT 1   [ RunTime:0.0027s ]
INFO: [ view_parse ] --START--
INFO: [ template_filter ] --START--
INFO: Run Behavior\ContentReplaceBehavior [ RunTime:0.000203s ]
INFO: [ template_filter ] --END-- [ RunTime:0.000458s ]
NOTIC: [8] Undefined variable: blog E:\htdocs\education\Application\Runtime\Cache\Home\61542d09fcfcd4c5766c1c03c712c4ae.php 第 98 行.
INFO: Run Behavior\ParseTemplateBehavior [ RunTime:0.102853s ]
INFO: [ view_parse ] --END-- [ RunTime:0.103085s ]
INFO: [ view_filter ] --START--
INFO: Run Behavior\WriteHtmlCacheBehavior [ RunTime:0.006897s ]
INFO: [ view_filter ] --END-- [ RunTime:0.007482s ]
INFO: [ app_end ] --START--
INFO: Run Behavior\ShowPageTraceBehavior [ RunTime:0.007731s ]
INFO: [ app_end ] --END-- [ RunTime:0.007975s ]

[ 2017-03-22T16:14:33+08:00 ] 10.70.10.198 /education/index.php/Home/Web3/column/type/%E6%95%99%E5%AD%A6%E7%AE%A1%E7%90%86%E4%B8%8E%E4%BF%A1%E6%81%AF%E5%8A%9E%E5%85%AC%E5%AE%A4.html
INFO: [ app_init ] --START--
INFO: Run Behavior\BuildLiteBehavior [ RunTime:0.000075s ]
INFO: [ app_init ] --END-- [ RunTime:0.008119s ]
INFO: [ app_begin ] --START--
INFO: Run Behavior\ReadHtmlCacheBehavior [ RunTime:0.006021s ]
INFO: [ app_begin ] --END-- [ RunTime:0.006280s ]
SQL: SHOW COLUMNS FROM `article3` [ RunTime:0.0225s ]
SQL: SELECT COUNT(*) AS tp_count FROM `article3` WHERE `type` = '教学管理与信息办公室' LIMIT 1   [ RunTime:0.0013s ]
SQL: SELECT * FROM `article3` WHERE `type` = '教学管理与信息办公室' ORDER BY id desc LIMIT 0,5   [ RunTime:0.0012s ]
INFO: [ view_parse ] --START--
INFO: [ template_filter ] --START--
INFO: Run Behavior\ContentReplaceBehavior [ RunTime:0.000343s ]
INFO: [ template_filter ] --END-- [ RunTime:0.000591s ]
INFO: Run Behavior\ParseTemplateBehavior [ RunTime:0.092842s ]
INFO: [ view_parse ] --END-- [ RunTime:0.093229s ]
INFO: [ view_filter ] --START--
INFO: Run Behavior\WriteHtmlCacheBehavior [ RunTime:0.009401s ]
INFO: [ view_filter ] --END-- [ RunTime:0.009593s ]
INFO: [ app_end ] --START--
INFO: Run Behavior\ShowPageTraceBehavior [ RunTime:0.006896s ]
INFO: [ app_end ] --END-- [ RunTime:0.007093s ]

[ 2017-03-22T16:14:35+08:00 ] 10.70.10.198 /education/index.php/Home/Web3/columnindex/id/3
INFO: [ app_init ] --START--
INFO: Run Behavior\BuildLiteBehavior [ RunTime:0.000054s ]
INFO: [ app_init ] --END-- [ RunTime:0.011057s ]
INFO: [ app_begin ] --START--
INFO: Run Behavior\ReadHtmlCacheBehavior [ RunTime:0.004755s ]
INFO: [ app_begin ] --END-- [ RunTime:0.004982s ]
SQL: SHOW COLUMNS FROM `article3` [ RunTime:0.0069s ]
SQL: SELECT * FROM `article3` WHERE `id` = 3 LIMIT 1   [ RunTime:0.0008s ]
INFO: [ view_parse ] --START--
INFO: [ template_filter ] --START--
INFO: Run Behavior\ContentReplaceBehavior [ RunTime:0.000343s ]
INFO: [ template_filter ] --END-- [ RunTime:0.000612s ]
NOTIC: [8] Undefined variable: blog E:\htdocs\education\Application\Runtime\Cache\Home\61542d09fcfcd4c5766c1c03c712c4ae.php 第 98 行.
INFO: Run Behavior\ParseTemplateBehavior [ RunTime:0.060555s ]
INFO: [ view_parse ] --END-- [ RunTime:0.060764s ]
INFO: [ view_filter ] --START--
INFO: Run Behavior\WriteHtmlCacheBehavior [ RunTime:0.003398s ]
INFO: [ view_filter ] --END-- [ RunTime:0.003598s ]
INFO: [ app_end ] --START--
INFO: Run Behavior\ShowPageTraceBehavior [ RunTime:0.011577s ]
INFO: [ app_end ] --END-- [ RunTime:0.011826s ]

[ 2017-03-22T16:14:37+08:00 ] 10.70.10.198 /education/index.php/Home/Web3/column/type/%E5%AE%9E%E8%B7%B5%E6%95%99%E5%AD%A6%E5%8A%9E%E5%85%AC%E5%AE%A4.html
INFO: [ app_init ] --START--
INFO: Run Behavior\BuildLiteBehavior [ RunTime:0.000040s ]
INFO: [ app_init ] --END-- [ RunTime:0.001247s ]
INFO: [ app_begin ] --START--
INFO: Run Behavior\ReadHtmlCacheBehavior [ RunTime:0.001927s ]
INFO: [ app_begin ] --END-- [ RunTime:0.002012s ]
SQL: SHOW COLUMNS FROM `article3` [ RunTime:0.0127s ]
SQL: SELECT COUNT(*) AS tp_count FROM `article3` WHERE `type` = '实践教学办公室' LIMIT 1   [ RunTime:0.0009s ]
SQL: SELECT * FROM `article3` WHERE `type` = '实践教学办公室' ORDER BY id desc LIMIT 0,5   [ RunTime:0.0015s ]
INFO: [ view_parse ] --START--
INFO: [ template_filter ] --START--
INFO: Run Behavior\ContentReplaceBehavior [ RunTime:0.000241s ]
INFO: [ template_filter ] --END-- [ RunTime:0.000516s ]
INFO: Run Behavior\ParseTemplateBehavior [ RunTime:0.041548s ]
INFO: [ view_parse ] --END-- [ RunTime:0.041824s ]
INFO: [ view_filter ] --START--
INFO: Run Behavior\WriteHtmlCacheBehavior [ RunTime:0.000917s ]
INFO: [ view_filter ] --END-- [ RunTime:0.001051s ]
INFO: [ app_end ] --START--
INFO: Run Behavior\ShowPageTraceBehavior [ RunTime:0.002269s ]
INFO: [ app_end ] --END-- [ RunTime:0.002467s ]

[ 2017-03-22T16:14:38+08:00 ] 10.70.10.198 /education/index.php/Home/Web3/columnindex/id/5
INFO: [ app_init ] --START--
INFO: Run Behavior\BuildLiteBehavior [ RunTime:0.000049s ]
INFO: [ app_init ] --END-- [ RunTime:0.010938s ]
INFO: [ app_begin ] --START--
INFO: Run Behavior\ReadHtmlCacheBehavior [ RunTime:0.004522s ]
INFO: [ app_begin ] --END-- [ RunTime:0.004757s ]
SQL: SHOW COLUMNS FROM `article3` [ RunTime:0.0057s ]
SQL: SELECT * FROM `article3` WHERE `id` = 5 LIMIT 1   [ RunTime:0.0007s ]
INFO: [ view_parse ] --START--
INFO: [ template_filter ] --START--
INFO: Run Behavior\ContentReplaceBehavior [ RunTime:0.000235s ]
INFO: [ template_filter ] --END-- [ RunTime:0.000508s ]
NOTIC: [8] Undefined variable: blog E:\htdocs\education\Application\Runtime\Cache\Home\61542d09fcfcd4c5766c1c03c712c4ae.php 第 98 行.
INFO: Run Behavior\ParseTemplateBehavior [ RunTime:0.033787s ]
INFO: [ view_parse ] --END-- [ RunTime:0.034024s ]
INFO: [ view_filter ] --START--
INFO: Run Behavior\WriteHtmlCacheBehavior [ RunTime:0.000820s ]
INFO: [ view_filter ] --END-- [ RunTime:0.001018s ]
INFO: [ app_end ] --START--
INFO: Run Behavior\ShowPageTraceBehavior [ RunTime:0.003191s ]
INFO: [ app_end ] --END-- [ RunTime:0.003515s ]

[ 2017-03-22T16:15:40+08:00 ] 10.70.10.198 /education/index.php/Home/Web3/column/type/%E6%95%99%E5%AD%A6%E7%AE%A1%E7%90%86%E4%B8%8E%E4%BF%A1%E6%81%AF%E5%8A%9E%E5%85%AC%E5%AE%A4.html
INFO: [ app_init ] --START--
INFO: Run Behavior\BuildLiteBehavior [ RunTime:0.000847s ]
INFO: [ app_init ] --END-- [ RunTime:0.008121s ]
INFO: [ app_begin ] --START--
INFO: Run Behavior\ReadHtmlCacheBehavior [ RunTime:0.004846s ]
INFO: [ app_begin ] --END-- [ RunTime:0.005166s ]
SQL: SHOW COLUMNS FROM `article3` [ RunTime:0.0473s ]
SQL: SELECT COUNT(*) AS tp_count FROM `article3` WHERE `type` = '教学管理与信息办公室' LIMIT 1   [ RunTime:0.0014s ]
SQL: SELECT * FROM `article3` WHERE `type` = '教学管理与信息办公室' ORDER BY id desc LIMIT 0,5   [ RunTime:0.0014s ]
INFO: [ view_parse ] --START--
INFO: [ template_filter ] --START--
INFO: Run Behavior\ContentReplaceBehavior [ RunTime:0.000247s ]
INFO: [ template_filter ] --END-- [ RunTime:0.000513s ]
INFO: Run Behavior\ParseTemplateBehavior [ RunTime:0.077916s ]
INFO: [ view_parse ] --END-- [ RunTime:0.078221s ]
INFO: [ view_filter ] --START--
INFO: Run Behavior\WriteHtmlCacheBehavior [ RunTime:0.011127s ]
INFO: [ view_filter ] --END-- [ RunTime:0.011283s ]
INFO: [ app_end ] --START--
INFO: Run Behavior\ShowPageTraceBehavior [ RunTime:0.011015s ]
INFO: [ app_end ] --END-- [ RunTime:0.011224s ]

[ 2017-03-22T16:15:44+08:00 ] 10.70.10.198 /education/index.php/Home/Web3/column/type/%E6%95%99%E6%94%B9%E4%B8%8E%E8%B4%A8%E9%87%8F%E5%8A%9E%E5%85%AC%E5%AE%A4.html
INFO: [ app_init ] --START--
INFO: Run Behavior\BuildLiteBehavior [ RunTime:0.000049s ]
INFO: [ app_init ] --END-- [ RunTime:0.007707s ]
INFO: [ app_begin ] --START--
INFO: Run Behavior\ReadHtmlCacheBehavior [ RunTime:0.020252s ]
INFO: [ app_begin ] --END-- [ RunTime:0.021144s ]
SQL: SHOW COLUMNS FROM `article3` [ RunTime:0.0076s ]
SQL: SELECT COUNT(*) AS tp_count FROM `article3` WHERE `type` = '教改与质量办公室' LIMIT 1   [ RunTime:0.0008s ]
SQL: SELECT * FROM `article3` WHERE `type` = '教改与质量办公室' ORDER BY id desc LIMIT 0,5   [ RunTime:0.0021s ]
INFO: [ view_parse ] --START--
INFO: [ template_filter ] --START--
INFO: Run Behavior\ContentReplaceBehavior [ RunTime:0.000646s ]
INFO: [ template_filter ] --END-- [ RunTime:0.001950s ]
INFO: Run Behavior\ParseTemplateBehavior [ RunTime:0.049491s ]
INFO: [ view_parse ] --END-- [ RunTime:0.049764s ]
INFO: [ view_filter ] --START--
INFO: Run Behavior\WriteHtmlCacheBehavior [ RunTime:0.011330s ]
INFO: [ view_filter ] --END-- [ RunTime:0.011625s ]
INFO: [ app_end ] --START--
INFO: Run Behavior\ShowPageTraceBehavior [ RunTime:0.009821s ]
INFO: [ app_end ] --END-- [ RunTime:0.009998s ]

[ 2017-03-22T16:15:47+08:00 ] 10.70.10.198 /education/index.php/Home/Web3/columnindex/id/9
INFO: [ app_init ] --START--
INFO: Run Behavior\BuildLiteBehavior [ RunTime:0.000052s ]
INFO: [ app_init ] --END-- [ RunTime:0.010614s ]
INFO: [ app_begin ] --START--
INFO: Run Behavior\ReadHtmlCacheBehavior [ RunTime:0.006364s ]
INFO: [ app_begin ] --END-- [ RunTime:0.006606s ]
SQL: SHOW COLUMNS FROM `article3` [ RunTime:0.0312s ]
SQL: SELECT * FROM `article3` WHERE `id` = 9 LIMIT 1   [ RunTime:0.0044s ]
INFO: [ view_parse ] --START--
INFO: [ template_filter ] --START--
INFO: Run Behavior\ContentReplaceBehavior [ RunTime:0.000229s ]
INFO: [ template_filter ] --END-- [ RunTime:0.000958s ]
NOTIC: [8] Undefined variable: blog E:\htdocs\education\Application\Runtime\Cache\Home\61542d09fcfcd4c5766c1c03c712c4ae.php 第 98 行.
INFO: Run Behavior\ParseTemplateBehavior [ RunTime:0.071286s ]
INFO: [ view_parse ] --END-- [ RunTime:0.071505s ]
INFO: [ view_filter ] --START--
INFO: Run Behavior\WriteHtmlCacheBehavior [ RunTime:0.009726s ]
INFO: [ view_filter ] --END-- [ RunTime:0.009983s ]
INFO: [ app_end ] --START--
INFO: Run Behavior\ShowPageTraceBehavior [ RunTime:0.014446s ]
INFO: [ app_end ] --END-- [ RunTime:0.014794s ]

[ 2017-03-22T16:15:50+08:00 ] 10.70.10.198 /education/index.php/Home/Web3/column/type/%E5%AD%A6%E7%B1%8D%E7%AE%A1%E7%90%86%E5%8A%9E%E5%85%AC%E5%AE%A4.html
INFO: [ app_init ] --START--
INFO: Run Behavior\BuildLiteBehavior [ RunTime:0.000060s ]
INFO: [ app_init ] --END-- [ RunTime:0.009437s ]
INFO: [ app_begin ] --START--
INFO: Run Behavior\ReadHtmlCacheBehavior [ RunTime:0.007314s ]
INFO: [ app_begin ] --END-- [ RunTime:0.007583s ]
SQL: SHOW COLUMNS FROM `article3` [ RunTime:0.0190s ]
SQL: SELECT COUNT(*) AS tp_count FROM `article3` WHERE `type` = '学籍管理办公室' LIMIT 1   [ RunTime:0.0008s ]
SQL: SELECT * FROM `article3` WHERE `type` = '学籍管理办公室' ORDER BY id desc LIMIT 0,5   [ RunTime:0.0014s ]
INFO: [ view_parse ] --START--
INFO: [ template_filter ] --START--
INFO: Run Behavior\ContentReplaceBehavior [ RunTime:0.000249s ]
INFO: [ template_filter ] --END-- [ RunTime:0.000537s ]
INFO: Run Behavior\ParseTemplateBehavior [ RunTime:0.067133s ]
INFO: [ view_parse ] --END-- [ RunTime:0.067442s ]
INFO: [ view_filter ] --START--
INFO: Run Behavior\WriteHtmlCacheBehavior [ RunTime:0.005391s ]
INFO: [ view_filter ] --END-- [ RunTime:0.005571s ]
INFO: [ app_end ] --START--
INFO: Run Behavior\ShowPageTraceBehavior [ RunTime:0.002737s ]
INFO: [ app_end ] --END-- [ RunTime:0.002899s ]

[ 2017-03-22T16:15:51+08:00 ] 10.70.10.198 /education/index.php/Home/Web3/columnindex/id/4
INFO: [ app_init ] --START--
INFO: Run Behavior\BuildLiteBehavior [ RunTime:0.000044s ]
INFO: [ app_init ] --END-- [ RunTime:0.001538s ]
INFO: [ app_begin ] --START--
INFO: Run Behavior\ReadHtmlCacheBehavior [ RunTime:0.014009s ]
INFO: [ app_begin ] --END-- [ RunTime:0.014254s ]
SQL: SHOW COLUMNS FROM `article3` [ RunTime:0.0070s ]
SQL: SELECT * FROM `article3` WHERE `id` = 4 LIMIT 1   [ RunTime:0.0039s ]
INFO: [ view_parse ] --START--
INFO: [ template_filter ] --START--
INFO: Run Behavior\ContentReplaceBehavior [ RunTime:0.000511s ]
INFO: [ template_filter ] --END-- [ RunTime:0.000803s ]
NOTIC: [8] Undefined variable: blog E:\htdocs\education\Application\Runtime\Cache\Home\61542d09fcfcd4c5766c1c03c712c4ae.php 第 98 行.
INFO: Run Behavior\ParseTemplateBehavior [ RunTime:0.051528s ]
INFO: [ view_parse ] --END-- [ RunTime:0.051747s ]
INFO: [ view_filter ] --START--
INFO: Run Behavior\WriteHtmlCacheBehavior [ RunTime:0.005144s ]
INFO: [ view_filter ] --END-- [ RunTime:0.005430s ]
INFO: [ app_end ] --START--
INFO: Run Behavior\ShowPageTraceBehavior [ RunTime:0.008248s ]
INFO: [ app_end ] --END-- [ RunTime:0.008471s ]

[ 2017-03-22T16:17:09+08:00 ] 10.70.10.198 /education/index.php/Home/Web3/columnindex/id/4
INFO: [ app_init ] --START--
INFO: Run Behavior\BuildLiteBehavior [ RunTime:0.000054s ]
INFO: [ app_init ] --END-- [ RunTime:0.013987s ]
INFO: [ app_begin ] --START--
INFO: Run Behavior\ReadHtmlCacheBehavior [ RunTime:0.013122s ]
INFO: [ app_begin ] --END-- [ RunTime:0.013482s ]
SQL: SHOW COLUMNS FROM `article3` [ RunTime:0.0226s ]
SQL: SELECT * FROM `article3` WHERE `id` = 4 LIMIT 1   [ RunTime:0.0021s ]
INFO: [ view_parse ] --START--
INFO: [ template_filter ] --START--
INFO: Run Behavior\ContentReplaceBehavior [ RunTime:0.000241s ]
INFO: [ template_filter ] --END-- [ RunTime:0.000713s ]
NOTIC: [8] Undefined variable: blog E:\htdocs\education\Application\Runtime\Cache\Home\61542d09fcfcd4c5766c1c03c712c4ae.php 第 98 行.
INFO: Run Behavior\ParseTemplateBehavior [ RunTime:0.070474s ]
INFO: [ view_parse ] --END-- [ RunTime:0.070783s ]
INFO: [ view_filter ] --START--
INFO: Run Behavior\WriteHtmlCacheBehavior [ RunTime:0.000866s ]
INFO: [ view_filter ] --END-- [ RunTime:0.001084s ]
INFO: [ app_end ] --START--
INFO: Run Behavior\ShowPageTraceBehavior [ RunTime:0.001975s ]
INFO: [ app_end ] --END-- [ RunTime:0.002185s ]

