[ 2017-03-23T11:51:48+08:00 ] 10.70.10.198 /education/index.php/admin/login
INFO: [ app_init ] --START--
INFO: Run Behavior\BuildLiteBehavior [ RunTime:0.000054s ]
INFO: [ app_init ] --END-- [ RunTime:0.007057s ]
INFO: [ app_begin ] --START--
INFO: Run Behavior\ReadHtmlCacheBehavior [ RunTime:0.017367s ]
INFO: [ app_begin ] --END-- [ RunTime:0.017628s ]
SQL: SHOW COLUMNS FROM `admin` [ RunTime:0.0288s ]
INFO: [ view_parse ] --START--
INFO: [ template_filter ] --START--
INFO: Run Behavior\ContentReplaceBehavior [ RunTime:0.000210s ]
INFO: [ template_filter ] --END-- [ RunTime:0.000422s ]
INFO: Run Behavior\ParseTemplateBehavior [ RunTime:0.060634s ]
INFO: [ view_parse ] --END-- [ RunTime:0.060916s ]
INFO: [ view_filter ] --START--
INFO: Run Behavior\WriteHtmlCacheBehavior [ RunTime:0.010256s ]
INFO: [ view_filter ] --END-- [ RunTime:0.010450s ]
INFO: [ app_end ] --START--
INFO: Run Behavior\ShowPageTraceBehavior [ RunTime:0.005933s ]
INFO: [ app_end ] --END-- [ RunTime:0.006124s ]

[ 2017-03-23T11:51:51+08:00 ] 10.70.10.198 /education/index.php/admin/login
INFO: [ app_init ] --START--
INFO: Run Behavior\BuildLiteBehavior [ RunTime:0.000048s ]
INFO: [ app_init ] --END-- [ RunTime:0.003651s ]
INFO: [ app_begin ] --START--
INFO: Run Behavior\ReadHtmlCacheBehavior [ RunTime:0.006883s ]
INFO: [ app_begin ] --END-- [ RunTime:0.007132s ]
SQL: SHOW COLUMNS FROM `admin` [ RunTime:0.0099s ]
SQL: SELECT * FROM `admin` WHERE `name` = 'tt' AND `password` = '123' LIMIT 1   [ RunTime:0.0012s ]
INFO: [ view_parse ] --START--
INFO: [ template_filter ] --START--
INFO: Run Behavior\ContentReplaceBehavior [ RunTime:0.000144s ]
INFO: [ template_filter ] --END-- [ RunTime:0.000342s ]
INFO: Run Behavior\ParseTemplateBehavior [ RunTime:0.079396s ]
INFO: [ view_parse ] --END-- [ RunTime:0.079611s ]
INFO: [ view_filter ] --START--
INFO: Run Behavior\WriteHtmlCacheBehavior [ RunTime:0.010832s ]
INFO: [ view_filter ] --END-- [ RunTime:0.011020s ]
INFO: [ app_end ] --START--
INFO: Run Behavior\ShowPageTraceBehavior [ RunTime:0.014824s ]
INFO: [ app_end ] --END-- [ RunTime:0.015039s ]

[ 2017-03-23T11:51:53+08:00 ] 10.70.10.198 /education/index.php/Admin/Index/index.html
INFO: [ app_init ] --START--
INFO: Run Behavior\BuildLiteBehavior [ RunTime:0.000058s ]
INFO: [ app_init ] --END-- [ RunTime:0.010100s ]
INFO: [ app_begin ] --START--
INFO: Run Behavior\ReadHtmlCacheBehavior [ RunTime:0.007752s ]
INFO: [ app_begin ] --END-- [ RunTime:0.007980s ]
INFO: [ view_parse ] --START--
INFO: [ template_filter ] --START--
INFO: Run Behavior\ContentReplaceBehavior [ RunTime:0.003707s ]
INFO: [ template_filter ] --END-- [ RunTime:0.004038s ]
INFO: Run Behavior\ParseTemplateBehavior [ RunTime:0.199860s ]
INFO: [ view_parse ] --END-- [ RunTime:0.200371s ]
INFO: [ view_filter ] --START--
INFO: Run Behavior\WriteHtmlCacheBehavior [ RunTime:0.014761s ]
INFO: [ view_filter ] --END-- [ RunTime:0.015303s ]
INFO: [ app_end ] --START--
INFO: Run Behavior\ShowPageTraceBehavior [ RunTime:0.197558s ]
INFO: [ app_end ] --END-- [ RunTime:0.198068s ]

[ 2017-03-23T11:54:13+08:00 ] 10.70.10.198 /education/index.php/Admin/Index/index.html
INFO: [ app_init ] --START--
INFO: Run Behavior\BuildLiteBehavior [ RunTime:0.000064s ]
INFO: [ app_init ] --END-- [ RunTime:0.011939s ]
INFO: [ app_begin ] --START--
INFO: Run Behavior\ReadHtmlCacheBehavior [ RunTime:0.017748s ]
INFO: [ app_begin ] --END-- [ RunTime:0.017955s ]
INFO: [ view_parse ] --START--
INFO: [ template_filter ] --START--
INFO: Run Behavior\ContentReplaceBehavior [ RunTime:0.000346s ]
INFO: [ template_filter ] --END-- [ RunTime:0.000583s ]
INFO: Run Behavior\ParseTemplateBehavior [ RunTime:0.147962s ]
INFO: [ view_parse ] --END-- [ RunTime:0.148203s ]
INFO: [ view_filter ] --START--
INFO: Run Behavior\WriteHtmlCacheBehavior [ RunTime:0.021042s ]
INFO: [ view_filter ] --END-- [ RunTime:0.022216s ]
INFO: [ app_end ] --START--
INFO: Run Behavior\ShowPageTraceBehavior [ RunTime:0.034476s ]
INFO: [ app_end ] --END-- [ RunTime:0.038840s ]

[ 2017-03-23T12:03:14+08:00 ] 10.70.10.198 /education/index.php/Admin/Index/index.html
INFO: [ app_init ] --START--
INFO: Run Behavior\BuildLiteBehavior [ RunTime:0.000066s ]
INFO: [ app_init ] --END-- [ RunTime:0.004839s ]
INFO: [ app_begin ] --START--
INFO: Run Behavior\ReadHtmlCacheBehavior [ RunTime:0.028966s ]
INFO: [ app_begin ] --END-- [ RunTime:0.029172s ]
INFO: [ view_parse ] --START--
INFO: [ template_filter ] --START--
INFO: Run Behavior\ContentReplaceBehavior [ RunTime:0.001156s ]
INFO: [ template_filter ] --END-- [ RunTime:0.002869s ]
INFO: Run Behavior\ParseTemplateBehavior [ RunTime:0.129274s ]
INFO: [ view_parse ] --END-- [ RunTime:0.129535s ]
INFO: [ view_filter ] --START--
INFO: Run Behavior\WriteHtmlCacheBehavior [ RunTime:0.006562s ]
INFO: [ view_filter ] --END-- [ RunTime:0.006727s ]
INFO: [ app_end ] --START--
INFO: Run Behavior\ShowPageTraceBehavior [ RunTime:0.011900s ]
INFO: [ app_end ] --END-- [ RunTime:0.012039s ]

[ 2017-03-23T12:03:15+08:00 ] 10.70.10.198 /education/index.php/Admin/Index/index.html
INFO: [ app_init ] --START--
INFO: Run Behavior\BuildLiteBehavior [ RunTime:0.000048s ]
INFO: [ app_init ] --END-- [ RunTime:0.004607s ]
INFO: [ app_begin ] --START--
INFO: Run Behavior\ReadHtmlCacheBehavior [ RunTime:0.003097s ]
INFO: [ app_begin ] --END-- [ RunTime:0.003314s ]
INFO: [ view_parse ] --START--
INFO: [ template_filter ] --START--
INFO: Run Behavior\ContentReplaceBehavior [ RunTime:0.000327s ]
INFO: [ template_filter ] --END-- [ RunTime:0.000534s ]
INFO: Run Behavior\ParseTemplateBehavior [ RunTime:0.052402s ]
INFO: [ view_parse ] --END-- [ RunTime:0.052587s ]
INFO: [ view_filter ] --START--
INFO: Run Behavior\WriteHtmlCacheBehavior [ RunTime:0.003294s ]
INFO: [ view_filter ] --END-- [ RunTime:0.004356s ]
INFO: [ app_end ] --START--
INFO: Run Behavior\ShowPageTraceBehavior [ RunTime:0.004341s ]
INFO: [ app_end ] --END-- [ RunTime:0.004714s ]

[ 2017-03-23T12:03:15+08:00 ] 10.70.10.198 /education/index.php/Admin/Index/index.html
INFO: [ app_init ] --START--
INFO: Run Behavior\BuildLiteBehavior [ RunTime:0.000043s ]
INFO: [ app_init ] --END-- [ RunTime:0.014686s ]
INFO: [ app_begin ] --START--
INFO: Run Behavior\ReadHtmlCacheBehavior [ RunTime:0.001726s ]
INFO: [ app_begin ] --END-- [ RunTime:0.002054s ]
INFO: [ view_parse ] --START--
INFO: [ template_filter ] --START--
INFO: Run Behavior\ContentReplaceBehavior [ RunTime:0.000305s ]
INFO: [ template_filter ] --END-- [ RunTime:0.001813s ]
INFO: Run Behavior\ParseTemplateBehavior [ RunTime:0.036049s ]
INFO: [ view_parse ] --END-- [ RunTime:0.036270s ]
INFO: [ view_filter ] --START--
INFO: Run Behavior\WriteHtmlCacheBehavior [ RunTime:0.001239s ]
INFO: [ view_filter ] --END-- [ RunTime:0.001386s ]
INFO: [ app_end ] --START--
INFO: Run Behavior\ShowPageTraceBehavior [ RunTime:0.002846s ]
INFO: [ app_end ] --END-- [ RunTime:0.003018s ]

[ 2017-03-23T12:03:25+08:00 ] 10.70.10.198 /education/index.php/Admin/Index/index.html
INFO: [ app_init ] --START--
INFO: Run Behavior\BuildLiteBehavior [ RunTime:0.000114s ]
INFO: [ app_init ] --END-- [ RunTime:0.011838s ]
INFO: [ app_begin ] --START--
INFO: Run Behavior\ReadHtmlCacheBehavior [ RunTime:0.010238s ]
INFO: [ app_begin ] --END-- [ RunTime:0.010423s ]
INFO: [ view_parse ] --START--
INFO: [ template_filter ] --START--
INFO: Run Behavior\ContentReplaceBehavior [ RunTime:0.001180s ]
INFO: [ template_filter ] --END-- [ RunTime:0.001686s ]
INFO: Run Behavior\ParseTemplateBehavior [ RunTime:0.078290s ]
INFO: [ view_parse ] --END-- [ RunTime:0.078680s ]
INFO: [ view_filter ] --START--
INFO: Run Behavior\WriteHtmlCacheBehavior [ RunTime:0.009401s ]
INFO: [ view_filter ] --END-- [ RunTime:0.009479s ]
INFO: [ app_end ] --START--
INFO: Run Behavior\ShowPageTraceBehavior [ RunTime:0.013489s ]
INFO: [ app_end ] --END-- [ RunTime:0.013855s ]

[ 2017-03-23T12:04:56+08:00 ] 10.70.10.198 /education/index.php/Admin/Webhome/index/type/%E5%8D%95%E9%A1%B5.html
INFO: [ app_init ] --START--
INFO: Run Behavior\BuildLiteBehavior [ RunTime:0.000065s ]
INFO: [ app_init ] --END-- [ RunTime:0.025874s ]
INFO: [ app_begin ] --START--
INFO: Run Behavior\ReadHtmlCacheBehavior [ RunTime:0.021893s ]
INFO: [ app_begin ] --END-- [ RunTime:0.024806s ]
SQL: SHOW COLUMNS FROM `article1` [ RunTime:0.0339s ]
SQL: SELECT COUNT(*) AS tp_count FROM `article1` WHERE `type` = '单页' LIMIT 1   [ RunTime:0.0167s ]
SQL: SELECT * FROM `article1` WHERE `type` = '单页' ORDER BY id desc LIMIT 0,5   [ RunTime:0.0028s ]
INFO: [ view_parse ] --START--
INFO: [ template_filter ] --START--
INFO: Run Behavior\ContentReplaceBehavior [ RunTime:0.000589s ]
INFO: [ template_filter ] --END-- [ RunTime:0.000889s ]
INFO: Run Behavior\ParseTemplateBehavior [ RunTime:0.087087s ]
INFO: [ view_parse ] --END-- [ RunTime:0.087331s ]
INFO: [ view_filter ] --START--
INFO: Run Behavior\WriteHtmlCacheBehavior [ RunTime:0.001794s ]
INFO: [ view_filter ] --END-- [ RunTime:0.002223s ]
INFO: [ app_end ] --START--
INFO: Run Behavior\ShowPageTraceBehavior [ RunTime:0.008835s ]
INFO: [ app_end ] --END-- [ RunTime:0.010726s ]

[ 2017-03-23T12:04:59+08:00 ] 10.70.10.198 /education/index.php/Admin/Webhome/index/type/%E5%8D%95%E9%A1%B5.html
INFO: [ app_init ] --START--
INFO: Run Behavior\BuildLiteBehavior [ RunTime:0.000055s ]
INFO: [ app_init ] --END-- [ RunTime:0.012022s ]
INFO: [ app_begin ] --START--
INFO: Run Behavior\ReadHtmlCacheBehavior [ RunTime:0.013207s ]
INFO: [ app_begin ] --END-- [ RunTime:0.013676s ]
SQL: SHOW COLUMNS FROM `article1` [ RunTime:0.0109s ]
SQL: SELECT COUNT(*) AS tp_count FROM `article1` WHERE `type` = '单页' LIMIT 1   [ RunTime:0.0013s ]
SQL: SELECT * FROM `article1` WHERE `type` = '单页' ORDER BY id desc LIMIT 0,5   [ RunTime:0.0113s ]
INFO: [ view_parse ] --START--
INFO: [ template_filter ] --START--
INFO: Run Behavior\ContentReplaceBehavior [ RunTime:0.000677s ]
INFO: [ template_filter ] --END-- [ RunTime:0.000992s ]
INFO: Run Behavior\ParseTemplateBehavior [ RunTime:0.091754s ]
INFO: [ view_parse ] --END-- [ RunTime:0.092034s ]
INFO: [ view_filter ] --START--
INFO: Run Behavior\WriteHtmlCacheBehavior [ RunTime:0.018706s ]
INFO: [ view_filter ] --END-- [ RunTime:0.018916s ]
INFO: [ app_end ] --START--
INFO: Run Behavior\ShowPageTraceBehavior [ RunTime:0.002032s ]
INFO: [ app_end ] --END-- [ RunTime:0.002248s ]

[ 2017-03-23T12:05:00+08:00 ] 10.70.10.198 /education/index.php/Admin/Webhome/add/type/%E5%8D%95%E9%A1%B5.html
INFO: [ app_init ] --START--
INFO: Run Behavior\BuildLiteBehavior [ RunTime:0.000014s ]
INFO: [ app_init ] --END-- [ RunTime:0.006167s ]
INFO: [ app_begin ] --START--
INFO: Run Behavior\ReadHtmlCacheBehavior [ RunTime:0.006054s ]
INFO: [ app_begin ] --END-- [ RunTime:0.006243s ]
SQL: SHOW COLUMNS FROM `article1` [ RunTime:0.0232s ]
INFO: [ view_parse ] --START--
INFO: [ template_filter ] --START--
INFO: Run Behavior\ContentReplaceBehavior [ RunTime:0.000295s ]
INFO: [ template_filter ] --END-- [ RunTime:0.000482s ]
INFO: Run Behavior\ParseTemplateBehavior [ RunTime:0.056193s ]
INFO: [ view_parse ] --END-- [ RunTime:0.056506s ]
INFO: [ view_filter ] --START--
INFO: Run Behavior\WriteHtmlCacheBehavior [ RunTime:0.001368s ]
INFO: [ view_filter ] --END-- [ RunTime:0.001524s ]
INFO: [ app_end ] --START--
INFO: Run Behavior\ShowPageTraceBehavior [ RunTime:0.001858s ]
INFO: [ app_end ] --END-- [ RunTime:0.002170s ]

[ 2017-03-23T12:05:40+08:00 ] 10.70.10.198 /education/index.php/Admin/Webhome/img/hotbg.gif
INFO: [ app_init ] --START--
INFO: Run Behavior\BuildLiteBehavior [ RunTime:0.000060s ]
INFO: [ app_init ] --END-- [ RunTime:0.004847s ]

[ 2017-03-23T12:05:40+08:00 ] 10.70.10.198 /education/index.php/Admin/Webhome/image/list-icon2.png
INFO: [ app_init ] --START--
INFO: Run Behavior\BuildLiteBehavior [ RunTime:0.000043s ]
INFO: [ app_init ] --END-- [ RunTime:0.010909s ]

[ 2017-03-23T12:05:40+08:00 ] 10.70.10.198 /education/index.php/Admin/Webhome/image/40.png
INFO: [ app_init ] --START--
INFO: Run Behavior\BuildLiteBehavior [ RunTime:0.000039s ]
INFO: [ app_init ] --END-- [ RunTime:0.000876s ]

[ 2017-03-23T12:05:49+08:00 ] 10.70.10.198 /education/index.php/Admin/Webhome/add/type/%E5%8D%95%E9%A1%B5.html
INFO: [ app_init ] --START--
INFO: Run Behavior\BuildLiteBehavior [ RunTime:0.000060s ]
INFO: [ app_init ] --END-- [ RunTime:0.004922s ]
INFO: [ app_begin ] --START--
INFO: Run Behavior\ReadHtmlCacheBehavior [ RunTime:0.017102s ]
INFO: [ app_begin ] --END-- [ RunTime:0.017328s ]
SQL: SHOW COLUMNS FROM `article1` [ RunTime:0.0126s ]
NOTIC: [8] Undefined index: validate E:\htdocs\education\ThinkPHP\Library\Think\Model.class.php 第 1185 行.
SQL: SELECT * FROM `article1` WHERE `title` = '单页' LIMIT 1   [ RunTime:0.0021s ]
NOTIC: [8] Undefined index: auto E:\htdocs\education\ThinkPHP\Library\Think\Model.class.php 第 1128 行.
SQL: INSERT INTO `article1` (`title`,`author`,`resource`,`type`,`content`,`time`) VALUES ('单页','教务处','文华教务网','单页','&lt;p&gt;&lt;br/&gt;&lt;/p&gt;&lt;p style=&quot;margin-bottom: 1em;&quot;&gt;&lt;img alt=&quot;&quot; src=&quot;/ueditor/php/upload/image/20170323/1490241940481353.jpg&quot; title=&quot;附件.jpg&quot; height=&quot;1434&quot; width=&quot;756&quot; style=&quot;width: 756px; height: 1434px;&quot;/&gt;&lt;/p&gt;&lt;p&gt;&lt;br/&gt;&lt;/p&gt;','1490241949') [ RunTime:0.0221s ]
INFO: [ view_parse ] --START--
INFO: [ template_filter ] --START--
INFO: Run Behavior\ContentReplaceBehavior [ RunTime:0.000151s ]
INFO: [ template_filter ] --END-- [ RunTime:0.000340s ]
INFO: Run Behavior\ParseTemplateBehavior [ RunTime:0.038664s ]
INFO: [ view_parse ] --END-- [ RunTime:0.038863s ]
INFO: [ view_filter ] --START--
INFO: Run Behavior\WriteHtmlCacheBehavior [ RunTime:0.014134s ]
INFO: [ view_filter ] --END-- [ RunTime:0.015315s ]
INFO: [ app_end ] --START--
INFO: Run Behavior\ShowPageTraceBehavior [ RunTime:0.005514s ]
INFO: [ app_end ] --END-- [ RunTime:0.005705s ]

[ 2017-03-23T12:05:50+08:00 ] 10.70.10.198 /education/index.php/Admin/Webhome/index/type/%E5%8D%95%E9%A1%B5.html
INFO: [ app_init ] --START--
INFO: Run Behavior\BuildLiteBehavior [ RunTime:0.000049s ]
INFO: [ app_init ] --END-- [ RunTime:0.013151s ]
INFO: [ app_begin ] --START--
INFO: Run Behavior\ReadHtmlCacheBehavior [ RunTime:0.003073s ]
INFO: [ app_begin ] --END-- [ RunTime:0.003232s ]
SQL: SHOW COLUMNS FROM `article1` [ RunTime:0.0106s ]
SQL: SELECT COUNT(*) AS tp_count FROM `article1` WHERE `type` = '单页' LIMIT 1   [ RunTime:0.0019s ]
SQL: SELECT * FROM `article1` WHERE `type` = '单页' ORDER BY id desc LIMIT 0,5   [ RunTime:0.0019s ]
INFO: [ view_parse ] --START--
INFO: [ template_filter ] --START--
INFO: Run Behavior\ContentReplaceBehavior [ RunTime:0.001053s ]
INFO: [ template_filter ] --END-- [ RunTime:0.001087s ]
INFO: Run Behavior\ParseTemplateBehavior [ RunTime:0.065284s ]
INFO: [ view_parse ] --END-- [ RunTime:0.065491s ]
INFO: [ view_filter ] --START--
INFO: Run Behavior\WriteHtmlCacheBehavior [ RunTime:0.006543s ]
INFO: [ view_filter ] --END-- [ RunTime:0.006690s ]
INFO: [ app_end ] --START--
INFO: Run Behavior\ShowPageTraceBehavior [ RunTime:0.004042s ]
INFO: [ app_end ] --END-- [ RunTime:0.004221s ]

[ 2017-03-23T12:06:02+08:00 ] 10.70.10.198 /education/index.php/Admin/Webhome/index/type/%E5%8D%95%E9%A1%B5.html
INFO: [ app_init ] --START--
INFO: Run Behavior\BuildLiteBehavior [ RunTime:0.000049s ]
INFO: [ app_init ] --END-- [ RunTime:0.007153s ]
INFO: [ app_begin ] --START--
INFO: Run Behavior\ReadHtmlCacheBehavior [ RunTime:0.003719s ]
INFO: [ app_begin ] --END-- [ RunTime:0.003890s ]
SQL: SHOW COLUMNS FROM `article1` [ RunTime:0.0389s ]
SQL: SELECT COUNT(*) AS tp_count FROM `article1` WHERE `type` = '单页' LIMIT 1   [ RunTime:0.0360s ]
SQL: SELECT * FROM `article1` WHERE `type` = '单页' ORDER BY id desc LIMIT 0,5   [ RunTime:0.0117s ]
INFO: [ view_parse ] --START--
INFO: [ template_filter ] --START--
INFO: Run Behavior\ContentReplaceBehavior [ RunTime:0.000042s ]
INFO: [ template_filter ] --END-- [ RunTime:0.000190s ]
INFO: Run Behavior\ParseTemplateBehavior [ RunTime:0.132588s ]
INFO: [ view_parse ] --END-- [ RunTime:0.132802s ]
INFO: [ view_filter ] --START--
INFO: Run Behavior\WriteHtmlCacheBehavior [ RunTime:0.004618s ]
INFO: [ view_filter ] --END-- [ RunTime:0.004857s ]
INFO: [ app_end ] --START--
INFO: Run Behavior\ShowPageTraceBehavior [ RunTime:0.028905s ]
INFO: [ app_end ] --END-- [ RunTime:0.029659s ]

[ 2017-03-23T12:08:30+08:00 ] 10.70.10.198 /education/index.php/Admin/Webhome/index/type/%E5%8D%95%E9%A1%B5.html
INFO: [ app_init ] --START--
INFO: Run Behavior\BuildLiteBehavior [ RunTime:0.000056s ]
INFO: [ app_init ] --END-- [ RunTime:0.004279s ]
INFO: [ app_begin ] --START--
INFO: Run Behavior\ReadHtmlCacheBehavior [ RunTime:0.009037s ]
INFO: [ app_begin ] --END-- [ RunTime:0.009233s ]
SQL: SHOW COLUMNS FROM `article1` [ RunTime:0.0174s ]
SQL: SELECT COUNT(*) AS tp_count FROM `article1` WHERE `type` = '单页' LIMIT 1   [ RunTime:0.0028s ]
SQL: SELECT * FROM `article1` WHERE `type` = '单页' ORDER BY id desc LIMIT 0,5   [ RunTime:0.0065s ]
INFO: [ view_parse ] --START--
INFO: [ template_filter ] --START--
INFO: Run Behavior\ContentReplaceBehavior [ RunTime:0.001115s ]
INFO: [ template_filter ] --END-- [ RunTime:0.001402s ]
INFO: Run Behavior\ParseTemplateBehavior [ RunTime:0.106832s ]
INFO: [ view_parse ] --END-- [ RunTime:0.110692s ]
INFO: [ view_filter ] --START--
INFO: Run Behavior\WriteHtmlCacheBehavior [ RunTime:0.007815s ]
INFO: [ view_filter ] --END-- [ RunTime:0.008431s ]
INFO: [ app_end ] --START--
INFO: Run Behavior\ShowPageTraceBehavior [ RunTime:0.010357s ]
INFO: [ app_end ] --END-- [ RunTime:0.010767s ]

[ 2017-03-23T12:08:54+08:00 ] 10.70.10.198 /education/index.php/Admin/Webhome/add/type/%E5%8D%95%E9%A1%B5.html
INFO: [ app_init ] --START--
INFO: Run Behavior\BuildLiteBehavior [ RunTime:0.000056s ]
INFO: [ app_init ] --END-- [ RunTime:0.001818s ]
INFO: [ app_begin ] --START--
INFO: Run Behavior\ReadHtmlCacheBehavior [ RunTime:0.010917s ]
INFO: [ app_begin ] --END-- [ RunTime:0.013923s ]
SQL: SHOW COLUMNS FROM `article1` [ RunTime:0.0054s ]
INFO: [ view_parse ] --START--
INFO: [ template_filter ] --START--
INFO: Run Behavior\ContentReplaceBehavior [ RunTime:0.000382s ]
INFO: [ template_filter ] --END-- [ RunTime:0.000560s ]
INFO: Run Behavior\ParseTemplateBehavior [ RunTime:0.169085s ]
INFO: [ view_parse ] --END-- [ RunTime:0.169385s ]
INFO: [ view_filter ] --START--
INFO: Run Behavior\WriteHtmlCacheBehavior [ RunTime:0.008981s ]
INFO: [ view_filter ] --END-- [ RunTime:0.009141s ]
INFO: [ app_end ] --START--
INFO: Run Behavior\ShowPageTraceBehavior [ RunTime:0.011881s ]
INFO: [ app_end ] --END-- [ RunTime:0.014038s ]

[ 2017-03-23T12:09:15+08:00 ] 10.70.10.198 /education/index.php/Admin/Webhome/add/type/%E5%8D%95%E9%A1%B5.html
INFO: [ app_init ] --START--
INFO: Run Behavior\BuildLiteBehavior [ RunTime:0.000047s ]
INFO: [ app_init ] --END-- [ RunTime:0.009598s ]
INFO: [ app_begin ] --START--
INFO: Run Behavior\ReadHtmlCacheBehavior [ RunTime:0.008414s ]
INFO: [ app_begin ] --END-- [ RunTime:0.008679s ]
SQL: SHOW COLUMNS FROM `article1` [ RunTime:0.0140s ]
NOTIC: [8] Undefined index: validate E:\htdocs\education\ThinkPHP\Library\Think\Model.class.php 第 1185 行.
SQL: SELECT * FROM `article1` WHERE `title` = '处长信箱' LIMIT 1   [ RunTime:0.0024s ]
NOTIC: [8] Undefined index: auto E:\htdocs\education\ThinkPHP\Library\Think\Model.class.php 第 1128 行.
SQL: INSERT INTO `article1` (`title`,`author`,`resource`,`type`,`content`,`time`) VALUES ('处长信箱','教务处','文华教务网','单页','&lt;p style=&quot;margin-bottom: 1em; font-family: &amp;quot;Microsoft YaHei&amp;quot;; white-space: normal; background-color: rgb(255, 255, 255); text-align: center;&quot;&gt;孙跃 149361210@qq.com&lt;/p&gt;&lt;p style=&quot;margin-bottom: 1em; font-family: &amp;quot;Microsoft YaHei&amp;quot;; white-space: normal; background-color: rgb(255, 255, 255); text-align: center;&quot;&gt;施珩 462565247@qq.com&lt;/p&gt;&lt;p&gt;&lt;br/&gt;&lt;/p&gt;','1490242155') [ RunTime:0.0013s ]
INFO: [ view_parse ] --START--
INFO: [ template_filter ] --START--
INFO: Run Behavior\ContentReplaceBehavior [ RunTime:0.000249s ]
INFO: [ template_filter ] --END-- [ RunTime:0.003223s ]
INFO: Run Behavior\ParseTemplateBehavior [ RunTime:0.072536s ]
INFO: [ view_parse ] --END-- [ RunTime:0.073115s ]
INFO: [ view_filter ] --START--
INFO: Run Behavior\WriteHtmlCacheBehavior [ RunTime:0.005636s ]
INFO: [ view_filter ] --END-- [ RunTime:0.005810s ]
INFO: [ app_end ] --START--
INFO: Run Behavior\ShowPageTraceBehavior [ RunTime:0.005249s ]
INFO: [ app_end ] --END-- [ RunTime:0.005418s ]

[ 2017-03-23T12:09:17+08:00 ] 10.70.10.198 /education/index.php/Admin/Webhome/index/type/%E5%8D%95%E9%A1%B5.html
INFO: [ app_init ] --START--
INFO: Run Behavior\BuildLiteBehavior [ RunTime:0.000047s ]
INFO: [ app_init ] --END-- [ RunTime:0.008948s ]
INFO: [ app_begin ] --START--
INFO: Run Behavior\ReadHtmlCacheBehavior [ RunTime:0.006435s ]
INFO: [ app_begin ] --END-- [ RunTime:0.006601s ]
SQL: SHOW COLUMNS FROM `article1` [ RunTime:0.0140s ]
SQL: SELECT COUNT(*) AS tp_count FROM `article1` WHERE `type` = '单页' LIMIT 1   [ RunTime:0.0016s ]
SQL: SELECT * FROM `article1` WHERE `type` = '单页' ORDER BY id desc LIMIT 0,5   [ RunTime:0.0020s ]
INFO: [ view_parse ] --START--
INFO: [ template_filter ] --START--
INFO: Run Behavior\ContentReplaceBehavior [ RunTime:0.002911s ]
INFO: [ template_filter ] --END-- [ RunTime:0.003130s ]
INFO: Run Behavior\ParseTemplateBehavior [ RunTime:0.118689s ]
INFO: [ view_parse ] --END-- [ RunTime:0.118926s ]
INFO: [ view_filter ] --START--
INFO: Run Behavior\WriteHtmlCacheBehavior [ RunTime:0.006794s ]
INFO: [ view_filter ] --END-- [ RunTime:0.007337s ]
INFO: [ app_end ] --START--
INFO: Run Behavior\ShowPageTraceBehavior [ RunTime:0.011418s ]
INFO: [ app_end ] --END-- [ RunTime:0.011688s ]

[ 2017-03-23T12:10:34+08:00 ] 10.70.10.198 /education/index.php/Admin/Web3/index/type/%E6%95%99%E6%94%B9%E4%B8%8E%E8%B4%A8%E9%87%8F%E5%8A%9E%E5%85%AC%E5%AE%A4.html
INFO: [ app_init ] --START--
INFO: Run Behavior\BuildLiteBehavior [ RunTime:0.000122s ]
INFO: [ app_init ] --END-- [ RunTime:0.010212s ]
INFO: [ app_begin ] --START--
INFO: Run Behavior\ReadHtmlCacheBehavior [ RunTime:0.039372s ]
INFO: [ app_begin ] --END-- [ RunTime:0.040596s ]
SQL: SHOW COLUMNS FROM `article3` [ RunTime:0.0108s ]
SQL: SELECT COUNT(*) AS tp_count FROM `article3` WHERE `type` = '教改与质量办公室' LIMIT 1   [ RunTime:0.0028s ]
SQL: SELECT * FROM `article3` WHERE `type` = '教改与质量办公室' ORDER BY id desc LIMIT 0,5   [ RunTime:0.0018s ]
INFO: [ view_parse ] --START--
INFO: [ template_filter ] --START--
INFO: Run Behavior\ContentReplaceBehavior [ RunTime:0.001201s ]
INFO: [ template_filter ] --END-- [ RunTime:0.001435s ]
INFO: Run Behavior\ParseTemplateBehavior [ RunTime:0.200753s ]
INFO: [ view_parse ] --END-- [ RunTime:0.201920s ]
INFO: [ view_filter ] --START--
INFO: Run Behavior\WriteHtmlCacheBehavior [ RunTime:0.013747s ]
INFO: [ view_filter ] --END-- [ RunTime:0.013975s ]
INFO: [ app_end ] --START--
INFO: Run Behavior\ShowPageTraceBehavior [ RunTime:0.021931s ]
INFO: [ app_end ] --END-- [ RunTime:0.023347s ]

[ 2017-03-23T12:10:39+08:00 ] 10.70.10.198 /education/index.php/Admin/Web3/index/type/%E6%95%99%E6%94%B9%E4%B8%8E%E8%B4%A8%E9%87%8F%E5%8A%9E%E5%85%AC%E5%AE%A4.html
INFO: [ app_init ] --START--
INFO: Run Behavior\BuildLiteBehavior [ RunTime:0.000057s ]
INFO: [ app_init ] --END-- [ RunTime:0.008046s ]
INFO: [ app_begin ] --START--
INFO: Run Behavior\ReadHtmlCacheBehavior [ RunTime:0.009852s ]
INFO: [ app_begin ] --END-- [ RunTime:0.010478s ]
SQL: SHOW COLUMNS FROM `article3` [ RunTime:0.0284s ]
SQL: SELECT COUNT(*) AS tp_count FROM `article3` WHERE `type` = '教改与质量办公室' LIMIT 1   [ RunTime:0.0091s ]
SQL: SELECT * FROM `article3` WHERE `type` = '教改与质量办公室' ORDER BY id desc LIMIT 0,5   [ RunTime:0.0070s ]
INFO: [ view_parse ] --START--
INFO: [ template_filter ] --START--
INFO: Run Behavior\ContentReplaceBehavior [ RunTime:0.001343s ]
INFO: [ template_filter ] --END-- [ RunTime:0.001555s ]
INFO: Run Behavior\ParseTemplateBehavior [ RunTime:0.207128s ]
INFO: [ view_parse ] --END-- [ RunTime:0.207406s ]
INFO: [ view_filter ] --START--
INFO: Run Behavior\WriteHtmlCacheBehavior [ RunTime:0.011425s ]
INFO: [ view_filter ] --END-- [ RunTime:0.011629s ]
INFO: [ app_end ] --START--
INFO: Run Behavior\ShowPageTraceBehavior [ RunTime:0.005075s ]
INFO: [ app_end ] --END-- [ RunTime:0.005195s ]

[ 2017-03-23T12:10:56+08:00 ] 10.70.10.198 /education/index.php/Admin/Web3/edit/id/9
INFO: [ app_init ] --START--
INFO: Run Behavior\BuildLiteBehavior [ RunTime:0.000075s ]
INFO: [ app_init ] --END-- [ RunTime:0.008400s ]
INFO: [ app_begin ] --START--
INFO: Run Behavior\ReadHtmlCacheBehavior [ RunTime:0.010396s ]
INFO: [ app_begin ] --END-- [ RunTime:0.011507s ]
SQL: SHOW COLUMNS FROM `article3` [ RunTime:0.0141s ]
SQL: SELECT * FROM `article3` WHERE `id` = 9 LIMIT 1   [ RunTime:0.0023s ]
INFO: [ view_parse ] --START--
INFO: [ template_filter ] --START--
INFO: Run Behavior\ContentReplaceBehavior [ RunTime:0.001343s ]
INFO: [ template_filter ] --END-- [ RunTime:0.001521s ]
INFO: Run Behavior\ParseTemplateBehavior [ RunTime:0.106697s ]
INFO: [ view_parse ] --END-- [ RunTime:0.108131s ]
INFO: [ view_filter ] --START--
INFO: Run Behavior\WriteHtmlCacheBehavior [ RunTime:0.013033s ]
INFO: [ view_filter ] --END-- [ RunTime:0.013227s ]
INFO: [ app_end ] --START--
INFO: Run Behavior\ShowPageTraceBehavior [ RunTime:0.008657s ]
INFO: [ app_end ] --END-- [ RunTime:0.008862s ]

[ 2017-03-23T12:12:26+08:00 ] 10.70.10.198 /education/index.php/Admin/Web3/edit/id/9
INFO: [ app_init ] --START--
INFO: Run Behavior\BuildLiteBehavior [ RunTime:0.000052s ]
INFO: [ app_init ] --END-- [ RunTime:0.007872s ]
INFO: [ app_begin ] --START--
INFO: Run Behavior\ReadHtmlCacheBehavior [ RunTime:0.010824s ]
INFO: [ app_begin ] --END-- [ RunTime:0.011064s ]
SQL: SHOW COLUMNS FROM `article3` [ RunTime:0.0314s ]
SQL: SELECT * FROM `article3` WHERE `id` = 9 LIMIT 1   [ RunTime:0.0077s ]
NOTIC: [8] Undefined index: validate E:\htdocs\education\ThinkPHP\Library\Think\Model.class.php 第 1185 行.
NOTIC: [8] Undefined index: auto E:\htdocs\education\ThinkPHP\Library\Think\Model.class.php 第 1128 行.
SQL: UPDATE `article3` SET `title`='期末教学检查工作流程',`author`='教务处',`resource`='文华教务网',`content`='&lt;p&gt;&lt;img src=&quot;/ueditor/php/upload/image/20170323/1490242343890714.jpg&quot; title=&quot;1490242343890714.jpg&quot; alt=&quot;161658469793464.jpg&quot;/&gt;&lt;/p&gt;' WHERE `id` = 9 [ RunTime:0.0013s ]
INFO: [ view_parse ] --START--
INFO: [ template_filter ] --START--
INFO: Run Behavior\ContentReplaceBehavior [ RunTime:0.000264s ]
INFO: [ template_filter ] --END-- [ RunTime:0.000369s ]
INFO: Run Behavior\ParseTemplateBehavior [ RunTime:0.059089s ]
INFO: [ view_parse ] --END-- [ RunTime:0.059329s ]
INFO: [ view_filter ] --START--
INFO: Run Behavior\WriteHtmlCacheBehavior [ RunTime:0.005886s ]
INFO: [ view_filter ] --END-- [ RunTime:0.006074s ]
INFO: [ app_end ] --START--
INFO: Run Behavior\ShowPageTraceBehavior [ RunTime:0.005962s ]
INFO: [ app_end ] --END-- [ RunTime:0.006147s ]

[ 2017-03-23T12:12:28+08:00 ] 10.70.10.198 /education/index.php/Admin/Web3/index/type/%E6%95%99%E6%94%B9%E4%B8%8E%E8%B4%A8%E9%87%8F%E5%8A%9E%E5%85%AC%E5%AE%A4.html
INFO: [ app_init ] --START--
INFO: Run Behavior\BuildLiteBehavior [ RunTime:0.000062s ]
INFO: [ app_init ] --END-- [ RunTime:0.014086s ]
INFO: [ app_begin ] --START--
INFO: Run Behavior\ReadHtmlCacheBehavior [ RunTime:0.007915s ]
INFO: [ app_begin ] --END-- [ RunTime:0.008133s ]
SQL: SHOW COLUMNS FROM `article3` [ RunTime:0.0121s ]
SQL: SELECT COUNT(*) AS tp_count FROM `article3` WHERE `type` = '教改与质量办公室' LIMIT 1   [ RunTime:0.0010s ]
SQL: SELECT * FROM `article3` WHERE `type` = '教改与质量办公室' ORDER BY id desc LIMIT 0,5   [ RunTime:0.0027s ]
INFO: [ view_parse ] --START--
INFO: [ template_filter ] --START--
INFO: Run Behavior\ContentReplaceBehavior [ RunTime:0.000307s ]
INFO: [ template_filter ] --END-- [ RunTime:0.000394s ]
INFO: Run Behavior\ParseTemplateBehavior [ RunTime:0.069687s ]
INFO: [ view_parse ] --END-- [ RunTime:0.069758s ]
INFO: [ view_filter ] --START--
INFO: Run Behavior\WriteHtmlCacheBehavior [ RunTime:0.005738s ]
INFO: [ view_filter ] --END-- [ RunTime:0.005839s ]
INFO: [ app_end ] --START--
INFO: Run Behavior\ShowPageTraceBehavior [ RunTime:0.004811s ]
INFO: [ app_end ] --END-- [ RunTime:0.004992s ]

[ 2017-03-23T12:12:30+08:00 ] 10.70.10.198 /education/index.php/Admin/Web3/edit/id/1
INFO: [ app_init ] --START--
INFO: Run Behavior\BuildLiteBehavior [ RunTime:0.000515s ]
INFO: [ app_init ] --END-- [ RunTime:0.013434s ]
INFO: [ app_begin ] --START--
INFO: Run Behavior\ReadHtmlCacheBehavior [ RunTime:0.003384s ]
INFO: [ app_begin ] --END-- [ RunTime:0.003593s ]
SQL: SHOW COLUMNS FROM `article3` [ RunTime:0.0075s ]
SQL: SELECT * FROM `article3` WHERE `id` = 1 LIMIT 1   [ RunTime:0.0012s ]
INFO: [ view_parse ] --START--
INFO: [ template_filter ] --START--
INFO: Run Behavior\ContentReplaceBehavior [ RunTime:0.000453s ]
INFO: [ template_filter ] --END-- [ RunTime:0.000655s ]
INFO: Run Behavior\ParseTemplateBehavior [ RunTime:0.082312s ]
INFO: [ view_parse ] --END-- [ RunTime:0.082541s ]
INFO: [ view_filter ] --START--
INFO: Run Behavior\WriteHtmlCacheBehavior [ RunTime:0.003103s ]
INFO: [ view_filter ] --END-- [ RunTime:0.003293s ]
INFO: [ app_end ] --START--
INFO: Run Behavior\ShowPageTraceBehavior [ RunTime:0.004142s ]
INFO: [ app_end ] --END-- [ RunTime:0.004327s ]

[ 2017-03-23T12:13:24+08:00 ] 10.70.10.198 /education/index.php/Admin/Web3/edit/id/1
INFO: [ app_init ] --START--
INFO: Run Behavior\BuildLiteBehavior [ RunTime:0.000125s ]
INFO: [ app_init ] --END-- [ RunTime:0.009756s ]
INFO: [ app_begin ] --START--
INFO: Run Behavior\ReadHtmlCacheBehavior [ RunTime:0.018474s ]
INFO: [ app_begin ] --END-- [ RunTime:0.018803s ]
SQL: SHOW COLUMNS FROM `article3` [ RunTime:0.0106s ]
SQL: SELECT * FROM `article3` WHERE `id` = 1 LIMIT 1   [ RunTime:0.0044s ]
NOTIC: [8] Undefined index: validate E:\htdocs\education\ThinkPHP\Library\Think\Model.class.php 第 1185 行.
NOTIC: [8] Undefined index: auto E:\htdocs\education\ThinkPHP\Library\Think\Model.class.php 第 1128 行.
SQL: UPDATE `article3` SET `title`='个性化教育创新奖评审流程',`author`='文华教务处',`resource`='教务网',`content`='&lt;p&gt;&lt;img src=&quot;/ueditor/php/upload/image/20170323/1490242401892220.jpg&quot; title=&quot;1490242401892220.jpg&quot; alt=&quot;16341033105692.jpg&quot;/&gt;&lt;/p&gt;' WHERE `id` = 1 [ RunTime:0.0008s ]
INFO: [ view_parse ] --START--
INFO: [ template_filter ] --START--
INFO: Run Behavior\ContentReplaceBehavior [ RunTime:0.000207s ]
INFO: [ template_filter ] --END-- [ RunTime:0.000435s ]
INFO: Run Behavior\ParseTemplateBehavior [ RunTime:0.068124s ]
INFO: [ view_parse ] --END-- [ RunTime:0.068457s ]
INFO: [ view_filter ] --START--
INFO: Run Behavior\WriteHtmlCacheBehavior [ RunTime:0.009790s ]
INFO: [ view_filter ] --END-- [ RunTime:0.009985s ]
INFO: [ app_end ] --START--
INFO: Run Behavior\ShowPageTraceBehavior [ RunTime:0.006048s ]
INFO: [ app_end ] --END-- [ RunTime:0.006211s ]

[ 2017-03-23T12:13:25+08:00 ] 10.70.10.198 /education/index.php/Admin/Web3/index/type/%E6%95%99%E6%94%B9%E4%B8%8E%E8%B4%A8%E9%87%8F%E5%8A%9E%E5%85%AC%E5%AE%A4.html
INFO: [ app_init ] --START--
INFO: Run Behavior\BuildLiteBehavior [ RunTime:0.000052s ]
INFO: [ app_init ] --END-- [ RunTime:0.006816s ]
INFO: [ app_begin ] --START--
INFO: Run Behavior\ReadHtmlCacheBehavior [ RunTime:0.005999s ]
INFO: [ app_begin ] --END-- [ RunTime:0.006203s ]
SQL: SHOW COLUMNS FROM `article3` [ RunTime:0.0137s ]
SQL: SELECT COUNT(*) AS tp_count FROM `article3` WHERE `type` = '教改与质量办公室' LIMIT 1   [ RunTime:0.0017s ]
SQL: SELECT * FROM `article3` WHERE `type` = '教改与质量办公室' ORDER BY id desc LIMIT 0,5   [ RunTime:0.0010s ]
INFO: [ view_parse ] --START--
INFO: [ template_filter ] --START--
INFO: Run Behavior\ContentReplaceBehavior [ RunTime:0.000321s ]
INFO: [ template_filter ] --END-- [ RunTime:0.000507s ]
INFO: Run Behavior\ParseTemplateBehavior [ RunTime:0.063920s ]
INFO: [ view_parse ] --END-- [ RunTime:0.064141s ]
INFO: [ view_filter ] --START--
INFO: Run Behavior\WriteHtmlCacheBehavior [ RunTime:0.007035s ]
INFO: [ view_filter ] --END-- [ RunTime:0.007247s ]
INFO: [ app_end ] --START--
INFO: Run Behavior\ShowPageTraceBehavior [ RunTime:0.023937s ]
INFO: [ app_end ] --END-- [ RunTime:0.024190s ]

[ 2017-03-23T12:14:15+08:00 ] 10.70.10.198 /education/index.php/Admin/Web3/index/type/%E5%AE%9E%E8%B7%B5%E6%95%99%E5%AD%A6%E5%8A%9E%E5%85%AC%E5%AE%A4.html
INFO: [ app_init ] --START--
INFO: Run Behavior\BuildLiteBehavior [ RunTime:0.000063s ]
INFO: [ app_init ] --END-- [ RunTime:0.002617s ]
INFO: [ app_begin ] --START--
INFO: Run Behavior\ReadHtmlCacheBehavior [ RunTime:0.012898s ]
INFO: [ app_begin ] --END-- [ RunTime:0.013239s ]
SQL: SHOW COLUMNS FROM `article3` [ RunTime:0.0083s ]
SQL: SELECT COUNT(*) AS tp_count FROM `article3` WHERE `type` = '实践教学办公室' LIMIT 1   [ RunTime:0.0010s ]
SQL: SELECT * FROM `article3` WHERE `type` = '实践教学办公室' ORDER BY id desc LIMIT 0,5   [ RunTime:0.0013s ]
INFO: [ view_parse ] --START--
INFO: [ template_filter ] --START--
INFO: Run Behavior\ContentReplaceBehavior [ RunTime:0.000322s ]
INFO: [ template_filter ] --END-- [ RunTime:0.000503s ]
INFO: Run Behavior\ParseTemplateBehavior [ RunTime:0.087737s ]
INFO: [ view_parse ] --END-- [ RunTime:0.088007s ]
INFO: [ view_filter ] --START--
INFO: Run Behavior\WriteHtmlCacheBehavior [ RunTime:0.006914s ]
INFO: [ view_filter ] --END-- [ RunTime:0.006990s ]
INFO: [ app_end ] --START--
INFO: Run Behavior\ShowPageTraceBehavior [ RunTime:0.004712s ]
INFO: [ app_end ] --END-- [ RunTime:0.004890s ]

[ 2017-03-23T12:14:17+08:00 ] 10.70.10.198 /education/index.php/Admin/Web3/edit/id/5
INFO: [ app_init ] --START--
INFO: Run Behavior\BuildLiteBehavior [ RunTime:0.000060s ]
INFO: [ app_init ] --END-- [ RunTime:0.002876s ]
INFO: [ app_begin ] --START--
INFO: Run Behavior\ReadHtmlCacheBehavior [ RunTime:0.002961s ]
INFO: [ app_begin ] --END-- [ RunTime:0.003139s ]
SQL: SHOW COLUMNS FROM `article3` [ RunTime:0.0123s ]
SQL: SELECT * FROM `article3` WHERE `id` = 5 LIMIT 1   [ RunTime:0.0019s ]
INFO: [ view_parse ] --START--
INFO: [ template_filter ] --START--
INFO: Run Behavior\ContentReplaceBehavior [ RunTime:0.000016s ]
INFO: [ template_filter ] --END-- [ RunTime:0.000568s ]
INFO: Run Behavior\ParseTemplateBehavior [ RunTime:0.065249s ]
INFO: [ view_parse ] --END-- [ RunTime:0.065761s ]
INFO: [ view_filter ] --START--
INFO: Run Behavior\WriteHtmlCacheBehavior [ RunTime:0.008956s ]
INFO: [ view_filter ] --END-- [ RunTime:0.009184s ]
INFO: [ app_end ] --START--
INFO: Run Behavior\ShowPageTraceBehavior [ RunTime:0.003623s ]
INFO: [ app_end ] --END-- [ RunTime:0.003780s ]

[ 2017-03-23T12:14:33+08:00 ] 10.70.10.198 /education/index.php/Admin/Web3/edit/id/5
INFO: [ app_init ] --START--
INFO: Run Behavior\BuildLiteBehavior [ RunTime:0.000065s ]
INFO: [ app_init ] --END-- [ RunTime:0.009694s ]
INFO: [ app_begin ] --START--
INFO: Run Behavior\ReadHtmlCacheBehavior [ RunTime:0.009220s ]
INFO: [ app_begin ] --END-- [ RunTime:0.011708s ]
SQL: SHOW COLUMNS FROM `article3` [ RunTime:0.0475s ]
SQL: SELECT * FROM `article3` WHERE `id` = 5 LIMIT 1   [ RunTime:0.0021s ]
NOTIC: [8] Undefined index: validate E:\htdocs\education\ThinkPHP\Library\Think\Model.class.php 第 1185 行.
NOTIC: [8] Undefined index: auto E:\htdocs\education\ThinkPHP\Library\Think\Model.class.php 第 1128 行.
SQL: UPDATE `article3` SET `title`='毕业设计（论文）管理工作流程',`author`='文华教务处',`resource`='教务网',`content`='&lt;p&gt;&lt;img class=&quot;loadingclass&quot; id=&quot;loading_j0lyetwj&quot; src=&quot;http://58.49.5.110/education/Public/ueditor/themes/default/images/spacer.gif&quot; title=&quot;正在上传...&quot;/&gt;&lt;/p&gt;' WHERE `id` = 5 [ RunTime:0.0010s ]
INFO: [ view_parse ] --START--
INFO: [ template_filter ] --START--
INFO: Run Behavior\ContentReplaceBehavior [ RunTime:0.000169s ]
INFO: [ template_filter ] --END-- [ RunTime:0.000362s ]
INFO: Run Behavior\ParseTemplateBehavior [ RunTime:0.053420s ]
INFO: [ view_parse ] --END-- [ RunTime:0.053633s ]
INFO: [ view_filter ] --START--
INFO: Run Behavior\WriteHtmlCacheBehavior [ RunTime:0.015392s ]
INFO: [ view_filter ] --END-- [ RunTime:0.015576s ]
INFO: [ app_end ] --START--
INFO: Run Behavior\ShowPageTraceBehavior [ RunTime:0.013208s ]
INFO: [ app_end ] --END-- [ RunTime:0.013465s ]

[ 2017-03-23T12:14:35+08:00 ] 10.70.10.198 /education/index.php/Admin/Web3/index/type/%E5%AE%9E%E8%B7%B5%E6%95%99%E5%AD%A6%E5%8A%9E%E5%85%AC%E5%AE%A4.html
INFO: [ app_init ] --START--
INFO: Run Behavior\BuildLiteBehavior [ RunTime:0.002322s ]
INFO: [ app_init ] --END-- [ RunTime:0.028219s ]
INFO: [ app_begin ] --START--
INFO: Run Behavior\ReadHtmlCacheBehavior [ RunTime:0.017978s ]
INFO: [ app_begin ] --END-- [ RunTime:0.018228s ]
SQL: SHOW COLUMNS FROM `article3` [ RunTime:0.0303s ]
SQL: SELECT COUNT(*) AS tp_count FROM `article3` WHERE `type` = '实践教学办公室' LIMIT 1   [ RunTime:0.0045s ]
SQL: SELECT * FROM `article3` WHERE `type` = '实践教学办公室' ORDER BY id desc LIMIT 0,5   [ RunTime:0.0027s ]
INFO: [ view_parse ] --START--
INFO: [ template_filter ] --START--
INFO: Run Behavior\ContentReplaceBehavior [ RunTime:0.000011s ]
INFO: [ template_filter ] --END-- [ RunTime:0.000789s ]
INFO: Run Behavior\ParseTemplateBehavior [ RunTime:0.163463s ]
INFO: [ view_parse ] --END-- [ RunTime:0.163691s ]
INFO: [ view_filter ] --START--
INFO: Run Behavior\WriteHtmlCacheBehavior [ RunTime:0.019889s ]
INFO: [ view_filter ] --END-- [ RunTime:0.020168s ]
INFO: [ app_end ] --START--
INFO: Run Behavior\ShowPageTraceBehavior [ RunTime:0.032310s ]
INFO: [ app_end ] --END-- [ RunTime:0.032516s ]

[ 2017-03-23T12:14:52+08:00 ] 10.70.10.198 /education/index.php/Admin/Web3/edit/id/5
INFO: [ app_init ] --START--
INFO: Run Behavior\BuildLiteBehavior [ RunTime:0.000069s ]
INFO: [ app_init ] --END-- [ RunTime:0.011938s ]
INFO: [ app_begin ] --START--
INFO: Run Behavior\ReadHtmlCacheBehavior [ RunTime:0.005392s ]
INFO: [ app_begin ] --END-- [ RunTime:0.005485s ]
SQL: SHOW COLUMNS FROM `article3` [ RunTime:0.0100s ]
SQL: SELECT * FROM `article3` WHERE `id` = 5 LIMIT 1   [ RunTime:0.0024s ]
INFO: [ view_parse ] --START--
INFO: [ template_filter ] --START--
INFO: Run Behavior\ContentReplaceBehavior [ RunTime:0.000415s ]
INFO: [ template_filter ] --END-- [ RunTime:0.000629s ]
INFO: Run Behavior\ParseTemplateBehavior [ RunTime:0.084696s ]
INFO: [ view_parse ] --END-- [ RunTime:0.084919s ]
INFO: [ view_filter ] --START--
INFO: Run Behavior\WriteHtmlCacheBehavior [ RunTime:0.012563s ]
INFO: [ view_filter ] --END-- [ RunTime:0.012762s ]
INFO: [ app_end ] --START--
INFO: Run Behavior\ShowPageTraceBehavior [ RunTime:0.008885s ]
INFO: [ app_end ] --END-- [ RunTime:0.009144s ]

[ 2017-03-23T12:15:11+08:00 ] 10.70.10.198 /education/index.php/Admin/Web3/edit/id/5
INFO: [ app_init ] --START--
INFO: Run Behavior\BuildLiteBehavior [ RunTime:0.000076s ]
INFO: [ app_init ] --END-- [ RunTime:0.008091s ]
INFO: [ app_begin ] --START--
INFO: Run Behavior\ReadHtmlCacheBehavior [ RunTime:0.012951s ]
INFO: [ app_begin ] --END-- [ RunTime:0.013249s ]
SQL: SHOW COLUMNS FROM `article3` [ RunTime:0.0068s ]
SQL: SELECT * FROM `article3` WHERE `id` = 5 LIMIT 1   [ RunTime:0.0012s ]
NOTIC: [8] Undefined index: validate E:\htdocs\education\ThinkPHP\Library\Think\Model.class.php 第 1185 行.
NOTIC: [8] Undefined index: auto E:\htdocs\education\ThinkPHP\Library\Think\Model.class.php 第 1128 行.
SQL: UPDATE `article3` SET `title`='毕业设计（论文）管理工作流程',`author`='文华教务处',`resource`='教务网',`content`='&lt;p&gt;&lt;img src=&quot;/ueditor/php/upload/image/20170323/1490242507982415.png&quot; title=&quot;1490242507982415.png&quot; alt=&quot;113148618639961.png&quot;/&gt;&lt;/p&gt;' WHERE `id` = 5 [ RunTime:0.0013s ]
INFO: [ view_parse ] --START--
INFO: [ template_filter ] --START--
INFO: Run Behavior\ContentReplaceBehavior [ RunTime:0.000141s ]
INFO: [ template_filter ] --END-- [ RunTime:0.000351s ]
INFO: Run Behavior\ParseTemplateBehavior [ RunTime:0.061231s ]
INFO: [ view_parse ] --END-- [ RunTime:0.061476s ]
INFO: [ view_filter ] --START--
INFO: Run Behavior\WriteHtmlCacheBehavior [ RunTime:0.006463s ]
INFO: [ view_filter ] --END-- [ RunTime:0.006697s ]
INFO: [ app_end ] --START--
INFO: Run Behavior\ShowPageTraceBehavior [ RunTime:0.008263s ]
INFO: [ app_end ] --END-- [ RunTime:0.008415s ]

[ 2017-03-23T12:15:13+08:00 ] 10.70.10.198 /education/index.php/Admin/Web3/index/type/%E5%AE%9E%E8%B7%B5%E6%95%99%E5%AD%A6%E5%8A%9E%E5%85%AC%E5%AE%A4.html
INFO: [ app_init ] --START--
INFO: Run Behavior\BuildLiteBehavior [ RunTime:0.000063s ]
INFO: [ app_init ] --END-- [ RunTime:0.008255s ]
INFO: [ app_begin ] --START--
INFO: Run Behavior\ReadHtmlCacheBehavior [ RunTime:0.004143s ]
INFO: [ app_begin ] --END-- [ RunTime:0.004310s ]
SQL: SHOW COLUMNS FROM `article3` [ RunTime:0.0110s ]
SQL: SELECT COUNT(*) AS tp_count FROM `article3` WHERE `type` = '实践教学办公室' LIMIT 1   [ RunTime:0.0011s ]
SQL: SELECT * FROM `article3` WHERE `type` = '实践教学办公室' ORDER BY id desc LIMIT 0,5   [ RunTime:0.0039s ]
INFO: [ view_parse ] --START--
INFO: [ template_filter ] --START--
INFO: Run Behavior\ContentReplaceBehavior [ RunTime:0.000359s ]
INFO: [ template_filter ] --END-- [ RunTime:0.000469s ]
INFO: Run Behavior\ParseTemplateBehavior [ RunTime:0.090837s ]
INFO: [ view_parse ] --END-- [ RunTime:0.091076s ]
INFO: [ view_filter ] --START--
INFO: Run Behavior\WriteHtmlCacheBehavior [ RunTime:0.020523s ]
INFO: [ view_filter ] --END-- [ RunTime:0.020727s ]
INFO: [ app_end ] --START--
INFO: Run Behavior\ShowPageTraceBehavior [ RunTime:0.010268s ]
INFO: [ app_end ] --END-- [ RunTime:0.010494s ]

[ 2017-03-23T12:15:15+08:00 ] 10.70.10.198 /education/index.php/Admin/Web3/edit/id/5
INFO: [ app_init ] --START--
INFO: Run Behavior\BuildLiteBehavior [ RunTime:0.000046s ]
INFO: [ app_init ] --END-- [ RunTime:0.003459s ]
INFO: [ app_begin ] --START--
INFO: Run Behavior\ReadHtmlCacheBehavior [ RunTime:0.002133s ]
INFO: [ app_begin ] --END-- [ RunTime:0.003434s ]
SQL: SHOW COLUMNS FROM `article3` [ RunTime:0.0133s ]
SQL: SELECT * FROM `article3` WHERE `id` = 5 LIMIT 1   [ RunTime:0.0027s ]
INFO: [ view_parse ] --START--
INFO: [ template_filter ] --START--
INFO: Run Behavior\ContentReplaceBehavior [ RunTime:0.000470s ]
INFO: [ template_filter ] --END-- [ RunTime:0.000673s ]
INFO: Run Behavior\ParseTemplateBehavior [ RunTime:0.060445s ]
INFO: [ view_parse ] --END-- [ RunTime:0.060675s ]
INFO: [ view_filter ] --START--
INFO: Run Behavior\WriteHtmlCacheBehavior [ RunTime:0.012956s ]
INFO: [ view_filter ] --END-- [ RunTime:0.013543s ]
INFO: [ app_end ] --START--
INFO: Run Behavior\ShowPageTraceBehavior [ RunTime:0.002972s ]
INFO: [ app_end ] --END-- [ RunTime:0.005937s ]

[ 2017-03-23T12:15:18+08:00 ] 10.70.10.198 /education/index.php/Admin/Web4/index/type/%E6%95%99%E5%AD%A6%E8%BF%90%E8%A1%8C%E4%B8%8E%E7%AE%A1%E7%90%86.html
INFO: [ app_init ] --START--
INFO: Run Behavior\BuildLiteBehavior [ RunTime:0.000056s ]
INFO: [ app_init ] --END-- [ RunTime:0.006158s ]
INFO: [ app_begin ] --START--
INFO: Run Behavior\ReadHtmlCacheBehavior [ RunTime:0.019944s ]
INFO: [ app_begin ] --END-- [ RunTime:0.020233s ]
SQL: SHOW COLUMNS FROM `article4` [ RunTime:0.0221s ]
SQL: SELECT COUNT(*) AS tp_count FROM `article4` WHERE `type` = '教学运行与管理' LIMIT 1   [ RunTime:0.0232s ]
SQL: SELECT * FROM `article4` WHERE `type` = '教学运行与管理' ORDER BY id desc LIMIT 0,5   [ RunTime:0.0182s ]
INFO: [ view_parse ] --START--
INFO: [ template_filter ] --START--
INFO: Run Behavior\ContentReplaceBehavior [ RunTime:0.000567s ]
INFO: [ template_filter ] --END-- [ RunTime:0.000938s ]
INFO: Run Behavior\ParseTemplateBehavior [ RunTime:0.128073s ]
INFO: [ view_parse ] --END-- [ RunTime:0.128251s ]
INFO: [ view_filter ] --START--
INFO: Run Behavior\WriteHtmlCacheBehavior [ RunTime:0.003399s ]
INFO: [ view_filter ] --END-- [ RunTime:0.003572s ]
INFO: [ app_end ] --START--
INFO: Run Behavior\ShowPageTraceBehavior [ RunTime:0.008818s ]
INFO: [ app_end ] --END-- [ RunTime:0.009069s ]

[ 2017-03-23T12:15:42+08:00 ] 10.70.10.198 /education/index.php/Admin/Web7/index/type/%E6%95%99%E5%AD%A6%E7%AE%A1%E7%90%86%E4%B8%8E%E4%BF%A1%E6%81%AF%E5%8A%9E%E5%85%AC%E5%AE%A4.html
INFO: [ app_init ] --START--
INFO: Run Behavior\BuildLiteBehavior [ RunTime:0.000051s ]
INFO: [ app_init ] --END-- [ RunTime:0.002519s ]
INFO: [ app_begin ] --START--
INFO: Run Behavior\ReadHtmlCacheBehavior [ RunTime:0.014635s ]
INFO: [ app_begin ] --END-- [ RunTime:0.015021s ]
SQL: SHOW COLUMNS FROM `article7` [ RunTime:0.0407s ]
SQL: SELECT COUNT(*) AS tp_count FROM `article7` WHERE `type` = '教学管理与信息办公室' LIMIT 1   [ RunTime:0.0018s ]
SQL: SELECT * FROM `article7` WHERE `type` = '教学管理与信息办公室' ORDER BY id desc LIMIT 0,5   [ RunTime:0.0045s ]
INFO: [ view_parse ] --START--
INFO: [ template_filter ] --START--
INFO: Run Behavior\ContentReplaceBehavior [ RunTime:0.000021s ]
INFO: [ template_filter ] --END-- [ RunTime:0.000565s ]
INFO: Run Behavior\ParseTemplateBehavior [ RunTime:0.126196s ]
INFO: [ view_parse ] --END-- [ RunTime:0.126440s ]
INFO: [ view_filter ] --START--
INFO: Run Behavior\WriteHtmlCacheBehavior [ RunTime:0.005089s ]
INFO: [ view_filter ] --END-- [ RunTime:0.005416s ]
INFO: [ app_end ] --START--
INFO: Run Behavior\ShowPageTraceBehavior [ RunTime:0.013107s ]
INFO: [ app_end ] --END-- [ RunTime:0.013312s ]

[ 2017-03-23T12:15:44+08:00 ] 10.70.10.198 /education/index.php/Admin/Web6/index
INFO: [ app_init ] --START--
INFO: Run Behavior\BuildLiteBehavior [ RunTime:0.000508s ]
INFO: [ app_init ] --END-- [ RunTime:0.003069s ]
INFO: [ app_begin ] --START--
INFO: Run Behavior\ReadHtmlCacheBehavior [ RunTime:0.014092s ]
INFO: [ app_begin ] --END-- [ RunTime:0.014342s ]
SQL: SHOW COLUMNS FROM `article6` [ RunTime:0.0087s ]
SQL: SELECT COUNT(*) AS tp_count FROM `article6` LIMIT 1   [ RunTime:0.0007s ]
SQL: SELECT * FROM `article6` ORDER BY id desc LIMIT 0,5   [ RunTime:0.0245s ]
INFO: [ view_parse ] --START--
INFO: [ template_filter ] --START--
INFO: Run Behavior\ContentReplaceBehavior [ RunTime:0.000330s ]
INFO: [ template_filter ] --END-- [ RunTime:0.000516s ]
NOTIC: [8] Undefined variable: type E:\htdocs\education\Application\Runtime\Cache\Admin\3f91ef57bc1194b2f31836190575f4f4.php 第 269 行.
INFO: Run Behavior\ParseTemplateBehavior [ RunTime:0.074423s ]
INFO: [ view_parse ] --END-- [ RunTime:0.074758s ]
INFO: [ view_filter ] --START--
INFO: Run Behavior\WriteHtmlCacheBehavior [ RunTime:0.004463s ]
INFO: [ view_filter ] --END-- [ RunTime:0.004615s ]
INFO: [ app_end ] --START--
INFO: Run Behavior\ShowPageTraceBehavior [ RunTime:0.010049s ]
INFO: [ app_end ] --END-- [ RunTime:0.010246s ]

[ 2017-03-23T12:15:47+08:00 ] 10.70.10.198 /education/index.php/Admin/Webhome/index/type/%E6%95%99%E5%8A%A1%E9%80%9A%E7%9F%A5.html
INFO: [ app_init ] --START--
INFO: Run Behavior\BuildLiteBehavior [ RunTime:0.000052s ]
INFO: [ app_init ] --END-- [ RunTime:0.008376s ]
INFO: [ app_begin ] --START--
INFO: Run Behavior\ReadHtmlCacheBehavior [ RunTime:0.011168s ]
INFO: [ app_begin ] --END-- [ RunTime:0.011266s ]
SQL: SHOW COLUMNS FROM `article1` [ RunTime:0.0192s ]
SQL: SELECT COUNT(*) AS tp_count FROM `article1` WHERE `type` = '教务通知' LIMIT 1   [ RunTime:0.2274s ]
SQL: SELECT * FROM `article1` WHERE `type` = '教务通知' ORDER BY id desc LIMIT 0,5   [ RunTime:0.0257s ]
INFO: [ view_parse ] --START--
INFO: [ template_filter ] --START--
INFO: Run Behavior\ContentReplaceBehavior [ RunTime:0.001600s ]
INFO: [ template_filter ] --END-- [ RunTime:0.004731s ]
INFO: Run Behavior\ParseTemplateBehavior [ RunTime:0.090045s ]
INFO: [ view_parse ] --END-- [ RunTime:0.090459s ]
INFO: [ view_filter ] --START--
INFO: Run Behavior\WriteHtmlCacheBehavior [ RunTime:0.007697s ]
INFO: [ view_filter ] --END-- [ RunTime:0.008353s ]
INFO: [ app_end ] --START--
INFO: Run Behavior\ShowPageTraceBehavior [ RunTime:0.011049s ]
INFO: [ app_end ] --END-- [ RunTime:0.011253s ]

[ 2017-03-23T12:15:49+08:00 ] 10.70.10.198 /education/index.php/Admin/Admin/index.html
INFO: [ app_init ] --START--
INFO: Run Behavior\BuildLiteBehavior [ RunTime:0.000085s ]
INFO: [ app_init ] --END-- [ RunTime:0.007509s ]
INFO: [ app_begin ] --START--
INFO: Run Behavior\ReadHtmlCacheBehavior [ RunTime:0.002554s ]
INFO: [ app_begin ] --END-- [ RunTime:0.002752s ]
SQL: SHOW COLUMNS FROM `admin` [ RunTime:0.0335s ]
SQL: SELECT COUNT(*) AS tp_count FROM `admin` LIMIT 1   [ RunTime:0.0021s ]
SQL: SELECT * FROM `admin` ORDER BY id desc LIMIT 0,5   [ RunTime:0.0025s ]
INFO: [ view_parse ] --START--
INFO: [ template_filter ] --START--
INFO: Run Behavior\ContentReplaceBehavior [ RunTime:0.001930s ]
INFO: [ template_filter ] --END-- [ RunTime:0.002128s ]
INFO: Run Behavior\ParseTemplateBehavior [ RunTime:0.117086s ]
INFO: [ view_parse ] --END-- [ RunTime:0.117955s ]
INFO: [ view_filter ] --START--
INFO: Run Behavior\WriteHtmlCacheBehavior [ RunTime:0.007933s ]
INFO: [ view_filter ] --END-- [ RunTime:0.008040s ]
INFO: [ app_end ] --START--
INFO: Run Behavior\ShowPageTraceBehavior [ RunTime:0.009760s ]
INFO: [ app_end ] --END-- [ RunTime:0.009976s ]

[ 2017-03-23T12:16:38+08:00 ] 10.70.10.198 /education/index.php/Admin/Webhome/index/type/%E5%8D%95%E9%A1%B5.html
INFO: [ app_init ] --START--
INFO: Run Behavior\BuildLiteBehavior [ RunTime:0.000048s ]
INFO: [ app_init ] --END-- [ RunTime:0.002812s ]
INFO: [ app_begin ] --START--
INFO: Run Behavior\ReadHtmlCacheBehavior [ RunTime:0.007077s ]
INFO: [ app_begin ] --END-- [ RunTime:0.008444s ]
SQL: SHOW COLUMNS FROM `article1` [ RunTime:0.0085s ]
SQL: SELECT COUNT(*) AS tp_count FROM `article1` WHERE `type` = '单页' LIMIT 1   [ RunTime:0.0027s ]
SQL: SELECT * FROM `article1` WHERE `type` = '单页' ORDER BY id desc LIMIT 0,5   [ RunTime:0.0048s ]
INFO: [ view_parse ] --START--
INFO: [ template_filter ] --START--
INFO: Run Behavior\ContentReplaceBehavior [ RunTime:0.000071s ]
INFO: [ template_filter ] --END-- [ RunTime:0.001170s ]
INFO: Run Behavior\ParseTemplateBehavior [ RunTime:0.075791s ]
INFO: [ view_parse ] --END-- [ RunTime:0.075909s ]
INFO: [ view_filter ] --START--
INFO: Run Behavior\WriteHtmlCacheBehavior [ RunTime:0.002637s ]
INFO: [ view_filter ] --END-- [ RunTime:0.002789s ]
INFO: [ app_end ] --START--
INFO: Run Behavior\ShowPageTraceBehavior [ RunTime:0.003526s ]
INFO: [ app_end ] --END-- [ RunTime:0.003642s ]

[ 2017-03-23T12:16:40+08:00 ] 10.70.10.198 /education/index.php/Admin/Webhome/edit/id/26
INFO: [ app_init ] --START--
INFO: Run Behavior\BuildLiteBehavior [ RunTime:0.000051s ]
INFO: [ app_init ] --END-- [ RunTime:0.003120s ]
INFO: [ app_begin ] --START--
INFO: Run Behavior\ReadHtmlCacheBehavior [ RunTime:0.002887s ]
INFO: [ app_begin ] --END-- [ RunTime:0.003066s ]
SQL: SHOW COLUMNS FROM `article1` [ RunTime:0.0089s ]
SQL: SELECT * FROM `article1` WHERE `id` = 26 LIMIT 1   [ RunTime:0.0009s ]
INFO: [ view_parse ] --START--
INFO: [ template_filter ] --START--
INFO: Run Behavior\ContentReplaceBehavior [ RunTime:0.000338s ]
INFO: [ template_filter ] --END-- [ RunTime:0.000512s ]
INFO: Run Behavior\ParseTemplateBehavior [ RunTime:0.066137s ]
INFO: [ view_parse ] --END-- [ RunTime:0.067870s ]
INFO: [ view_filter ] --START--
INFO: Run Behavior\WriteHtmlCacheBehavior [ RunTime:0.002911s ]
INFO: [ view_filter ] --END-- [ RunTime:0.003059s ]
INFO: [ app_end ] --START--
INFO: Run Behavior\ShowPageTraceBehavior [ RunTime:0.003073s ]
INFO: [ app_end ] --END-- [ RunTime:0.003265s ]

[ 2017-03-23T12:16:49+08:00 ] 10.70.10.198 /education/index.php/Admin/Webhome/edit/id/26
INFO: [ app_init ] --START--
INFO: Run Behavior\BuildLiteBehavior [ RunTime:0.000054s ]
INFO: [ app_init ] --END-- [ RunTime:0.004275s ]
INFO: [ app_begin ] --START--
INFO: Run Behavior\ReadHtmlCacheBehavior [ RunTime:0.011909s ]
INFO: [ app_begin ] --END-- [ RunTime:0.012167s ]
SQL: SHOW COLUMNS FROM `article1` [ RunTime:0.0054s ]
SQL: SELECT * FROM `article1` WHERE `id` = 26 LIMIT 1   [ RunTime:0.0008s ]
NOTIC: [8] Undefined index: validate E:\htdocs\education\ThinkPHP\Library\Think\Model.class.php 第 1185 行.
NOTIC: [8] Undefined index: auto E:\htdocs\education\ThinkPHP\Library\Think\Model.class.php 第 1128 行.
SQL: UPDATE `article1` SET `title`='校历',`author`='教务处',`resource`='文华教务网',`content`='&lt;p&gt;&lt;br/&gt;&lt;/p&gt;&lt;p style=&quot;margin-bottom: 1em;&quot;&gt;&lt;img alt=&quot;&quot; src=&quot;/ueditor/php/upload/image/20170323/1490241940481353.jpg&quot; title=&quot;附件.jpg&quot; height=&quot;1434&quot; width=&quot;756&quot; style=&quot;width: 756px; height: 1434px;&quot;/&gt;&lt;/p&gt;&lt;p&gt;&lt;br/&gt;&lt;/p&gt;' WHERE `id` = 26 [ RunTime:0.0076s ]
INFO: [ view_parse ] --START--
INFO: [ template_filter ] --START--
INFO: Run Behavior\ContentReplaceBehavior [ RunTime:0.000138s ]
INFO: [ template_filter ] --END-- [ RunTime:0.000457s ]
INFO: Run Behavior\ParseTemplateBehavior [ RunTime:0.057001s ]
INFO: [ view_parse ] --END-- [ RunTime:0.057437s ]
INFO: [ view_filter ] --START--
INFO: Run Behavior\WriteHtmlCacheBehavior [ RunTime:0.010668s ]
INFO: [ view_filter ] --END-- [ RunTime:0.010826s ]
INFO: [ app_end ] --START--
INFO: Run Behavior\ShowPageTraceBehavior [ RunTime:0.012059s ]
INFO: [ app_end ] --END-- [ RunTime:0.012804s ]

[ 2017-03-23T12:16:50+08:00 ] 10.70.10.198 /education/index.php/Admin/Webhome/index/type/%E5%8D%95%E9%A1%B5.html
INFO: [ app_init ] --START--
INFO: Run Behavior\BuildLiteBehavior [ RunTime:0.000053s ]
INFO: [ app_init ] --END-- [ RunTime:0.005619s ]
INFO: [ app_begin ] --START--
INFO: Run Behavior\ReadHtmlCacheBehavior [ RunTime:0.013442s ]
INFO: [ app_begin ] --END-- [ RunTime:0.013686s ]
SQL: SHOW COLUMNS FROM `article1` [ RunTime:0.0053s ]
SQL: SELECT COUNT(*) AS tp_count FROM `article1` WHERE `type` = '单页' LIMIT 1   [ RunTime:0.0023s ]
SQL: SELECT * FROM `article1` WHERE `type` = '单页' ORDER BY id desc LIMIT 0,5   [ RunTime:0.0017s ]
INFO: [ view_parse ] --START--
INFO: [ template_filter ] --START--
INFO: Run Behavior\ContentReplaceBehavior [ RunTime:0.000087s ]
INFO: [ template_filter ] --END-- [ RunTime:0.001156s ]
INFO: Run Behavior\ParseTemplateBehavior [ RunTime:0.065478s ]
INFO: [ view_parse ] --END-- [ RunTime:0.065688s ]
INFO: [ view_filter ] --START--
INFO: Run Behavior\WriteHtmlCacheBehavior [ RunTime:0.007689s ]
INFO: [ view_filter ] --END-- [ RunTime:0.007853s ]
INFO: [ app_end ] --START--
INFO: Run Behavior\ShowPageTraceBehavior [ RunTime:0.004093s ]
INFO: [ app_end ] --END-- [ RunTime:0.004270s ]

[ 2017-03-23T14:40:46+08:00 ] 223.104.20.15 /education/index.php/Admin/Login/index.html
INFO: [ app_init ] --START--
INFO: Run Behavior\BuildLiteBehavior [ RunTime:0.000048s ]
INFO: [ app_init ] --END-- [ RunTime:0.006423s ]
INFO: [ app_begin ] --START--
INFO: Run Behavior\ReadHtmlCacheBehavior [ RunTime:0.008406s ]
INFO: [ app_begin ] --END-- [ RunTime:0.008654s ]
SQL: SHOW COLUMNS FROM `admin` [ RunTime:0.0204s ]
INFO: [ view_parse ] --START--
INFO: [ template_filter ] --START--
INFO: Run Behavior\ContentReplaceBehavior [ RunTime:0.000390s ]
INFO: [ template_filter ] --END-- [ RunTime:0.000619s ]
INFO: Run Behavior\ParseTemplateBehavior [ RunTime:0.063491s ]
INFO: [ view_parse ] --END-- [ RunTime:0.063846s ]
INFO: [ view_filter ] --START--
INFO: Run Behavior\WriteHtmlCacheBehavior [ RunTime:0.007074s ]
INFO: [ view_filter ] --END-- [ RunTime:0.007176s ]
INFO: [ app_end ] --START--
INFO: Run Behavior\ShowPageTraceBehavior [ RunTime:0.006293s ]
INFO: [ app_end ] --END-- [ RunTime:0.006526s ]

[ 2017-03-23T14:40:53+08:00 ] 223.104.20.15 /education/index.php/Admin/Login/index.html
INFO: [ app_init ] --START--
INFO: Run Behavior\BuildLiteBehavior [ RunTime:0.000047s ]
INFO: [ app_init ] --END-- [ RunTime:0.013634s ]
INFO: [ app_begin ] --START--
INFO: Run Behavior\ReadHtmlCacheBehavior [ RunTime:0.009242s ]
INFO: [ app_begin ] --END-- [ RunTime:0.009504s ]
SQL: SHOW COLUMNS FROM `admin` [ RunTime:0.0074s ]
SQL: SELECT * FROM `admin` WHERE `name` = 'tt' AND `password` = '123' LIMIT 1   [ RunTime:0.0015s ]
INFO: [ view_parse ] --START--
INFO: [ template_filter ] --START--
INFO: Run Behavior\ContentReplaceBehavior [ RunTime:0.000149s ]
INFO: [ template_filter ] --END-- [ RunTime:0.000316s ]
INFO: Run Behavior\ParseTemplateBehavior [ RunTime:0.049341s ]
INFO: [ view_parse ] --END-- [ RunTime:0.049530s ]
INFO: [ view_filter ] --START--
INFO: Run Behavior\WriteHtmlCacheBehavior [ RunTime:0.002851s ]
INFO: [ view_filter ] --END-- [ RunTime:0.002949s ]
INFO: [ app_end ] --START--
INFO: Run Behavior\ShowPageTraceBehavior [ RunTime:0.003377s ]
INFO: [ app_end ] --END-- [ RunTime:0.003838s ]

[ 2017-03-23T14:40:55+08:00 ] 223.104.20.15 /education/index.php/Admin/Index/index.html
INFO: [ app_init ] --START--
INFO: Run Behavior\BuildLiteBehavior [ RunTime:0.000042s ]
INFO: [ app_init ] --END-- [ RunTime:0.013336s ]
INFO: [ app_begin ] --START--
INFO: Run Behavior\ReadHtmlCacheBehavior [ RunTime:0.005581s ]
INFO: [ app_begin ] --END-- [ RunTime:0.005919s ]
INFO: [ view_parse ] --START--
INFO: [ template_filter ] --START--
INFO: Run Behavior\ContentReplaceBehavior [ RunTime:0.000425s ]
INFO: [ template_filter ] --END-- [ RunTime:0.000706s ]
INFO: Run Behavior\ParseTemplateBehavior [ RunTime:0.087801s ]
INFO: [ view_parse ] --END-- [ RunTime:0.088794s ]
INFO: [ view_filter ] --START--
INFO: Run Behavior\WriteHtmlCacheBehavior [ RunTime:0.002661s ]
INFO: [ view_filter ] --END-- [ RunTime:0.002772s ]
INFO: [ app_end ] --START--
INFO: Run Behavior\ShowPageTraceBehavior [ RunTime:0.023569s ]
INFO: [ app_end ] --END-- [ RunTime:0.024050s ]

[ 2017-03-23T14:40:55+08:00 ] 180.153.211.190 /education/index.php/Admin/Login/index.html
INFO: [ app_init ] --START--
INFO: Run Behavior\BuildLiteBehavior [ RunTime:0.000000s ]
INFO: [ app_init ] --END-- [ RunTime:0.006429s ]
INFO: [ app_begin ] --START--
INFO: Run Behavior\ReadHtmlCacheBehavior [ RunTime:0.014688s ]
INFO: [ app_begin ] --END-- [ RunTime:0.014769s ]
SQL: SHOW COLUMNS FROM `admin` [ RunTime:0.0062s ]
INFO: [ view_parse ] --START--
INFO: [ template_filter ] --START--
INFO: Run Behavior\ContentReplaceBehavior [ RunTime:0.000202s ]
INFO: [ template_filter ] --END-- [ RunTime:0.000483s ]
INFO: Run Behavior\ParseTemplateBehavior [ RunTime:0.056236s ]
INFO: [ view_parse ] --END-- [ RunTime:0.056443s ]
INFO: [ view_filter ] --START--
INFO: Run Behavior\WriteHtmlCacheBehavior [ RunTime:0.004859s ]
INFO: [ view_filter ] --END-- [ RunTime:0.005020s ]
INFO: [ app_end ] --START--
INFO: Run Behavior\ShowPageTraceBehavior [ RunTime:0.001317s ]
INFO: [ app_end ] --END-- [ RunTime:0.002477s ]

[ 2017-03-23T14:41:04+08:00 ] 223.104.20.15 /education/index.php/Admin/Webhome/index/type/%E6%95%99%E5%8A%A1%E9%80%9A%E7%9F%A5.html
INFO: [ app_init ] --START--
INFO: Run Behavior\BuildLiteBehavior [ RunTime:0.000049s ]
INFO: [ app_init ] --END-- [ RunTime:0.008315s ]
INFO: [ app_begin ] --START--
INFO: Run Behavior\ReadHtmlCacheBehavior [ RunTime:0.012699s ]
INFO: [ app_begin ] --END-- [ RunTime:0.013890s ]
SQL: SHOW COLUMNS FROM `article1` [ RunTime:0.0138s ]
SQL: SELECT COUNT(*) AS tp_count FROM `article1` WHERE `type` = '教务通知' LIMIT 1   [ RunTime:0.0008s ]
SQL: SELECT * FROM `article1` WHERE `type` = '教务通知' ORDER BY id desc LIMIT 0,5   [ RunTime:0.0315s ]
INFO: [ view_parse ] --START--
INFO: [ template_filter ] --START--
INFO: Run Behavior\ContentReplaceBehavior [ RunTime:0.000397s ]
INFO: [ template_filter ] --END-- [ RunTime:0.000631s ]
INFO: Run Behavior\ParseTemplateBehavior [ RunTime:0.113214s ]
INFO: [ view_parse ] --END-- [ RunTime:0.113759s ]
INFO: [ view_filter ] --START--
INFO: Run Behavior\WriteHtmlCacheBehavior [ RunTime:0.006094s ]
INFO: [ view_filter ] --END-- [ RunTime:0.006260s ]
INFO: [ app_end ] --START--
INFO: Run Behavior\ShowPageTraceBehavior [ RunTime:0.007066s ]
INFO: [ app_end ] --END-- [ RunTime:0.008242s ]

[ 2017-03-23T14:41:05+08:00 ] 223.104.20.15 /education/index.php/Admin/Webhome/index/type/%E8%B4%A8%E9%87%8F%E5%B7%A5%E7%A8%8B.html
INFO: [ app_init ] --START--
INFO: Run Behavior\BuildLiteBehavior [ RunTime:0.000045s ]
INFO: [ app_init ] --END-- [ RunTime:0.007747s ]
INFO: [ app_begin ] --START--
INFO: Run Behavior\ReadHtmlCacheBehavior [ RunTime:0.005848s ]
INFO: [ app_begin ] --END-- [ RunTime:0.006106s ]
SQL: SHOW COLUMNS FROM `article1` [ RunTime:0.0130s ]
SQL: SELECT COUNT(*) AS tp_count FROM `article1` WHERE `type` = '质量工程' LIMIT 1   [ RunTime:0.0037s ]
SQL: SELECT * FROM `article1` WHERE `type` = '质量工程' ORDER BY id desc LIMIT 0,5   [ RunTime:0.0280s ]
INFO: [ view_parse ] --START--
INFO: [ template_filter ] --START--
INFO: Run Behavior\ContentReplaceBehavior [ RunTime:0.000393s ]
INFO: [ template_filter ] --END-- [ RunTime:0.000630s ]
INFO: Run Behavior\ParseTemplateBehavior [ RunTime:0.050195s ]
INFO: [ view_parse ] --END-- [ RunTime:0.050320s ]
INFO: [ view_filter ] --START--
INFO: Run Behavior\WriteHtmlCacheBehavior [ RunTime:0.008167s ]
INFO: [ view_filter ] --END-- [ RunTime:0.008323s ]
INFO: [ app_end ] --START--
INFO: Run Behavior\ShowPageTraceBehavior [ RunTime:0.003361s ]
INFO: [ app_end ] --END-- [ RunTime:0.004567s ]

[ 2017-03-23T14:41:05+08:00 ] 101.226.33.224 /education/index.php/Admin/Index/index.html
INFO: [ app_init ] --START--
INFO: Run Behavior\BuildLiteBehavior [ RunTime:0.000003s ]
INFO: [ app_init ] --END-- [ RunTime:0.001296s ]
INFO: [ app_begin ] --START--
INFO: Run Behavior\ReadHtmlCacheBehavior [ RunTime:0.002734s ]
INFO: [ app_begin ] --END-- [ RunTime:0.003928s ]
INFO: [ view_parse ] --START--
INFO: [ template_filter ] --START--
INFO: Run Behavior\ContentReplaceBehavior [ RunTime:0.000406s ]
INFO: [ template_filter ] --END-- [ RunTime:0.000695s ]
INFO: Run Behavior\ParseTemplateBehavior [ RunTime:0.062666s ]
INFO: [ view_parse ] --END-- [ RunTime:0.062944s ]
INFO: [ view_filter ] --START--
INFO: Run Behavior\WriteHtmlCacheBehavior [ RunTime:0.001432s ]
INFO: [ view_filter ] --END-- [ RunTime:0.001574s ]
INFO: [ app_end ] --START--
INFO: Run Behavior\ShowPageTraceBehavior [ RunTime:0.013189s ]
INFO: [ app_end ] --END-- [ RunTime:0.013448s ]

[ 2017-03-23T14:41:14+08:00 ] 101.226.89.116 /education/index.php/Admin/Webhome/index/type/%E6%95%99%E5%8A%A1%E9%80%9A%E7%9F%A5.html
INFO: [ app_init ] --START--
INFO: Run Behavior\BuildLiteBehavior [ RunTime:0.000054s ]
INFO: [ app_init ] --END-- [ RunTime:0.007566s ]
INFO: [ app_begin ] --START--
INFO: Run Behavior\ReadHtmlCacheBehavior [ RunTime:0.003218s ]
INFO: [ app_begin ] --END-- [ RunTime:0.003421s ]
INFO: [ view_parse ] --START--
INFO: [ template_filter ] --START--
INFO: Run Behavior\ContentReplaceBehavior [ RunTime:0.000147s ]
INFO: [ template_filter ] --END-- [ RunTime:0.000416s ]
INFO: Run Behavior\ParseTemplateBehavior [ RunTime:0.098443s ]
INFO: [ view_parse ] --END-- [ RunTime:0.098743s ]
INFO: [ view_filter ] --START--
INFO: Run Behavior\WriteHtmlCacheBehavior [ RunTime:0.008751s ]
INFO: [ view_filter ] --END-- [ RunTime:0.008762s ]

[ 2017-03-23T14:41:15+08:00 ] 101.226.89.123 /education/index.php/Admin/Webhome/index/type/%E8%B4%A8%E9%87%8F%E5%B7%A5%E7%A8%8B.html
INFO: [ app_init ] --START--
INFO: Run Behavior\BuildLiteBehavior [ RunTime:0.000109s ]
INFO: [ app_init ] --END-- [ RunTime:0.013636s ]
INFO: [ app_begin ] --START--
INFO: Run Behavior\ReadHtmlCacheBehavior [ RunTime:0.009742s ]
INFO: [ app_begin ] --END-- [ RunTime:0.009956s ]
INFO: [ view_parse ] --START--
INFO: [ template_filter ] --START--
INFO: Run Behavior\ContentReplaceBehavior [ RunTime:0.000135s ]
INFO: [ template_filter ] --END-- [ RunTime:0.000390s ]
INFO: Run Behavior\ParseTemplateBehavior [ RunTime:0.041405s ]
INFO: [ view_parse ] --END-- [ RunTime:0.045658s ]
INFO: [ view_filter ] --START--
INFO: Run Behavior\WriteHtmlCacheBehavior [ RunTime:0.008897s ]
INFO: [ view_filter ] --END-- [ RunTime:0.009703s ]

[ 2017-03-23T14:41:18+08:00 ] 223.104.20.15 /education/index.php/Admin/Web4/index/type/%E6%95%99%E5%AD%A6%E6%94%B9%E9%9D%A9%E4%B8%8E%E7%A0%94%E7%A9%B6.html
INFO: [ app_init ] --START--
INFO: Run Behavior\BuildLiteBehavior [ RunTime:0.000051s ]
INFO: [ app_init ] --END-- [ RunTime:0.014431s ]
INFO: [ app_begin ] --START--
INFO: Run Behavior\ReadHtmlCacheBehavior [ RunTime:0.002640s ]
INFO: [ app_begin ] --END-- [ RunTime:0.002872s ]
SQL: SHOW COLUMNS FROM `article4` [ RunTime:0.0313s ]
SQL: SELECT COUNT(*) AS tp_count FROM `article4` WHERE `type` = '教学改革与研究' LIMIT 1   [ RunTime:0.0919s ]
SQL: SELECT * FROM `article4` WHERE `type` = '教学改革与研究' ORDER BY id desc LIMIT 0,5   [ RunTime:0.0093s ]
INFO: [ view_parse ] --START--
INFO: [ template_filter ] --START--
INFO: Run Behavior\ContentReplaceBehavior [ RunTime:0.000520s ]
INFO: [ template_filter ] --END-- [ RunTime:0.001626s ]
INFO: Run Behavior\ParseTemplateBehavior [ RunTime:0.096020s ]
INFO: [ view_parse ] --END-- [ RunTime:0.096340s ]
INFO: [ view_filter ] --START--
INFO: Run Behavior\WriteHtmlCacheBehavior [ RunTime:0.010639s ]
INFO: [ view_filter ] --END-- [ RunTime:0.010894s ]
INFO: [ app_end ] --START--
INFO: Run Behavior\ShowPageTraceBehavior [ RunTime:0.011482s ]
INFO: [ app_end ] --END-- [ RunTime:0.011664s ]

