[ 2017-03-22T07:46:40+08:00 ] 183.57.53.222 /education/index.php/Admin/Login/index.html
INFO: [ app_init ] --START--
INFO: Run Behavior\BuildLiteBehavior [ RunTime:0.000046s ]
INFO: [ app_init ] --END-- [ RunTime:0.001323s ]
INFO: [ app_begin ] --START--
INFO: Run Behavior\ReadHtmlCacheBehavior [ RunTime:0.010180s ]
INFO: [ app_begin ] --END-- [ RunTime:0.010543s ]
SQL: SHOW COLUMNS FROM `admin` [ RunTime:0.0192s ]
INFO: [ view_parse ] --START--
INFO: [ template_filter ] --START--
INFO: Run Behavior\ContentReplaceBehavior [ RunTime:0.000776s ]
INFO: [ template_filter ] --END-- [ RunTime:0.002418s ]
INFO: Run Behavior\ParseTemplateBehavior [ RunTime:0.085467s ]
INFO: [ view_parse ] --END-- [ RunTime:0.085696s ]
INFO: [ view_filter ] --START--
INFO: Run Behavior\WriteHtmlCacheBehavior [ RunTime:0.012811s ]
INFO: [ view_filter ] --END-- [ RunTime:0.012867s ]
INFO: [ app_end ] --START--
INFO: Run Behavior\ShowPageTraceBehavior [ RunTime:0.013251s ]
INFO: [ app_end ] --END-- [ RunTime:0.013411s ]

[ 2017-03-22T07:46:40+08:00 ] 10.8.129.82 /education/index.php/Admin/Login/index.html
INFO: [ app_init ] --START--
INFO: Run Behavior\BuildLiteBehavior [ RunTime:0.000048s ]
INFO: [ app_init ] --END-- [ RunTime:0.001513s ]
INFO: [ app_begin ] --START--
INFO: Run Behavior\ReadHtmlCacheBehavior [ RunTime:0.024128s ]
INFO: [ app_begin ] --END-- [ RunTime:0.024612s ]
SQL: SHOW COLUMNS FROM `admin` [ RunTime:0.0117s ]
INFO: [ view_parse ] --START--
INFO: [ template_filter ] --START--
INFO: Run Behavior\ContentReplaceBehavior [ RunTime:0.000242s ]
INFO: [ template_filter ] --END-- [ RunTime:0.000586s ]
INFO: Run Behavior\ParseTemplateBehavior [ RunTime:0.040370s ]
INFO: [ view_parse ] --END-- [ RunTime:0.040746s ]
INFO: [ view_filter ] --START--
INFO: Run Behavior\WriteHtmlCacheBehavior [ RunTime:0.000894s ]
INFO: [ view_filter ] --END-- [ RunTime:0.001032s ]
INFO: [ app_end ] --START--
INFO: Run Behavior\ShowPageTraceBehavior [ RunTime:0.001283s ]
INFO: [ app_end ] --END-- [ RunTime:0.001806s ]

[ 2017-03-22T07:46:47+08:00 ] 10.8.129.82 /education/index.php/Admin/Login/index.html
INFO: [ app_init ] --START--
INFO: Run Behavior\BuildLiteBehavior [ RunTime:0.000919s ]
INFO: [ app_init ] --END-- [ RunTime:0.009438s ]
INFO: [ app_begin ] --START--
INFO: Run Behavior\ReadHtmlCacheBehavior [ RunTime:0.005388s ]
INFO: [ app_begin ] --END-- [ RunTime:0.005644s ]
SQL: SHOW COLUMNS FROM `admin` [ RunTime:0.0064s ]
SQL: SELECT * FROM `admin` WHERE `name` = 'tt' AND `password` = '123' LIMIT 1   [ RunTime:0.0016s ]
INFO: [ view_parse ] --START--
INFO: [ template_filter ] --START--
INFO: Run Behavior\ContentReplaceBehavior [ RunTime:0.000135s ]
INFO: [ template_filter ] --END-- [ RunTime:0.000335s ]
INFO: Run Behavior\ParseTemplateBehavior [ RunTime:0.060870s ]
INFO: [ view_parse ] --END-- [ RunTime:0.061025s ]
INFO: [ view_filter ] --START--
INFO: Run Behavior\WriteHtmlCacheBehavior [ RunTime:0.006741s ]
INFO: [ view_filter ] --END-- [ RunTime:0.006875s ]
INFO: [ app_end ] --START--
INFO: Run Behavior\ShowPageTraceBehavior [ RunTime:0.011241s ]
INFO: [ app_end ] --END-- [ RunTime:0.011417s ]

[ 2017-03-22T07:46:50+08:00 ] 10.8.129.82 /education/index.php/Admin/Index/index.html
INFO: [ app_init ] --START--
INFO: Run Behavior\BuildLiteBehavior [ RunTime:0.000056s ]
INFO: [ app_init ] --END-- [ RunTime:0.084113s ]
INFO: [ app_begin ] --START--
INFO: Run Behavior\ReadHtmlCacheBehavior [ RunTime:0.202970s ]
INFO: [ app_begin ] --END-- [ RunTime:0.203595s ]
INFO: [ view_parse ] --START--
INFO: [ template_filter ] --START--
INFO: Run Behavior\ContentReplaceBehavior [ RunTime:0.000423s ]
INFO: [ template_filter ] --END-- [ RunTime:0.002126s ]
INFO: Run Behavior\ParseTemplateBehavior [ RunTime:0.471250s ]
INFO: [ view_parse ] --END-- [ RunTime:0.471494s ]
INFO: [ view_filter ] --START--
INFO: Run Behavior\WriteHtmlCacheBehavior [ RunTime:0.014120s ]
INFO: [ view_filter ] --END-- [ RunTime:0.014317s ]
INFO: [ app_end ] --START--
INFO: Run Behavior\ShowPageTraceBehavior [ RunTime:0.310927s ]
INFO: [ app_end ] --END-- [ RunTime:0.312240s ]

[ 2017-03-22T07:46:50+08:00 ] 183.57.53.197 /education/index.php/Admin/Index/index.html
INFO: [ app_init ] --START--
INFO: Run Behavior\BuildLiteBehavior [ RunTime:0.000513s ]
INFO: [ app_init ] --END-- [ RunTime:0.019566s ]
INFO: [ app_begin ] --START--
INFO: Run Behavior\ReadHtmlCacheBehavior [ RunTime:0.105030s ]
INFO: [ app_begin ] --END-- [ RunTime:0.105730s ]
INFO: [ view_parse ] --START--
INFO: [ template_filter ] --START--
INFO: Run Behavior\ContentReplaceBehavior [ RunTime:0.000319s ]
INFO: [ template_filter ] --END-- [ RunTime:0.016820s ]
INFO: Run Behavior\ParseTemplateBehavior [ RunTime:0.509455s ]
INFO: [ view_parse ] --END-- [ RunTime:0.509851s ]
INFO: [ view_filter ] --START--
INFO: Run Behavior\WriteHtmlCacheBehavior [ RunTime:0.010079s ]
INFO: [ view_filter ] --END-- [ RunTime:0.015034s ]
INFO: [ app_end ] --START--
INFO: Run Behavior\ShowPageTraceBehavior [ RunTime:0.013592s ]
INFO: [ app_end ] --END-- [ RunTime:0.013843s ]

[ 2017-03-22T07:46:55+08:00 ] 10.8.129.82 /education/index.php/Admin/Web4/index/type/%E6%95%99%E5%AD%A6%E6%94%B9%E9%9D%A9%E4%B8%8E%E7%A0%94%E7%A9%B6.html
INFO: [ app_init ] --START--
INFO: Run Behavior\BuildLiteBehavior [ RunTime:0.000049s ]
INFO: [ app_init ] --END-- [ RunTime:0.008476s ]
INFO: [ app_begin ] --START--
INFO: Run Behavior\ReadHtmlCacheBehavior [ RunTime:0.006700s ]
INFO: [ app_begin ] --END-- [ RunTime:0.006918s ]
SQL: SHOW COLUMNS FROM `article4` [ RunTime:0.0459s ]
SQL: SELECT COUNT(*) AS tp_count FROM `article4` WHERE `type` = '教学改革与研究' LIMIT 1   [ RunTime:0.0582s ]
SQL: SELECT * FROM `article4` WHERE `type` = '教学改革与研究' ORDER BY id desc LIMIT 0,5   [ RunTime:0.0075s ]
INFO: [ view_parse ] --START--
INFO: [ template_filter ] --START--
INFO: Run Behavior\ContentReplaceBehavior [ RunTime:0.000512s ]
INFO: [ template_filter ] --END-- [ RunTime:0.000956s ]
INFO: Run Behavior\ParseTemplateBehavior [ RunTime:0.130489s ]
INFO: [ view_parse ] --END-- [ RunTime:0.130750s ]
INFO: [ view_filter ] --START--
INFO: Run Behavior\WriteHtmlCacheBehavior [ RunTime:0.006550s ]
INFO: [ view_filter ] --END-- [ RunTime:0.006729s ]
INFO: [ app_end ] --START--
INFO: Run Behavior\ShowPageTraceBehavior [ RunTime:0.007226s ]
INFO: [ app_end ] --END-- [ RunTime:0.009181s ]

[ 2017-03-22T07:46:56+08:00 ] 183.57.53.222 /education/index.php/Admin/Web4/index/type/%E6%95%99%E5%AD%A6%E6%94%B9%E9%9D%A9%E4%B8%8E%E7%A0%94%E7%A9%B6.html
INFO: [ app_init ] --START--
INFO: Run Behavior\BuildLiteBehavior [ RunTime:0.000054s ]
INFO: [ app_init ] --END-- [ RunTime:0.008195s ]
INFO: [ app_begin ] --START--
INFO: Run Behavior\ReadHtmlCacheBehavior [ RunTime:0.010306s ]
INFO: [ app_begin ] --END-- [ RunTime:0.010840s ]
INFO: [ view_parse ] --START--
INFO: [ template_filter ] --START--
INFO: Run Behavior\ContentReplaceBehavior [ RunTime:0.000366s ]
INFO: [ template_filter ] --END-- [ RunTime:0.000602s ]
INFO: Run Behavior\ParseTemplateBehavior [ RunTime:0.105208s ]
INFO: [ view_parse ] --END-- [ RunTime:0.105463s ]
INFO: [ view_filter ] --START--
INFO: Run Behavior\WriteHtmlCacheBehavior [ RunTime:0.007131s ]
INFO: [ view_filter ] --END-- [ RunTime:0.007193s ]

[ 2017-03-22T07:46:59+08:00 ] 112.90.82.218 /education/index.php/Admin/Webhome/department/type/%E4%B8%93%E4%B8%9A%E7%89%B9%E8%89%B2.html
INFO: [ app_init ] --START--
INFO: Run Behavior\BuildLiteBehavior [ RunTime:0.000060s ]
INFO: [ app_init ] --END-- [ RunTime:0.007000s ]
INFO: [ app_begin ] --START--
INFO: Run Behavior\ReadHtmlCacheBehavior [ RunTime:0.023975s ]
INFO: [ app_begin ] --END-- [ RunTime:0.024264s ]
INFO: [ view_parse ] --START--
INFO: [ template_filter ] --START--
INFO: Run Behavior\ContentReplaceBehavior [ RunTime:0.000293s ]
INFO: [ template_filter ] --END-- [ RunTime:0.004487s ]
INFO: Run Behavior\ParseTemplateBehavior [ RunTime:0.155942s ]
INFO: [ view_parse ] --END-- [ RunTime:0.156554s ]
INFO: [ view_filter ] --START--
INFO: Run Behavior\WriteHtmlCacheBehavior [ RunTime:0.011334s ]
INFO: [ view_filter ] --END-- [ RunTime:0.011530s ]

[ 2017-03-22T07:47:00+08:00 ] 10.8.129.82 /education/index.php/Admin/Webhome/department/type/%E4%B8%93%E4%B8%9A%E7%89%B9%E8%89%B2.html
INFO: [ app_init ] --START--
INFO: Run Behavior\BuildLiteBehavior [ RunTime:0.000057s ]
INFO: [ app_init ] --END-- [ RunTime:0.026356s ]
INFO: [ app_begin ] --START--
INFO: Run Behavior\ReadHtmlCacheBehavior [ RunTime:0.052680s ]
INFO: [ app_begin ] --END-- [ RunTime:0.053340s ]
SQL: SHOW COLUMNS FROM `article1` [ RunTime:0.0168s ]
SQL: SELECT COUNT(*) AS tp_count FROM `article1` WHERE `type` = '专业特色' LIMIT 1   [ RunTime:0.0058s ]
SQL: SELECT * FROM `article1` WHERE `type` = '专业特色' ORDER BY id desc LIMIT 0,5   [ RunTime:0.0166s ]
INFO: [ view_parse ] --START--
INFO: [ template_filter ] --START--
INFO: Run Behavior\ContentReplaceBehavior [ RunTime:0.001826s ]
INFO: [ template_filter ] --END-- [ RunTime:0.002305s ]
INFO: Run Behavior\ParseTemplateBehavior [ RunTime:0.168952s ]
INFO: [ view_parse ] --END-- [ RunTime:0.169618s ]
INFO: [ view_filter ] --START--
INFO: Run Behavior\WriteHtmlCacheBehavior [ RunTime:0.017902s ]
INFO: [ view_filter ] --END-- [ RunTime:0.018106s ]
INFO: [ app_end ] --START--
INFO: Run Behavior\ShowPageTraceBehavior [ RunTime:0.013392s ]
INFO: [ app_end ] --END-- [ RunTime:0.013744s ]

[ 2017-03-22T07:47:04+08:00 ] 101.226.33.219 /education/index.php/Admin/Web4/index/type/%E6%95%99%E5%AD%A6%E6%94%B9%E9%9D%A9%E4%B8%8E%E7%A0%94%E7%A9%B6.html
INFO: [ app_init ] --START--
INFO: Run Behavior\BuildLiteBehavior [ RunTime:0.000060s ]
INFO: [ app_init ] --END-- [ RunTime:0.010868s ]
INFO: [ app_begin ] --START--
INFO: Run Behavior\ReadHtmlCacheBehavior [ RunTime:0.027182s ]
INFO: [ app_begin ] --END-- [ RunTime:0.027630s ]
INFO: [ view_parse ] --START--
INFO: [ template_filter ] --START--
INFO: Run Behavior\ContentReplaceBehavior [ RunTime:0.000698s ]
INFO: [ template_filter ] --END-- [ RunTime:0.007915s ]
INFO: Run Behavior\ParseTemplateBehavior [ RunTime:0.119742s ]
INFO: [ view_parse ] --END-- [ RunTime:0.120049s ]
INFO: [ view_filter ] --START--
INFO: Run Behavior\WriteHtmlCacheBehavior [ RunTime:0.006001s ]
INFO: [ view_filter ] --END-- [ RunTime:0.006195s ]

[ 2017-03-22T07:47:08+08:00 ] 101.226.51.229 /education/index.php/Admin/Webhome/department/type/%E4%B8%93%E4%B8%9A%E7%89%B9%E8%89%B2.html
INFO: [ app_init ] --START--
INFO: Run Behavior\BuildLiteBehavior [ RunTime:0.000053s ]
INFO: [ app_init ] --END-- [ RunTime:0.009204s ]
INFO: [ app_begin ] --START--
INFO: Run Behavior\ReadHtmlCacheBehavior [ RunTime:0.015256s ]
INFO: [ app_begin ] --END-- [ RunTime:0.015488s ]
INFO: [ view_parse ] --START--
INFO: [ template_filter ] --START--
INFO: Run Behavior\ContentReplaceBehavior [ RunTime:0.000136s ]
INFO: [ template_filter ] --END-- [ RunTime:0.000354s ]
INFO: Run Behavior\ParseTemplateBehavior [ RunTime:0.056954s ]
INFO: [ view_parse ] --END-- [ RunTime:0.057221s ]
INFO: [ view_filter ] --START--
INFO: Run Behavior\WriteHtmlCacheBehavior [ RunTime:0.005791s ]
INFO: [ view_filter ] --END-- [ RunTime:0.005933s ]

[ 2017-03-22T15:59:23+08:00 ] 101.226.125.16 /education/index.php/Admin/Login/index.html
INFO: [ app_init ] --START--
INFO: Run Behavior\BuildLiteBehavior [ RunTime:0.000066s ]
INFO: [ app_init ] --END-- [ RunTime:0.011007s ]
INFO: [ app_begin ] --START--
INFO: Run Behavior\ReadHtmlCacheBehavior [ RunTime:0.002122s ]
INFO: [ app_begin ] --END-- [ RunTime:0.002328s ]
SQL: SHOW COLUMNS FROM `admin` [ RunTime:0.0377s ]
INFO: [ view_parse ] --START--
INFO: [ template_filter ] --START--
INFO: Run Behavior\ContentReplaceBehavior [ RunTime:0.000206s ]
INFO: [ template_filter ] --END-- [ RunTime:0.002561s ]
INFO: Run Behavior\ParseTemplateBehavior [ RunTime:0.048401s ]
INFO: [ view_parse ] --END-- [ RunTime:0.048665s ]
INFO: [ view_filter ] --START--
INFO: Run Behavior\WriteHtmlCacheBehavior [ RunTime:0.008534s ]
INFO: [ view_filter ] --END-- [ RunTime:0.008696s ]
INFO: [ app_end ] --START--
INFO: Run Behavior\ShowPageTraceBehavior [ RunTime:0.003886s ]
INFO: [ app_end ] --END-- [ RunTime:0.004098s ]

[ 2017-03-22T16:14:49+08:00 ] 10.70.10.198 /education/index.php/Admin/Login/index.html
INFO: [ app_init ] --START--
INFO: Run Behavior\BuildLiteBehavior [ RunTime:0.000885s ]
INFO: [ app_init ] --END-- [ RunTime:0.009086s ]
INFO: [ app_begin ] --START--
INFO: Run Behavior\ReadHtmlCacheBehavior [ RunTime:0.005656s ]
INFO: [ app_begin ] --END-- [ RunTime:0.005878s ]
SQL: SHOW COLUMNS FROM `admin` [ RunTime:0.0187s ]
INFO: [ view_parse ] --START--
INFO: [ template_filter ] --START--
INFO: Run Behavior\ContentReplaceBehavior [ RunTime:0.000217s ]
INFO: [ template_filter ] --END-- [ RunTime:0.000663s ]
INFO: Run Behavior\ParseTemplateBehavior [ RunTime:0.052097s ]
INFO: [ view_parse ] --END-- [ RunTime:0.052352s ]
INFO: [ view_filter ] --START--
INFO: Run Behavior\WriteHtmlCacheBehavior [ RunTime:0.006784s ]
INFO: [ view_filter ] --END-- [ RunTime:0.006931s ]
INFO: [ app_end ] --START--
INFO: Run Behavior\ShowPageTraceBehavior [ RunTime:0.006897s ]
INFO: [ app_end ] --END-- [ RunTime:0.007111s ]

[ 2017-03-22T16:14:56+08:00 ] 10.70.10.198 /education/index.php/Admin/Login/index.html
INFO: [ app_init ] --START--
INFO: Run Behavior\BuildLiteBehavior [ RunTime:0.000055s ]
INFO: [ app_init ] --END-- [ RunTime:0.007526s ]
INFO: [ app_begin ] --START--
INFO: Run Behavior\ReadHtmlCacheBehavior [ RunTime:0.007984s ]
INFO: [ app_begin ] --END-- [ RunTime:0.008247s ]
SQL: SHOW COLUMNS FROM `admin` [ RunTime:0.0067s ]
SQL: SELECT * FROM `admin` WHERE `name` = 'tt' AND `password` = '123' LIMIT 1   [ RunTime:0.0011s ]
INFO: [ view_parse ] --START--
INFO: [ template_filter ] --START--
INFO: Run Behavior\ContentReplaceBehavior [ RunTime:0.000132s ]
INFO: [ template_filter ] --END-- [ RunTime:0.000376s ]
INFO: Run Behavior\ParseTemplateBehavior [ RunTime:0.110429s ]
INFO: [ view_parse ] --END-- [ RunTime:0.110742s ]
INFO: [ view_filter ] --START--
INFO: Run Behavior\WriteHtmlCacheBehavior [ RunTime:0.023081s ]
INFO: [ view_filter ] --END-- [ RunTime:0.023270s ]
INFO: [ app_end ] --START--
INFO: Run Behavior\ShowPageTraceBehavior [ RunTime:0.010132s ]
INFO: [ app_end ] --END-- [ RunTime:0.010880s ]

[ 2017-03-22T16:14:57+08:00 ] 10.70.10.198 /education/index.php/Admin/Index/index.html
INFO: [ app_init ] --START--
INFO: Run Behavior\BuildLiteBehavior [ RunTime:0.000038s ]
INFO: [ app_init ] --END-- [ RunTime:0.001114s ]
INFO: [ app_begin ] --START--
INFO: Run Behavior\ReadHtmlCacheBehavior [ RunTime:0.002171s ]
INFO: [ app_begin ] --END-- [ RunTime:0.002412s ]
INFO: [ view_parse ] --START--
INFO: [ template_filter ] --START--
INFO: Run Behavior\ContentReplaceBehavior [ RunTime:0.000002s ]
INFO: [ template_filter ] --END-- [ RunTime:0.000009s ]
INFO: Run Behavior\ParseTemplateBehavior [ RunTime:0.067754s ]
INFO: [ view_parse ] --END-- [ RunTime:0.068140s ]
INFO: [ view_filter ] --START--
INFO: Run Behavior\WriteHtmlCacheBehavior [ RunTime:0.000662s ]
INFO: [ view_filter ] --END-- [ RunTime:0.000804s ]
INFO: [ app_end ] --START--
INFO: Run Behavior\ShowPageTraceBehavior [ RunTime:0.010330s ]
INFO: [ app_end ] --END-- [ RunTime:0.010963s ]

[ 2017-03-22T16:15:00+08:00 ] 10.70.10.198 /education/index.php/Admin/Web3/index/type/%E6%95%99%E6%94%B9%E4%B8%8E%E8%B4%A8%E9%87%8F%E5%8A%9E%E5%85%AC%E5%AE%A4.html
INFO: [ app_init ] --START--
INFO: Run Behavior\BuildLiteBehavior [ RunTime:0.000054s ]
INFO: [ app_init ] --END-- [ RunTime:0.008097s ]
INFO: [ app_begin ] --START--
INFO: Run Behavior\ReadHtmlCacheBehavior [ RunTime:0.011550s ]
INFO: [ app_begin ] --END-- [ RunTime:0.013712s ]
SQL: SHOW COLUMNS FROM `article3` [ RunTime:0.0097s ]
SQL: SELECT COUNT(*) AS tp_count FROM `article3` WHERE `type` = '教改与质量办公室' LIMIT 1   [ RunTime:0.0010s ]
SQL: SELECT * FROM `article3` WHERE `type` = '教改与质量办公室' ORDER BY id desc LIMIT 0,5   [ RunTime:0.0021s ]
INFO: [ view_parse ] --START--
INFO: [ template_filter ] --START--
INFO: Run Behavior\ContentReplaceBehavior [ RunTime:0.000320s ]
INFO: [ template_filter ] --END-- [ RunTime:0.000495s ]
INFO: Run Behavior\ParseTemplateBehavior [ RunTime:0.098788s ]
INFO: [ view_parse ] --END-- [ RunTime:0.099161s ]
INFO: [ view_filter ] --START--
INFO: Run Behavior\WriteHtmlCacheBehavior [ RunTime:0.009739s ]
INFO: [ view_filter ] --END-- [ RunTime:0.009935s ]
INFO: [ app_end ] --START--
INFO: Run Behavior\ShowPageTraceBehavior [ RunTime:0.008531s ]
INFO: [ app_end ] --END-- [ RunTime:0.008739s ]

[ 2017-03-22T16:15:02+08:00 ] 10.70.10.198 /education/index.php/Admin/Web3/edit/id/9
INFO: [ app_init ] --START--
INFO: Run Behavior\BuildLiteBehavior [ RunTime:0.000060s ]
INFO: [ app_init ] --END-- [ RunTime:0.011383s ]
INFO: [ app_begin ] --START--
INFO: Run Behavior\ReadHtmlCacheBehavior [ RunTime:0.002022s ]
INFO: [ app_begin ] --END-- [ RunTime:0.002219s ]
SQL: SHOW COLUMNS FROM `article3` [ RunTime:0.0154s ]
SQL: SELECT * FROM `article3` WHERE `id` = 9 LIMIT 1   [ RunTime:0.0014s ]
INFO: [ view_parse ] --START--
INFO: [ template_filter ] --START--
INFO: Run Behavior\ContentReplaceBehavior [ RunTime:0.000585s ]
INFO: [ template_filter ] --END-- [ RunTime:0.000878s ]
INFO: Run Behavior\ParseTemplateBehavior [ RunTime:0.089575s ]
INFO: [ view_parse ] --END-- [ RunTime:0.089903s ]
INFO: [ view_filter ] --START--
INFO: Run Behavior\WriteHtmlCacheBehavior [ RunTime:0.007219s ]
INFO: [ view_filter ] --END-- [ RunTime:0.007408s ]
INFO: [ app_end ] --START--
INFO: Run Behavior\ShowPageTraceBehavior [ RunTime:0.004125s ]
INFO: [ app_end ] --END-- [ RunTime:0.008112s ]

[ 2017-03-22T16:16:04+08:00 ] 10.70.10.198 /education/index.php/Admin/Web3/index/type/%E5%AD%A6%E7%B1%8D%E7%AE%A1%E7%90%86%E5%8A%9E%E5%85%AC%E5%AE%A4.html
INFO: [ app_init ] --START--
INFO: Run Behavior\BuildLiteBehavior [ RunTime:0.000055s ]
INFO: [ app_init ] --END-- [ RunTime:0.010994s ]
INFO: [ app_begin ] --START--
INFO: Run Behavior\ReadHtmlCacheBehavior [ RunTime:0.003398s ]
INFO: [ app_begin ] --END-- [ RunTime:0.003676s ]
SQL: SHOW COLUMNS FROM `article3` [ RunTime:0.0096s ]
SQL: SELECT COUNT(*) AS tp_count FROM `article3` WHERE `type` = '学籍管理办公室' LIMIT 1   [ RunTime:0.0009s ]
SQL: SELECT * FROM `article3` WHERE `type` = '学籍管理办公室' ORDER BY id desc LIMIT 0,5   [ RunTime:0.0011s ]
INFO: [ view_parse ] --START--
INFO: [ template_filter ] --START--
INFO: Run Behavior\ContentReplaceBehavior [ RunTime:0.000314s ]
INFO: [ template_filter ] --END-- [ RunTime:0.000496s ]
INFO: Run Behavior\ParseTemplateBehavior [ RunTime:0.092464s ]
INFO: [ view_parse ] --END-- [ RunTime:0.092776s ]
INFO: [ view_filter ] --START--
INFO: Run Behavior\WriteHtmlCacheBehavior [ RunTime:0.004964s ]
INFO: [ view_filter ] --END-- [ RunTime:0.005125s ]
INFO: [ app_end ] --START--
INFO: Run Behavior\ShowPageTraceBehavior [ RunTime:0.010531s ]
INFO: [ app_end ] --END-- [ RunTime:0.011573s ]

[ 2017-03-22T16:16:07+08:00 ] 10.70.10.198 /education/index.php/Admin/Web3/edit/id/4
INFO: [ app_init ] --START--
INFO: Run Behavior\BuildLiteBehavior [ RunTime:0.000044s ]
INFO: [ app_init ] --END-- [ RunTime:0.002131s ]
INFO: [ app_begin ] --START--
INFO: Run Behavior\ReadHtmlCacheBehavior [ RunTime:0.017284s ]
INFO: [ app_begin ] --END-- [ RunTime:0.017542s ]
SQL: SHOW COLUMNS FROM `article3` [ RunTime:0.0058s ]
SQL: SELECT * FROM `article3` WHERE `id` = 4 LIMIT 1   [ RunTime:0.0010s ]
INFO: [ view_parse ] --START--
INFO: [ template_filter ] --START--
INFO: Run Behavior\ContentReplaceBehavior [ RunTime:0.000576s ]
INFO: [ template_filter ] --END-- [ RunTime:0.000866s ]
INFO: Run Behavior\ParseTemplateBehavior [ RunTime:0.101375s ]
INFO: [ view_parse ] --END-- [ RunTime:0.101675s ]
INFO: [ view_filter ] --START--
INFO: Run Behavior\WriteHtmlCacheBehavior [ RunTime:0.002899s ]
INFO: [ view_filter ] --END-- [ RunTime:0.004113s ]
INFO: [ app_end ] --START--
INFO: Run Behavior\ShowPageTraceBehavior [ RunTime:0.016546s ]
INFO: [ app_end ] --END-- [ RunTime:0.017086s ]

[ 2017-03-22T16:16:12+08:00 ] 10.70.10.198 /education/index.php/Admin/Web3/index/type/%E5%AD%A6%E7%B1%8D%E7%AE%A1%E7%90%86%E5%8A%9E%E5%85%AC%E5%AE%A4.html
INFO: [ app_init ] --START--
INFO: Run Behavior\BuildLiteBehavior [ RunTime:0.000043s ]
INFO: [ app_init ] --END-- [ RunTime:0.001924s ]
INFO: [ app_begin ] --START--
INFO: Run Behavior\ReadHtmlCacheBehavior [ RunTime:0.010682s ]
INFO: [ app_begin ] --END-- [ RunTime:0.010909s ]
SQL: SHOW COLUMNS FROM `article3` [ RunTime:0.0046s ]
SQL: SELECT COUNT(*) AS tp_count FROM `article3` WHERE `type` = '学籍管理办公室' LIMIT 1   [ RunTime:0.0018s ]
SQL: SELECT * FROM `article3` WHERE `type` = '学籍管理办公室' ORDER BY id desc LIMIT 0,5   [ RunTime:0.0015s ]
INFO: [ view_parse ] --START--
INFO: [ template_filter ] --START--
INFO: Run Behavior\ContentReplaceBehavior [ RunTime:0.013600s ]
INFO: [ template_filter ] --END-- [ RunTime:0.015518s ]
INFO: Run Behavior\ParseTemplateBehavior [ RunTime:0.073505s ]
INFO: [ view_parse ] --END-- [ RunTime:0.073998s ]
INFO: [ view_filter ] --START--
INFO: Run Behavior\WriteHtmlCacheBehavior [ RunTime:0.009353s ]
INFO: [ view_filter ] --END-- [ RunTime:0.009540s ]
INFO: [ app_end ] --START--
INFO: Run Behavior\ShowPageTraceBehavior [ RunTime:0.007068s ]
INFO: [ app_end ] --END-- [ RunTime:0.007330s ]

[ 2017-03-22T16:16:14+08:00 ] 10.70.10.198 /education/index.php/Admin/Web3/edit/id/4
INFO: [ app_init ] --START--
INFO: Run Behavior\BuildLiteBehavior [ RunTime:0.000052s ]
INFO: [ app_init ] --END-- [ RunTime:0.009061s ]
INFO: [ app_begin ] --START--
INFO: Run Behavior\ReadHtmlCacheBehavior [ RunTime:0.006811s ]
INFO: [ app_begin ] --END-- [ RunTime:0.008883s ]
SQL: SHOW COLUMNS FROM `article3` [ RunTime:0.0056s ]
SQL: SELECT * FROM `article3` WHERE `id` = 4 LIMIT 1   [ RunTime:0.0008s ]
INFO: [ view_parse ] --START--
INFO: [ template_filter ] --START--
INFO: Run Behavior\ContentReplaceBehavior [ RunTime:0.000576s ]
INFO: [ template_filter ] --END-- [ RunTime:0.000835s ]
INFO: Run Behavior\ParseTemplateBehavior [ RunTime:0.037949s ]
INFO: [ view_parse ] --END-- [ RunTime:0.038303s ]
INFO: [ view_filter ] --START--
INFO: Run Behavior\WriteHtmlCacheBehavior [ RunTime:0.000634s ]
INFO: [ view_filter ] --END-- [ RunTime:0.000767s ]
INFO: [ app_end ] --START--
INFO: Run Behavior\ShowPageTraceBehavior [ RunTime:0.006612s ]
INFO: [ app_end ] --END-- [ RunTime:0.006803s ]

[ 2017-03-22T16:17:05+08:00 ] 10.70.10.198 /education/index.php/Admin/Web3/edit/id/4
INFO: [ app_init ] --START--
INFO: Run Behavior\BuildLiteBehavior [ RunTime:0.000054s ]
INFO: [ app_init ] --END-- [ RunTime:0.011940s ]
INFO: [ app_begin ] --START--
INFO: Run Behavior\ReadHtmlCacheBehavior [ RunTime:0.005264s ]
INFO: [ app_begin ] --END-- [ RunTime:0.005499s ]
SQL: SHOW COLUMNS FROM `article3` [ RunTime:0.0104s ]
SQL: SELECT * FROM `article3` WHERE `id` = 4 LIMIT 1   [ RunTime:0.0021s ]
NOTIC: [8] Undefined index: validate E:\htdocs\education\ThinkPHP\Library\Think\Model.class.php 第 1185 行.
NOTIC: [8] Undefined index: auto E:\htdocs\education\ThinkPHP\Library\Think\Model.class.php 第 1128 行.
SQL: UPDATE `article3` SET `title`='学历学位审核流程',`author`='文华教务处',`resource`='教务网',`content`='&lt;p&gt;&lt;img title=&quot;1490170621438063.jpg&quot; alt=&quot;93358657868913.jpg&quot; src=&quot;/ueditor/php/upload/image/20170322/1490170621438063.jpg&quot;/&gt;&lt;/p&gt;' WHERE `id` = 4 [ RunTime:0.0415s ]
INFO: [ view_parse ] --START--
INFO: [ template_filter ] --START--
INFO: Run Behavior\ContentReplaceBehavior [ RunTime:0.000187s ]
INFO: [ template_filter ] --END-- [ RunTime:0.000489s ]
INFO: Run Behavior\ParseTemplateBehavior [ RunTime:0.060546s ]
INFO: [ view_parse ] --END-- [ RunTime:0.060887s ]
INFO: [ view_filter ] --START--
INFO: Run Behavior\WriteHtmlCacheBehavior [ RunTime:0.010573s ]
INFO: [ view_filter ] --END-- [ RunTime:0.011624s ]
INFO: [ app_end ] --START--
INFO: Run Behavior\ShowPageTraceBehavior [ RunTime:0.008571s ]
INFO: [ app_end ] --END-- [ RunTime:0.008840s ]

[ 2017-03-22T16:17:06+08:00 ] 10.70.10.198 /education/index.php/Admin/Web3/index/type/%E5%AD%A6%E7%B1%8D%E7%AE%A1%E7%90%86%E5%8A%9E%E5%85%AC%E5%AE%A4.html
INFO: [ app_init ] --START--
INFO: Run Behavior\BuildLiteBehavior [ RunTime:0.000054s ]
INFO: [ app_init ] --END-- [ RunTime:0.009650s ]
INFO: [ app_begin ] --START--
INFO: Run Behavior\ReadHtmlCacheBehavior [ RunTime:0.003983s ]
INFO: [ app_begin ] --END-- [ RunTime:0.004237s ]
SQL: SHOW COLUMNS FROM `article3` [ RunTime:0.0300s ]
SQL: SELECT COUNT(*) AS tp_count FROM `article3` WHERE `type` = '学籍管理办公室' LIMIT 1   [ RunTime:0.0029s ]
SQL: SELECT * FROM `article3` WHERE `type` = '学籍管理办公室' ORDER BY id desc LIMIT 0,5   [ RunTime:0.0012s ]
INFO: [ view_parse ] --START--
INFO: [ template_filter ] --START--
INFO: Run Behavior\ContentReplaceBehavior [ RunTime:0.000326s ]
INFO: [ template_filter ] --END-- [ RunTime:0.000552s ]
INFO: Run Behavior\ParseTemplateBehavior [ RunTime:0.126954s ]
INFO: [ view_parse ] --END-- [ RunTime:0.127932s ]
INFO: [ view_filter ] --START--
INFO: Run Behavior\WriteHtmlCacheBehavior [ RunTime:0.001587s ]
INFO: [ view_filter ] --END-- [ RunTime:0.001753s ]
INFO: [ app_end ] --START--
INFO: Run Behavior\ShowPageTraceBehavior [ RunTime:0.002631s ]
INFO: [ app_end ] --END-- [ RunTime:0.002901s ]

